[ 2018-04-19T11:00:32+08:00 ] 127.0.0.1 127.0.0.1 GET /public/index.php
[ log ] dzc.cms.com/public/index.php [运行时间：0.329019s][吞吐率：3.04req/s] [内存消耗：5,613.99kb] [文件加载：56]
[ info ] [ LANG ] D:\wamp64\www\cms\thinkphp\lang\zh-cn.php
[ info ] [ ROUTE ] array (
  'type' => 'module',
  'module' => 
  array (
    0 => '',
    1 => NULL,
    2 => NULL,
  ),
)
[ info ] [ HEADER ] array (
  'host' => 'dzc.cms.com',
  'connection' => 'keep-alive',
  'upgrade-insecure-requests' => '1',
  'user-agent' => 'Mozilla/5.0 (Windows NT 6.1; Win64; x64) AppleWebKit/537.36 (KHTML, like Gecko) Chrome/60.0.3112.101 Safari/537.36',
  'accept' => 'text/html,application/xhtml+xml,application/xml;q=0.9,image/webp,image/apng,*/*;q=0.8',
  'accept-encoding' => 'gzip, deflate',
  'accept-language' => 'zh-CN,zh;q=0.8',
)
[ info ] [ PARAM ] array (
)
[ info ] [ DB ] INIT mysql
[ info ] [ DB ] INIT mysql
[ info ] [ DB ] INIT mysql
[ info ] [ DB ] INIT mysql
[ info ] [ DB ] INIT mysql
[ info ] [ DB ] INIT mysql
[ info ] [ DB ] INIT mysql
[ info ] [ DB ] INIT mysql
[ info ] [ DB ] INIT mysql
[ info ] [ DB ] INIT mysql
[ info ] [ RUN ] app\index\controller\Index->index[ D:\wamp64\www\cms\application\index\controller\Index.php ]
[ info ] [ DB ] INIT mysql
[ info ] [ DB ] INIT mysql
[ info ] [ DB ] INIT mysql
[ info ] [ DB ] INIT mysql
[ info ] [ DB ] INIT mysql
[ info ] [ VIEW ] ../template/default/index.htm [ array (
  0 => 'temp',
  1 => 'temp_src',
  2 => 'cateRes',
  3 => 'botCateRes',
  4 => 'confs',
  5 => 'topcid',
  6 => 'about',
  7 => 'service',
  8 => 'news',
  9 => 'proRes',
  10 => 'adStr',
) ]
[ info ] [ LOG ] INIT File
[ sql ] [ DB ] CONNECT:[ UseTime:0.023001s ] mysql:dbname=cms;host=localhost;charset=utf8
[ sql ] [ SQL ] SHOW COLUMNS FROM `tp_conf` [ RunTime:0.005000s ]
[ sql ] [ SQL ] SELECT `value` FROM `tp_conf` WHERE  `ename` = 'temp' LIMIT 1 [ RunTime:0.001000s ]
[ sql ] [ DB ] CONNECT:[ UseTime:0.012001s ] mysql:dbname=cms;host=localhost;charset=utf8
[ sql ] [ SQL ] SHOW COLUMNS FROM `tp_cate` [ RunTime:0.005000s ]
[ sql ] [ SQL ] SELECT * FROM `tp_cate` WHERE  `pid` = 0  AND `status` = 1 [ RunTime:0.001000s ]
[ sql ] [ DB ] CONNECT:[ UseTime:0.011000s ] mysql:dbname=cms;host=localhost;charset=utf8
[ sql ] [ SQL ] SELECT * FROM `tp_cate` WHERE  `pid` = 1  AND `status` = 1 [ RunTime:0.001000s ]
[ sql ] [ DB ] CONNECT:[ UseTime:0.002000s ] mysql:dbname=cms;host=localhost;charset=utf8
[ sql ] [ SQL ] SELECT * FROM `tp_cate` WHERE  `pid` = 5  AND `status` = 1 [ RunTime:0.001000s ]
[ sql ] [ DB ] CONNECT:[ UseTime:0.004000s ] mysql:dbname=cms;host=localhost;charset=utf8
[ sql ] [ SQL ] SELECT * FROM `tp_cate` WHERE  `pid` = 8  AND `status` = 1 [ RunTime:0.000000s ]
[ sql ] [ DB ] CONNECT:[ UseTime:0.012001s ] mysql:dbname=cms;host=localhost;charset=utf8
[ sql ] [ SQL ] SELECT * FROM `tp_cate` WHERE  `pid` = 11  AND `status` = 1 [ RunTime:0.001000s ]
[ sql ] [ DB ] CONNECT:[ UseTime:0.012000s ] mysql:dbname=cms;host=localhost;charset=utf8
[ sql ] [ SQL ] SELECT * FROM `tp_cate` WHERE  `pid` = 13  AND `status` = 1 [ RunTime:0.001000s ]
[ sql ] [ DB ] CONNECT:[ UseTime:0.011001s ] mysql:dbname=cms;host=localhost;charset=utf8
[ sql ] [ SQL ] SELECT * FROM `tp_cate` WHERE  `pid` = 0  AND `status` = 1  AND `bottom_nav` = 1 [ RunTime:0.001000s ]
[ sql ] [ DB ] CONNECT:[ UseTime:0.012001s ] mysql:dbname=cms;host=localhost;charset=utf8
[ sql ] [ SQL ] SELECT * FROM `tp_cate` WHERE  `pid` = 1  AND `status` = 1 [ RunTime:0.001000s ]
[ sql ] [ DB ] CONNECT:[ UseTime:0.011000s ] mysql:dbname=cms;host=localhost;charset=utf8
[ sql ] [ SQL ] SELECT `ename`,`value` FROM `tp_conf` [ RunTime:0.001001s ]
[ sql ] [ DB ] CONNECT:[ UseTime:0.003000s ] mysql:dbname=cms;host=localhost;charset=utf8
[ sql ] [ SQL ] SELECT `content` FROM `tp_cate` WHERE  `id` = 1 LIMIT 1 [ RunTime:0.001000s ]
[ sql ] [ SQL ] SELECT `content` FROM `tp_cate` WHERE  `id` = 8 LIMIT 1 [ RunTime:0.000000s ]
[ sql ] [ DB ] CONNECT:[ UseTime:0.012001s ] mysql:dbname=cms;host=localhost;charset=utf8
[ sql ] [ SQL ] SHOW COLUMNS FROM `tp_archives` [ RunTime:0.003000s ]
[ sql ] [ SQL ] SELECT * FROM `tp_archives` WHERE  `cate_id` = 5 ORDER BY id desc LIMIT 1 [ RunTime:0.000000s ]
[ sql ] [ DB ] CONNECT:[ UseTime:0.012001s ] mysql:dbname=cms;host=localhost;charset=utf8
[ sql ] [ SQL ] SELECT * FROM `tp_archives` WHERE  `cate_id` IN (0,9,10) ORDER BY click desc LIMIT 10 [ RunTime:0.002000s ]
[ sql ] [ DB ] CONNECT:[ UseTime:0.012001s ] mysql:dbname=cms;host=localhost;charset=utf8
[ sql ] [ SQL ] SHOW COLUMNS FROM `tp_ad` [ RunTime:0.002000s ]
[ sql ] [ SQL ] SELECT * FROM `tp_ad` WHERE  `adpos_id` = 8  AND `on` = 1 LIMIT 1 [ RunTime:0.001000s ]
[ sql ] [ DB ] CONNECT:[ UseTime:0.012001s ] mysql:dbname=cms;host=localhost;charset=utf8
[ sql ] [ SQL ] SHOW COLUMNS FROM `tp_adflash` [ RunTime:0.002000s ]
[ sql ] [ SQL ] SELECT * FROM `tp_adflash` WHERE  `ad_id` = 68 [ RunTime:0.000000s ]

---------------------------------------------------------------
