[ 2018-08-24T08:53:22+08:00 ] 127.0.0.1 127.0.0.1 GET /public/index.php
[ log ] dzc.jituan.com/public/index.php [运行时间：0.258014s][吞吐率：3.88req/s] [内存消耗：6,076.10kb] [文件加载：56]
[ info ] [ LANG ] D:\wamp64\www\jituan\thinkphp\lang\zh-cn.php
[ info ] [ ROUTE ] array (
  'type' => 'module',
  'module' => 
  array (
    0 => '',
    1 => NULL,
    2 => NULL,
  ),
)
[ info ] [ HEADER ] array (
  'host' => 'dzc.jituan.com',
  'connection' => 'keep-alive',
  'upgrade-insecure-requests' => '1',
  'user-agent' => 'Mozilla/5.0 (Windows NT 6.1; Win64; x64) AppleWebKit/537.36 (KHTML, like Gecko) Chrome/68.0.3440.106 Safari/537.36',
  'accept' => 'text/html,application/xhtml+xml,application/xml;q=0.9,image/webp,image/apng,*/*;q=0.8',
  'accept-encoding' => 'gzip, deflate',
  'accept-language' => 'zh-CN,zh;q=0.9',
)
[ info ] [ PARAM ] array (
)
[ info ] [ DB ] INIT mysql
[ info ] [ DB ] INIT mysql
[ info ] [ DB ] INIT mysql
[ info ] [ DB ] INIT mysql
[ info ] [ DB ] INIT mysql
[ info ] [ DB ] INIT mysql
[ info ] [ DB ] INIT mysql
[ info ] [ DB ] INIT mysql
[ info ] [ DB ] INIT mysql
[ info ] [ RUN ] app\index\controller\Index->index[ D:\wamp64\www\jituan\application\index\controller\Index.php ]
[ info ] [ DB ] INIT mysql
[ info ] [ DB ] INIT mysql
[ info ] [ DB ] INIT mysql
[ info ] [ DB ] INIT mysql
[ info ] [ DB ] INIT mysql
[ info ] [ DB ] INIT mysql
[ info ] [ DB ] INIT mysql
[ info ] [ DB ] INIT mysql
[ info ] [ DB ] INIT mysql
[ info ] [ DB ] INIT mysql
[ info ] [ DB ] INIT mysql
[ info ] [ VIEW ] ../template/default/index.htm [ array (
  0 => 'temp',
  1 => 'temp_src',
  2 => 'cateRes',
  3 => 'botCateRes',
  4 => 'confs',
  5 => 'topcid',
  6 => 'about',
  7 => 'service',
  8 => 'news',
  9 => 'proRes',
  10 => 'adStr',
  11 => 'img_Res',
  12 => 'xinwen',
  13 => 'jiaoyu',
  14 => 'jituan_cates',
  15 => 'jituan_abouts',
) ]
[ info ] [ VIEW ] ../template/default/index.htm [ array (
  0 => 'temp',
  1 => 'temp_src',
  2 => 'cateRes',
  3 => 'botCateRes',
  4 => 'confs',
  5 => 'topcid',
  6 => 'about',
  7 => 'service',
  8 => 'news',
  9 => 'proRes',
  10 => 'adStr',
  11 => 'img_Res',
  12 => 'xinwen',
  13 => 'jiaoyu',
  14 => 'jituan_cates',
  15 => 'jituan_abouts',
) ]
[ info ] [ LOG ] INIT File
[ sql ] [ DB ] CONNECT:[ UseTime:0.011001s ] mysql:dbname=jituan;host=localhost;charset=utf8
[ sql ] [ SQL ] SHOW COLUMNS FROM `tp_conf` [ RunTime:0.005000s ]
[ sql ] [ SQL ] SELECT `value` FROM `tp_conf` WHERE  `ename` = 'temp' LIMIT 1 [ RunTime:0.001000s ]
[ sql ] [ DB ] CONNECT:[ UseTime:0.003000s ] mysql:dbname=jituan;host=localhost;charset=utf8
[ sql ] [ SQL ] SHOW COLUMNS FROM `tp_cate` [ RunTime:0.005001s ]
[ sql ] [ SQL ] SELECT * FROM `tp_cate` WHERE  `pid` = 0  AND `status` = 1 ORDER BY sort desc [ RunTime:0.002000s ]
[ sql ] [ DB ] CONNECT:[ UseTime:0.003000s ] mysql:dbname=jituan;host=localhost;charset=utf8
[ sql ] [ SQL ] SELECT * FROM `tp_cate` WHERE  `pid` = 1  AND `status` = 1 ORDER BY sort desc [ RunTime:0.002000s ]
[ sql ] [ DB ] CONNECT:[ UseTime:0.003000s ] mysql:dbname=jituan;host=localhost;charset=utf8
[ sql ] [ SQL ] SELECT * FROM `tp_cate` WHERE  `pid` = 5  AND `status` = 1 ORDER BY sort desc [ RunTime:0.001001s ]
[ sql ] [ DB ] CONNECT:[ UseTime:0.002000s ] mysql:dbname=jituan;host=localhost;charset=utf8
[ sql ] [ SQL ] SELECT * FROM `tp_cate` WHERE  `pid` = 8  AND `status` = 1 ORDER BY sort desc [ RunTime:0.001000s ]
[ sql ] [ DB ] CONNECT:[ UseTime:0.002000s ] mysql:dbname=jituan;host=localhost;charset=utf8
[ sql ] [ SQL ] SELECT * FROM `tp_cate` WHERE  `pid` = 13  AND `status` = 1 ORDER BY sort desc [ RunTime:0.001000s ]
[ sql ] [ DB ] CONNECT:[ UseTime:0.002000s ] mysql:dbname=jituan;host=localhost;charset=utf8
[ sql ] [ SQL ] SELECT * FROM `tp_cate` WHERE  `pid` = 0  AND `status` = 1  AND `bottom_nav` = 1 [ RunTime:0.001000s ]
[ sql ] [ DB ] CONNECT:[ UseTime:0.001000s ] mysql:dbname=jituan;host=localhost;charset=utf8
[ sql ] [ SQL ] SELECT * FROM `tp_cate` WHERE  `pid` = 1  AND `status` = 1 ORDER BY sort desc [ RunTime:0.001000s ]
[ sql ] [ DB ] CONNECT:[ UseTime:0.002001s ] mysql:dbname=jituan;host=localhost;charset=utf8
[ sql ] [ SQL ] SELECT `ename`,`value` FROM `tp_conf` [ RunTime:0.000000s ]
[ sql ] [ DB ] CONNECT:[ UseTime:0.002000s ] mysql:dbname=jituan;host=localhost;charset=utf8
[ sql ] [ SQL ] SHOW COLUMNS FROM `tp_archives` [ RunTime:0.003000s ]
[ sql ] [ SQL ] SELECT * FROM `tp_archives` WHERE  `cate_id` IN (5,6,7) ORDER BY time desc [ RunTime:0.001000s ]
[ sql ] [ DB ] CONNECT:[ UseTime:0.002000s ] mysql:dbname=jituan;host=localhost;charset=utf8
[ sql ] [ SQL ] SELECT * FROM `tp_archives` WHERE  `cate_id` = 11 ORDER BY id desc [ RunTime:0.001000s ]
[ sql ] [ DB ] CONNECT:[ UseTime:0.002000s ] mysql:dbname=jituan;host=localhost;charset=utf8
[ sql ] [ SQL ] SELECT * FROM `tp_cate` WHERE  `id` = 20 ORDER BY id desc [ RunTime:0.001000s ]
[ sql ] [ DB ] CONNECT:[ UseTime:0.003000s ] mysql:dbname=jituan;host=localhost;charset=utf8
[ sql ] [ SQL ] SELECT `content` FROM `tp_cate` WHERE  `id` = 8 LIMIT 1 [ RunTime:0.000000s ]
[ sql ] [ DB ] CONNECT:[ UseTime:0.002000s ] mysql:dbname=jituan;host=localhost;charset=utf8
[ sql ] [ SQL ] SELECT * FROM `tp_archives` WHERE  `cate_id` = 5 ORDER BY id desc LIMIT 1 [ RunTime:0.001000s ]
[ sql ] [ DB ] CONNECT:[ UseTime:0.002000s ] mysql:dbname=jituan;host=localhost;charset=utf8
[ sql ] [ SQL ] SELECT * FROM `tp_archives` WHERE  `cate_id` IN (0,9,10) ORDER BY click desc LIMIT 10 [ RunTime:0.001000s ]
[ sql ] [ DB ] CONNECT:[ UseTime:0.002000s ] mysql:dbname=jituan;host=localhost;charset=utf8
[ sql ] [ SQL ] SHOW COLUMNS FROM `tp_ad` [ RunTime:0.002001s ]
[ sql ] [ SQL ] SELECT * FROM `tp_ad` WHERE  `adpos_id` IN (8,10)  AND `on` = 1 ORDER BY id desc [ RunTime:0.001000s ]
[ sql ] [ DB ] CONNECT:[ UseTime:0.002000s ] mysql:dbname=jituan;host=localhost;charset=utf8
[ sql ] [ SQL ] SHOW COLUMNS FROM `tp_adflash` [ RunTime:0.002000s ]
[ sql ] [ SQL ] SELECT * FROM `tp_adflash` WHERE  `ad_id` = 77 ORDER BY id desc [ RunTime:0.000000s ]
[ sql ] [ DB ] CONNECT:[ UseTime:0.002000s ] mysql:dbname=jituan;host=localhost;charset=utf8
[ sql ] [ SQL ] SELECT * FROM `tp_adflash` WHERE  `ad_id` = 76 ORDER BY id desc [ RunTime:0.001000s ]
[ sql ] [ DB ] CONNECT:[ UseTime:0.002000s ] mysql:dbname=jituan;host=localhost;charset=utf8
[ sql ] [ SQL ] SELECT * FROM `tp_cate` WHERE  `pid` = 8 ORDER BY sort desc [ RunTime:0.000000s ]
[ sql ] [ DB ] CONNECT:[ UseTime:0.002001s ] mysql:dbname=jituan;host=localhost;charset=utf8
[ sql ] [ SQL ] SELECT * FROM `tp_cate` WHERE  `pid` = 1 ORDER BY sort desc [ RunTime:0.001000s ]

---------------------------------------------------------------
[ 2018-08-24T08:53:26+08:00 ] 127.0.0.1 127.0.0.1 GET /public/index.php/admin
[ log ] dzc.jituan.com/public/index.php/admin [运行时间：0.056004s][吞吐率：17.86req/s] [内存消耗：3,073.70kb] [文件加载：48]
[ info ] [ LANG ] D:\wamp64\www\jituan\thinkphp\lang\zh-cn.php
[ info ] [ ROUTE ] array (
  'type' => 'module',
  'module' => 
  array (
    0 => 'admin',
    1 => NULL,
    2 => NULL,
  ),
)
[ info ] [ HEADER ] array (
  'host' => 'dzc.jituan.com',
  'connection' => 'keep-alive',
  'upgrade-insecure-requests' => '1',
  'user-agent' => 'Mozilla/5.0 (Windows NT 6.1; Win64; x64) AppleWebKit/537.36 (KHTML, like Gecko) Chrome/68.0.3440.106 Safari/537.36',
  'accept' => 'text/html,application/xhtml+xml,application/xml;q=0.9,image/webp,image/apng,*/*;q=0.8',
  'accept-encoding' => 'gzip, deflate',
  'accept-language' => 'zh-CN,zh;q=0.9',
)
[ info ] [ PARAM ] array (
)
[ info ] [ SESSION ] INIT array (
  'id' => '',
  'var_session_id' => '',
  'prefix' => 'think',
  'type' => '',
  'auto_start' => true,
)
[ info ] [ VIEW ] D:\wamp64\www\jituan\thinkphp\tpl\dispatch_jump.tpl [ array (
  0 => 'code',
  1 => 'msg',
  2 => 'data',
  3 => 'url',
  4 => 'wait',
) ]
[ info ] [ LOG ] INIT File

---------------------------------------------------------------
[ 2018-08-24T08:53:27+08:00 ] 127.0.0.1 127.0.0.1 GET /public/index.php/admin
[ log ] dzc.jituan.com/public/index.php/admin [运行时间：0.040002s][吞吐率：25.00req/s] [内存消耗：3,073.69kb] [文件加载：48]
[ info ] [ LANG ] D:\wamp64\www\jituan\thinkphp\lang\zh-cn.php
[ info ] [ ROUTE ] array (
  'type' => 'module',
  'module' => 
  array (
    0 => 'admin',
    1 => NULL,
    2 => NULL,
  ),
)
[ info ] [ HEADER ] array (
  'host' => 'dzc.jituan.com',
  'connection' => 'keep-alive',
  'upgrade-insecure-requests' => '1',
  'user-agent' => 'Mozilla/5.0 (Windows NT 6.1; Win64; x64) AppleWebKit/537.36 (KHTML, like Gecko) Chrome/68.0.3440.106 Safari/537.36',
  'accept' => 'text/html,application/xhtml+xml,application/xml;q=0.9,image/webp,image/apng,*/*;q=0.8',
  'accept-encoding' => 'gzip, deflate',
  'accept-language' => 'zh-CN,zh;q=0.9',
  'cookie' => 'PHPSESSID=ckmikckqmnc1q0as47b7c5i8o1',
)
[ info ] [ PARAM ] array (
)
[ info ] [ SESSION ] INIT array (
  'id' => '',
  'var_session_id' => '',
  'prefix' => 'think',
  'type' => '',
  'auto_start' => true,
)
[ info ] [ VIEW ] D:\wamp64\www\jituan\thinkphp\tpl\dispatch_jump.tpl [ array (
  0 => 'code',
  1 => 'msg',
  2 => 'data',
  3 => 'url',
  4 => 'wait',
) ]
[ info ] [ LOG ] INIT File

---------------------------------------------------------------
[ 2018-08-24T08:53:28+08:00 ] 127.0.0.1 127.0.0.1 GET /public/index.php/admin/login/index.html
[ log ] dzc.jituan.com/public/index.php/admin/login/index.html [运行时间：0.058003s][吞吐率：17.24req/s] [内存消耗：3,078.34kb] [文件加载：47]
[ info ] [ LANG ] D:\wamp64\www\jituan\thinkphp\lang\zh-cn.php
[ info ] [ ROUTE ] array (
  'type' => 'module',
  'module' => 
  array (
    0 => 'admin',
    1 => 'login',
    2 => 'index',
  ),
)
[ info ] [ HEADER ] array (
  'host' => 'dzc.jituan.com',
  'connection' => 'keep-alive',
  'upgrade-insecure-requests' => '1',
  'user-agent' => 'Mozilla/5.0 (Windows NT 6.1; Win64; x64) AppleWebKit/537.36 (KHTML, like Gecko) Chrome/68.0.3440.106 Safari/537.36',
  'accept' => 'text/html,application/xhtml+xml,application/xml;q=0.9,image/webp,image/apng,*/*;q=0.8',
  'referer' => 'http://dzc.jituan.com/public/index.php/admin',
  'accept-encoding' => 'gzip, deflate',
  'accept-language' => 'zh-CN,zh;q=0.9',
  'cookie' => 'PHPSESSID=ckmikckqmnc1q0as47b7c5i8o1',
)
[ info ] [ PARAM ] array (
)
[ info ] [ RUN ] app\admin\controller\Login->index[ D:\wamp64\www\jituan\application\admin\controller\Login.php ]
[ info ] [ SESSION ] INIT array (
  'id' => '',
  'var_session_id' => '',
  'prefix' => 'think',
  'type' => '',
  'auto_start' => true,
)
[ info ] [ VIEW ] D:\wamp64\www\jituan\public/../application/admin\view\login\index.htm [ array (
) ]
[ info ] [ LOG ] INIT File

---------------------------------------------------------------
[ 2018-08-24T08:53:28+08:00 ] 127.0.0.1 127.0.0.1 GET /public/index.php/captcha.html
[ log ] dzc.jituan.com/public/index.php/captcha.html [运行时间：0.093005s][吞吐率：10.75req/s] [内存消耗：2,531.73kb] [文件加载：38]
[ info ] [ LANG ] D:\wamp64\www\jituan\thinkphp\lang\zh-cn.php
[ info ] [ ROUTE ] array (
  'type' => 'method',
  'method' => 
  array (
    0 => '\\think\\captcha\\CaptchaController',
    1 => 'index',
  ),
  'var' => 
  array (
  ),
)
[ info ] [ HEADER ] array (
  'host' => 'dzc.jituan.com',
  'connection' => 'keep-alive',
  'user-agent' => 'Mozilla/5.0 (Windows NT 6.1; Win64; x64) AppleWebKit/537.36 (KHTML, like Gecko) Chrome/68.0.3440.106 Safari/537.36',
  'accept' => 'image/webp,image/apng,image/*,*/*;q=0.8',
  'referer' => 'http://dzc.jituan.com/public/index.php/admin/login/index.html',
  'accept-encoding' => 'gzip, deflate',
  'accept-language' => 'zh-CN,zh;q=0.9',
  'cookie' => 'PHPSESSID=ckmikckqmnc1q0as47b7c5i8o1',
)
[ info ] [ PARAM ] array (
  'id' => NULL,
)
[ info ] [ RUN ] think\captcha\CaptchaController->index[ D:\wamp64\www\jituan\vendor\topthink\think-captcha\src\CaptchaController.php ]
[ info ] [ SESSION ] INIT array (
  'id' => '',
  'var_session_id' => '',
  'prefix' => 'think',
  'type' => '',
  'auto_start' => true,
)
[ info ] [ LOG ] INIT File

---------------------------------------------------------------
[ 2018-08-24T08:53:33+08:00 ] 127.0.0.1 127.0.0.1 POST /public/index.php/admin/login/index.html
[ log ] dzc.jituan.com/public/index.php/admin/login/index.html [运行时间：0.117006s][吞吐率：8.55req/s] [内存消耗：4,976.23kb] [文件加载：57]
[ info ] [ LANG ] D:\wamp64\www\jituan\thinkphp\lang\zh-cn.php
[ info ] [ ROUTE ] array (
  'type' => 'module',
  'module' => 
  array (
    0 => 'admin',
    1 => 'login',
    2 => 'index',
  ),
)
[ info ] [ HEADER ] array (
  'host' => 'dzc.jituan.com',
  'connection' => 'keep-alive',
  'content-length' => '38',
  'cache-control' => 'max-age=0',
  'origin' => 'http://dzc.jituan.com',
  'upgrade-insecure-requests' => '1',
  'content-type' => 'application/x-www-form-urlencoded',
  'user-agent' => 'Mozilla/5.0 (Windows NT 6.1; Win64; x64) AppleWebKit/537.36 (KHTML, like Gecko) Chrome/68.0.3440.106 Safari/537.36',
  'accept' => 'text/html,application/xhtml+xml,application/xml;q=0.9,image/webp,image/apng,*/*;q=0.8',
  'referer' => 'http://dzc.jituan.com/public/index.php/admin/login/index.html',
  'accept-encoding' => 'gzip, deflate',
  'accept-language' => 'zh-CN,zh;q=0.9',
  'cookie' => 'PHPSESSID=ckmikckqmnc1q0as47b7c5i8o1',
)
[ info ] [ PARAM ] array (
  'uname' => 'admin',
  'password' => '8486226',
  'code' => '6583',
)
[ info ] [ RUN ] app\admin\controller\Login->index[ D:\wamp64\www\jituan\application\admin\controller\Login.php ]
[ info ] [ SESSION ] INIT array (
  'id' => '',
  'var_session_id' => '',
  'prefix' => 'think',
  'type' => '',
  'auto_start' => true,
)
[ info ] [ DB ] INIT mysql
[ info ] [ VIEW ] D:\wamp64\www\jituan\thinkphp\tpl\dispatch_jump.tpl [ array (
  0 => 'code',
  1 => 'msg',
  2 => 'data',
  3 => 'url',
  4 => 'wait',
) ]
[ info ] [ LOG ] INIT File
[ sql ] [ DB ] CONNECT:[ UseTime:0.002000s ] mysql:dbname=jituan;host=localhost;charset=utf8
[ sql ] [ SQL ] SHOW COLUMNS FROM `tp_admin` [ RunTime:0.003000s ]
[ sql ] [ SQL ] SELECT * FROM `tp_admin` WHERE  `uname` = 'admin' LIMIT 1 [ RunTime:0.000000s ]

---------------------------------------------------------------
[ 2018-08-24T08:53:34+08:00 ] 127.0.0.1 127.0.0.1 GET /public/index.php/admin/index/index.html
[ log ] dzc.jituan.com/public/index.php/admin/index/index.html [运行时间：0.135007s][吞吐率：7.41req/s] [内存消耗：4,408.02kb] [文件加载：55]
[ info ] [ LANG ] D:\wamp64\www\jituan\thinkphp\lang\zh-cn.php
[ info ] [ ROUTE ] array (
  'type' => 'module',
  'module' => 
  array (
    0 => 'admin',
    1 => 'index',
    2 => 'index',
  ),
)
[ info ] [ HEADER ] array (
  'host' => 'dzc.jituan.com',
  'connection' => 'keep-alive',
  'upgrade-insecure-requests' => '1',
  'user-agent' => 'Mozilla/5.0 (Windows NT 6.1; Win64; x64) AppleWebKit/537.36 (KHTML, like Gecko) Chrome/68.0.3440.106 Safari/537.36',
  'accept' => 'text/html,application/xhtml+xml,application/xml;q=0.9,image/webp,image/apng,*/*;q=0.8',
  'referer' => 'http://dzc.jituan.com/public/index.php/admin/login/index.html',
  'accept-encoding' => 'gzip, deflate',
  'accept-language' => 'zh-CN,zh;q=0.9',
  'cookie' => 'PHPSESSID=ckmikckqmnc1q0as47b7c5i8o1',
)
[ info ] [ PARAM ] array (
)
[ info ] [ SESSION ] INIT array (
  'id' => '',
  'var_session_id' => '',
  'prefix' => 'think',
  'type' => '',
  'auto_start' => true,
)
[ info ] [ DB ] INIT mysql
[ info ] [ RUN ] app\admin\controller\Index->index[ D:\wamp64\www\jituan\application\admin\controller\Index.php ]
[ info ] [ VIEW ] D:\wamp64\www\jituan\public/../application/admin\view\index\index.htm [ array (
  0 => 'con',
  1 => 'name',
) ]
[ info ] [ LOG ] INIT File
[ sql ] [ DB ] CONNECT:[ UseTime:0.002001s ] mysql:dbname=jituan;host=localhost;charset=utf8
[ sql ] [ SQL ] SHOW COLUMNS FROM `tp_conf` [ RunTime:0.001000s ]
[ sql ] [ SQL ] SELECT `ename`,`value` FROM `tp_conf` [ RunTime:0.001000s ]

---------------------------------------------------------------
[ 2018-08-24T08:53:37+08:00 ] 127.0.0.1 127.0.0.1 GET /public/index.php/admin/conf/conflst.html
[ log ] dzc.jituan.com/public/index.php/admin/conf/conflst.html [运行时间：0.115007s][吞吐率：8.70req/s] [内存消耗：4,549.00kb] [文件加载：55]
[ info ] [ LANG ] D:\wamp64\www\jituan\thinkphp\lang\zh-cn.php
[ info ] [ ROUTE ] array (
  'type' => 'module',
  'module' => 
  array (
    0 => 'admin',
    1 => 'conf',
    2 => 'conflst',
  ),
)
[ info ] [ HEADER ] array (
  'host' => 'dzc.jituan.com',
  'connection' => 'keep-alive',
  'upgrade-insecure-requests' => '1',
  'user-agent' => 'Mozilla/5.0 (Windows NT 6.1; Win64; x64) AppleWebKit/537.36 (KHTML, like Gecko) Chrome/68.0.3440.106 Safari/537.36',
  'accept' => 'text/html,application/xhtml+xml,application/xml;q=0.9,image/webp,image/apng,*/*;q=0.8',
  'referer' => 'http://dzc.jituan.com/public/index.php/admin/index/index.html',
  'accept-encoding' => 'gzip, deflate',
  'accept-language' => 'zh-CN,zh;q=0.9',
  'cookie' => 'PHPSESSID=ckmikckqmnc1q0as47b7c5i8o1',
)
[ info ] [ PARAM ] array (
)
[ info ] [ SESSION ] INIT array (
  'id' => '',
  'var_session_id' => '',
  'prefix' => 'think',
  'type' => '',
  'auto_start' => true,
)
[ info ] [ DB ] INIT mysql
[ info ] [ RUN ] app\admin\controller\Conf->conflst[ D:\wamp64\www\jituan\application\admin\controller\Conf.php ]
[ info ] [ DB ] INIT mysql
[ info ] [ VIEW ] D:\wamp64\www\jituan\public/../application/admin\view\conf\conflst.htm [ array (
  0 => 'con',
  1 => 'name',
  2 => 'confRes',
) ]
[ info ] [ LOG ] INIT File
[ sql ] [ DB ] CONNECT:[ UseTime:0.001000s ] mysql:dbname=jituan;host=localhost;charset=utf8
[ sql ] [ SQL ] SHOW COLUMNS FROM `tp_conf` [ RunTime:0.001001s ]
[ sql ] [ SQL ] SELECT `ename`,`value` FROM `tp_conf` [ RunTime:0.000000s ]
[ sql ] [ DB ] CONNECT:[ UseTime:0.002000s ] mysql:dbname=jituan;host=localhost;charset=utf8
[ sql ] [ SQL ] SELECT * FROM `tp_conf` [ RunTime:0.001000s ]

---------------------------------------------------------------
[ 2018-08-24T10:26:18+08:00 ] 127.0.0.1 127.0.0.1 GET /public/index.php
[ log ] dzc.jituan.com/public/index.php [运行时间：0.166010s][吞吐率：6.02req/s] [内存消耗：5,165.02kb] [文件加载：55]
[ info ] [ LANG ] D:\wamp64\www\jituan\thinkphp\lang\zh-cn.php
[ info ] [ ROUTE ] array (
  'type' => 'module',
  'module' => 
  array (
    0 => '',
    1 => NULL,
    2 => NULL,
  ),
)
[ info ] [ HEADER ] array (
  'host' => 'dzc.jituan.com',
  'connection' => 'keep-alive',
  'upgrade-insecure-requests' => '1',
  'user-agent' => 'Mozilla/5.0 (Windows NT 6.1; Win64; x64) AppleWebKit/537.36 (KHTML, like Gecko) Chrome/68.0.3440.106 Safari/537.36',
  'accept' => 'text/html,application/xhtml+xml,application/xml;q=0.9,image/webp,image/apng,*/*;q=0.8',
  'accept-encoding' => 'gzip, deflate',
  'accept-language' => 'zh-CN,zh;q=0.9',
  'cookie' => 'PHPSESSID=ckmikckqmnc1q0as47b7c5i8o1',
)
[ info ] [ PARAM ] array (
)
[ info ] [ DB ] INIT mysql
[ info ] [ DB ] INIT mysql
[ info ] [ DB ] INIT mysql
[ info ] [ DB ] INIT mysql
[ info ] [ DB ] INIT mysql
[ info ] [ DB ] INIT mysql
[ info ] [ DB ] INIT mysql
[ info ] [ DB ] INIT mysql
[ info ] [ DB ] INIT mysql
[ info ] [ RUN ] app\index\controller\Index->index[ D:\wamp64\www\jituan\application\index\controller\Index.php ]
[ info ] [ VIEW ] D:\wamp64\www\jituan\public/../public/html/index.htm [ array (
  0 => 'temp',
  1 => 'temp_src',
  2 => 'cateRes',
  3 => 'botCateRes',
  4 => 'confs',
) ]
[ info ] [ LOG ] INIT File
[ sql ] [ DB ] CONNECT:[ UseTime:0.003001s ] mysql:dbname=jituan;host=localhost;charset=utf8
[ sql ] [ SQL ] SHOW COLUMNS FROM `tp_conf` [ RunTime:0.001000s ]
[ sql ] [ SQL ] SELECT `value` FROM `tp_conf` WHERE  `ename` = 'temp' LIMIT 1 [ RunTime:0.000000s ]
[ sql ] [ DB ] CONNECT:[ UseTime:0.012001s ] mysql:dbname=jituan;host=localhost;charset=utf8
[ sql ] [ SQL ] SHOW COLUMNS FROM `tp_cate` [ RunTime:0.001000s ]
[ sql ] [ SQL ] SELECT * FROM `tp_cate` WHERE  `pid` = 0  AND `status` = 1 ORDER BY sort desc [ RunTime:0.000000s ]
[ sql ] [ DB ] CONNECT:[ UseTime:0.011001s ] mysql:dbname=jituan;host=localhost;charset=utf8
[ sql ] [ SQL ] SELECT * FROM `tp_cate` WHERE  `pid` = 1  AND `status` = 1 ORDER BY sort desc [ RunTime:0.001000s ]
[ sql ] [ DB ] CONNECT:[ UseTime:0.012000s ] mysql:dbname=jituan;host=localhost;charset=utf8
[ sql ] [ SQL ] SELECT * FROM `tp_cate` WHERE  `pid` = 5  AND `status` = 1 ORDER BY sort desc [ RunTime:0.001000s ]
[ sql ] [ DB ] CONNECT:[ UseTime:0.002000s ] mysql:dbname=jituan;host=localhost;charset=utf8
[ sql ] [ SQL ] SELECT * FROM `tp_cate` WHERE  `pid` = 8  AND `status` = 1 ORDER BY sort desc [ RunTime:0.001000s ]
[ sql ] [ DB ] CONNECT:[ UseTime:0.002000s ] mysql:dbname=jituan;host=localhost;charset=utf8
[ sql ] [ SQL ] SELECT * FROM `tp_cate` WHERE  `pid` = 13  AND `status` = 1 ORDER BY sort desc [ RunTime:0.001000s ]
[ sql ] [ DB ] CONNECT:[ UseTime:0.003000s ] mysql:dbname=jituan;host=localhost;charset=utf8
[ sql ] [ SQL ] SELECT * FROM `tp_cate` WHERE  `pid` = 0  AND `status` = 1  AND `bottom_nav` = 1 [ RunTime:0.001000s ]
[ sql ] [ DB ] CONNECT:[ UseTime:0.002000s ] mysql:dbname=jituan;host=localhost;charset=utf8
[ sql ] [ SQL ] SELECT * FROM `tp_cate` WHERE  `pid` = 1  AND `status` = 1 ORDER BY sort desc [ RunTime:0.001001s ]
[ sql ] [ DB ] CONNECT:[ UseTime:0.002000s ] mysql:dbname=jituan;host=localhost;charset=utf8
[ sql ] [ SQL ] SELECT `ename`,`value` FROM `tp_conf` [ RunTime:0.001000s ]

---------------------------------------------------------------
