[ 2018-08-27T08:28:23+08:00 ] 127.0.0.1 127.0.0.1 GET /public/index.php
[ log ] dzc.jituan.com/public/index.php [运行时间：0.156009s][吞吐率：6.41req/s] [内存消耗：4,870.05kb] [文件加载：53]
[ info ] [ LANG ] D:\wamp64\www\jituan\thinkphp\lang\zh-cn.php
[ info ] [ ROUTE ] array (
  'type' => 'module',
  'module' => 
  array (
    0 => '',
    1 => NULL,
    2 => NULL,
  ),
)
[ info ] [ HEADER ] array (
  'host' => 'dzc.jituan.com',
  'connection' => 'keep-alive',
  'upgrade-insecure-requests' => '1',
  'user-agent' => 'Mozilla/5.0 (Windows NT 6.1; Win64; x64) AppleWebKit/537.36 (KHTML, like Gecko) Chrome/68.0.3440.106 Safari/537.36',
  'accept' => 'text/html,application/xhtml+xml,application/xml;q=0.9,image/webp,image/apng,*/*;q=0.8',
  'accept-encoding' => 'gzip, deflate',
  'accept-language' => 'zh-CN,zh;q=0.9',
)
[ info ] [ PARAM ] array (
)
[ info ] [ DB ] INIT mysql
[ info ] [ DB ] INIT mysql
[ info ] [ DB ] INIT mysql
[ info ] [ DB ] INIT mysql
[ info ] [ DB ] INIT mysql
[ info ] [ DB ] INIT mysql
[ info ] [ DB ] INIT mysql
[ info ] [ DB ] INIT mysql
[ info ] [ DB ] INIT mysql
[ info ] [ RUN ] app\index\controller\Index->index[ D:\wamp64\www\jituan\application\index\controller\Index.php ]
[ info ] [ VIEW ] D:\wamp64\www\jituan\public/../public/html/index.htm [ array (
  0 => 'temp',
  1 => 'temp_src',
  2 => 'cateRes',
  3 => 'botCateRes',
  4 => 'confs',
) ]
[ info ] [ LOG ] INIT File
[ sql ] [ DB ] CONNECT:[ UseTime:0.012000s ] mysql:dbname=jituan;host=localhost;charset=utf8
[ sql ] [ SQL ] SHOW COLUMNS FROM `tp_conf` [ RunTime:0.010001s ]
[ sql ] [ SQL ] SELECT `value` FROM `tp_conf` WHERE  `ename` = 'temp' LIMIT 1 [ RunTime:0.001000s ]
[ sql ] [ DB ] CONNECT:[ UseTime:0.004000s ] mysql:dbname=jituan;host=localhost;charset=utf8
[ sql ] [ SQL ] SHOW COLUMNS FROM `tp_cate` [ RunTime:0.003001s ]
[ sql ] [ SQL ] SELECT * FROM `tp_cate` WHERE  `pid` = 0  AND `status` = 1 ORDER BY sort desc [ RunTime:0.001000s ]
[ sql ] [ DB ] CONNECT:[ UseTime:0.003000s ] mysql:dbname=jituan;host=localhost;charset=utf8
[ sql ] [ SQL ] SELECT * FROM `tp_cate` WHERE  `pid` = 1  AND `status` = 1 ORDER BY sort desc [ RunTime:0.001000s ]
[ sql ] [ DB ] CONNECT:[ UseTime:0.003000s ] mysql:dbname=jituan;host=localhost;charset=utf8
[ sql ] [ SQL ] SELECT * FROM `tp_cate` WHERE  `pid` = 5  AND `status` = 1 ORDER BY sort desc [ RunTime:0.001000s ]
[ sql ] [ DB ] CONNECT:[ UseTime:0.002000s ] mysql:dbname=jituan;host=localhost;charset=utf8
[ sql ] [ SQL ] SELECT * FROM `tp_cate` WHERE  `pid` = 8  AND `status` = 1 ORDER BY sort desc [ RunTime:0.001001s ]
[ sql ] [ DB ] CONNECT:[ UseTime:0.003000s ] mysql:dbname=jituan;host=localhost;charset=utf8
[ sql ] [ SQL ] SELECT * FROM `tp_cate` WHERE  `pid` = 13  AND `status` = 1 ORDER BY sort desc [ RunTime:0.000000s ]
[ sql ] [ DB ] CONNECT:[ UseTime:0.002000s ] mysql:dbname=jituan;host=localhost;charset=utf8
[ sql ] [ SQL ] SELECT * FROM `tp_cate` WHERE  `pid` = 0  AND `status` = 1  AND `bottom_nav` = 1 [ RunTime:0.001000s ]
[ sql ] [ DB ] CONNECT:[ UseTime:0.002000s ] mysql:dbname=jituan;host=localhost;charset=utf8
[ sql ] [ SQL ] SELECT * FROM `tp_cate` WHERE  `pid` = 1  AND `status` = 1 ORDER BY sort desc [ RunTime:0.001000s ]
[ sql ] [ DB ] CONNECT:[ UseTime:0.002001s ] mysql:dbname=jituan;host=localhost;charset=utf8
[ sql ] [ SQL ] SELECT `ename`,`value` FROM `tp_conf` [ RunTime:0.001000s ]

---------------------------------------------------------------
[ 2018-08-27T10:07:58+08:00 ] 127.0.0.1 127.0.0.1 GET /public/index.php
[ log ] dzc.jituan.com/public/index.php [运行时间：0.272016s][吞吐率：3.68req/s] [内存消耗：4,870.06kb] [文件加载：53]
[ info ] [ LANG ] D:\wamp64\www\jituan\thinkphp\lang\zh-cn.php
[ info ] [ ROUTE ] array (
  'type' => 'module',
  'module' => 
  array (
    0 => '',
    1 => NULL,
    2 => NULL,
  ),
)
[ info ] [ HEADER ] array (
  'host' => 'dzc.jituan.com',
  'connection' => 'keep-alive',
  'upgrade-insecure-requests' => '1',
  'user-agent' => 'Mozilla/5.0 (Windows NT 6.1; Win64; x64) AppleWebKit/537.36 (KHTML, like Gecko) Chrome/68.0.3440.106 Safari/537.36',
  'accept' => 'text/html,application/xhtml+xml,application/xml;q=0.9,image/webp,image/apng,*/*;q=0.8',
  'accept-encoding' => 'gzip, deflate',
  'accept-language' => 'zh-CN,zh;q=0.9',
)
[ info ] [ PARAM ] array (
)
[ info ] [ DB ] INIT mysql
[ info ] [ DB ] INIT mysql
[ info ] [ DB ] INIT mysql
[ info ] [ DB ] INIT mysql
[ info ] [ DB ] INIT mysql
[ info ] [ DB ] INIT mysql
[ info ] [ DB ] INIT mysql
[ info ] [ DB ] INIT mysql
[ info ] [ DB ] INIT mysql
[ info ] [ RUN ] app\index\controller\Index->index[ D:\wamp64\www\jituan\application\index\controller\Index.php ]
[ info ] [ VIEW ] D:\wamp64\www\jituan\public/../public/html/index.htm [ array (
  0 => 'temp',
  1 => 'temp_src',
  2 => 'cateRes',
  3 => 'botCateRes',
  4 => 'confs',
) ]
[ info ] [ LOG ] INIT File
[ sql ] [ DB ] CONNECT:[ UseTime:0.011001s ] mysql:dbname=jituan;host=localhost;charset=utf8
[ sql ] [ SQL ] SHOW COLUMNS FROM `tp_conf` [ RunTime:0.023001s ]
[ sql ] [ SQL ] SELECT `value` FROM `tp_conf` WHERE  `ename` = 'temp' LIMIT 1 [ RunTime:0.004000s ]
[ sql ] [ DB ] CONNECT:[ UseTime:0.002001s ] mysql:dbname=jituan;host=localhost;charset=utf8
[ sql ] [ SQL ] SHOW COLUMNS FROM `tp_cate` [ RunTime:0.015000s ]
[ sql ] [ SQL ] SELECT * FROM `tp_cate` WHERE  `pid` = 0  AND `status` = 1 ORDER BY sort desc [ RunTime:0.005001s ]
[ sql ] [ DB ] CONNECT:[ UseTime:0.002000s ] mysql:dbname=jituan;host=localhost;charset=utf8
[ sql ] [ SQL ] SELECT * FROM `tp_cate` WHERE  `pid` = 1  AND `status` = 1 ORDER BY sort desc [ RunTime:0.000000s ]
[ sql ] [ DB ] CONNECT:[ UseTime:0.011001s ] mysql:dbname=jituan;host=localhost;charset=utf8
[ sql ] [ SQL ] SELECT * FROM `tp_cate` WHERE  `pid` = 5  AND `status` = 1 ORDER BY sort desc [ RunTime:0.001000s ]
[ sql ] [ DB ] CONNECT:[ UseTime:0.011000s ] mysql:dbname=jituan;host=localhost;charset=utf8
[ sql ] [ SQL ] SELECT * FROM `tp_cate` WHERE  `pid` = 8  AND `status` = 1 ORDER BY sort desc [ RunTime:0.001000s ]
[ sql ] [ DB ] CONNECT:[ UseTime:0.011000s ] mysql:dbname=jituan;host=localhost;charset=utf8
[ sql ] [ SQL ] SELECT * FROM `tp_cate` WHERE  `pid` = 13  AND `status` = 1 ORDER BY sort desc [ RunTime:0.001000s ]
[ sql ] [ DB ] CONNECT:[ UseTime:0.011001s ] mysql:dbname=jituan;host=localhost;charset=utf8
[ sql ] [ SQL ] SELECT * FROM `tp_cate` WHERE  `pid` = 0  AND `status` = 1  AND `bottom_nav` = 1 [ RunTime:0.001000s ]
[ sql ] [ DB ] CONNECT:[ UseTime:0.002000s ] mysql:dbname=jituan;host=localhost;charset=utf8
[ sql ] [ SQL ] SELECT * FROM `tp_cate` WHERE  `pid` = 1  AND `status` = 1 ORDER BY sort desc [ RunTime:0.001000s ]
[ sql ] [ DB ] CONNECT:[ UseTime:0.003000s ] mysql:dbname=jituan;host=localhost;charset=utf8
[ sql ] [ SQL ] SELECT `ename`,`value` FROM `tp_conf` [ RunTime:0.000000s ]

---------------------------------------------------------------
