[ 2018-08-31T09:52:10+08:00 ] 127.0.0.1 127.0.0.1 GET /public/index.php
[ log ] dzc.jituan.com/public/index.php [运行时间：0.242013s][吞吐率：4.13req/s] [内存消耗：4,870.03kb] [文件加载：53]
[ info ] [ LANG ] D:\wamp64\www\jituan\thinkphp\lang\zh-cn.php
[ info ] [ ROUTE ] array (
  'type' => 'module',
  'module' => 
  array (
    0 => '',
    1 => NULL,
    2 => NULL,
  ),
)
[ info ] [ HEADER ] array (
  'host' => 'dzc.jituan.com',
  'connection' => 'keep-alive',
  'upgrade-insecure-requests' => '1',
  'user-agent' => 'Mozilla/5.0 (Windows NT 6.1; Win64; x64) AppleWebKit/537.36 (KHTML, like Gecko) Chrome/68.0.3440.106 Safari/537.36',
  'accept' => 'text/html,application/xhtml+xml,application/xml;q=0.9,image/webp,image/apng,*/*;q=0.8',
  'accept-encoding' => 'gzip, deflate',
  'accept-language' => 'zh-CN,zh;q=0.9',
)
[ info ] [ PARAM ] array (
)
[ info ] [ DB ] INIT mysql
[ info ] [ DB ] INIT mysql
[ info ] [ DB ] INIT mysql
[ info ] [ DB ] INIT mysql
[ info ] [ DB ] INIT mysql
[ info ] [ DB ] INIT mysql
[ info ] [ DB ] INIT mysql
[ info ] [ DB ] INIT mysql
[ info ] [ DB ] INIT mysql
[ info ] [ RUN ] app\index\controller\Index->index[ D:\wamp64\www\jituan\application\index\controller\Index.php ]
[ info ] [ VIEW ] D:\wamp64\www\jituan\public/../public/html/index.htm [ array (
  0 => 'temp',
  1 => 'temp_src',
  2 => 'cateRes',
  3 => 'botCateRes',
  4 => 'confs',
) ]
[ info ] [ LOG ] INIT File
[ sql ] [ DB ] CONNECT:[ UseTime:0.026002s ] mysql:dbname=jituan;host=localhost;charset=utf8
[ sql ] [ SQL ] SHOW COLUMNS FROM `tp_conf` [ RunTime:0.021001s ]
[ sql ] [ SQL ] SELECT `value` FROM `tp_conf` WHERE  `ename` = 'temp' LIMIT 1 [ RunTime:0.001000s ]
[ sql ] [ DB ] CONNECT:[ UseTime:0.004000s ] mysql:dbname=jituan;host=localhost;charset=utf8
[ sql ] [ SQL ] SHOW COLUMNS FROM `tp_cate` [ RunTime:0.004001s ]
[ sql ] [ SQL ] SELECT * FROM `tp_cate` WHERE  `pid` = 0  AND `status` = 1 ORDER BY sort desc [ RunTime:0.002000s ]
[ sql ] [ DB ] CONNECT:[ UseTime:0.003000s ] mysql:dbname=jituan;host=localhost;charset=utf8
[ sql ] [ SQL ] SELECT * FROM `tp_cate` WHERE  `pid` = 1  AND `status` = 1 ORDER BY sort desc [ RunTime:0.002000s ]
[ sql ] [ DB ] CONNECT:[ UseTime:0.003000s ] mysql:dbname=jituan;host=localhost;charset=utf8
[ sql ] [ SQL ] SELECT * FROM `tp_cate` WHERE  `pid` = 5  AND `status` = 1 ORDER BY sort desc [ RunTime:0.002000s ]
[ sql ] [ DB ] CONNECT:[ UseTime:0.003001s ] mysql:dbname=jituan;host=localhost;charset=utf8
[ sql ] [ SQL ] SELECT * FROM `tp_cate` WHERE  `pid` = 8  AND `status` = 1 ORDER BY sort desc [ RunTime:0.002000s ]
[ sql ] [ DB ] CONNECT:[ UseTime:0.003000s ] mysql:dbname=jituan;host=localhost;charset=utf8
[ sql ] [ SQL ] SELECT * FROM `tp_cate` WHERE  `pid` = 13  AND `status` = 1 ORDER BY sort desc [ RunTime:0.002000s ]
[ sql ] [ DB ] CONNECT:[ UseTime:0.003000s ] mysql:dbname=jituan;host=localhost;charset=utf8
[ sql ] [ SQL ] SELECT * FROM `tp_cate` WHERE  `pid` = 0  AND `status` = 1  AND `bottom_nav` = 1 [ RunTime:0.002000s ]
[ sql ] [ DB ] CONNECT:[ UseTime:0.012001s ] mysql:dbname=jituan;host=localhost;charset=utf8
[ sql ] [ SQL ] SELECT * FROM `tp_cate` WHERE  `pid` = 1  AND `status` = 1 ORDER BY sort desc [ RunTime:0.002000s ]
[ sql ] [ DB ] CONNECT:[ UseTime:0.004001s ] mysql:dbname=jituan;host=localhost;charset=utf8
[ sql ] [ SQL ] SELECT `ename`,`value` FROM `tp_conf` [ RunTime:0.002000s ]

---------------------------------------------------------------
[ 2018-08-31T09:52:12+08:00 ] 127.0.0.1 127.0.0.1 GET /public/index.php/admin
[ log ] dzc.jituan.com/public/index.php/admin [运行时间：0.104006s][吞吐率：9.61req/s] [内存消耗：3,073.70kb] [文件加载：48]
[ info ] [ LANG ] D:\wamp64\www\jituan\thinkphp\lang\zh-cn.php
[ info ] [ ROUTE ] array (
  'type' => 'module',
  'module' => 
  array (
    0 => 'admin',
    1 => NULL,
    2 => NULL,
  ),
)
[ info ] [ HEADER ] array (
  'host' => 'dzc.jituan.com',
  'connection' => 'keep-alive',
  'upgrade-insecure-requests' => '1',
  'user-agent' => 'Mozilla/5.0 (Windows NT 6.1; Win64; x64) AppleWebKit/537.36 (KHTML, like Gecko) Chrome/68.0.3440.106 Safari/537.36',
  'accept' => 'text/html,application/xhtml+xml,application/xml;q=0.9,image/webp,image/apng,*/*;q=0.8',
  'accept-encoding' => 'gzip, deflate',
  'accept-language' => 'zh-CN,zh;q=0.9',
)
[ info ] [ PARAM ] array (
)
[ info ] [ SESSION ] INIT array (
  'id' => '',
  'var_session_id' => '',
  'prefix' => 'think',
  'type' => '',
  'auto_start' => true,
)
[ info ] [ VIEW ] D:\wamp64\www\jituan\thinkphp\tpl\dispatch_jump.tpl [ array (
  0 => 'code',
  1 => 'msg',
  2 => 'data',
  3 => 'url',
  4 => 'wait',
) ]
[ info ] [ LOG ] INIT File

---------------------------------------------------------------
[ 2018-08-31T09:52:14+08:00 ] 127.0.0.1 127.0.0.1 GET /public/index.php/admin/login/index.html
[ log ] dzc.jituan.com/public/index.php/admin/login/index.html [运行时间：0.071004s][吞吐率：14.08req/s] [内存消耗：3,078.34kb] [文件加载：47]
[ info ] [ LANG ] D:\wamp64\www\jituan\thinkphp\lang\zh-cn.php
[ info ] [ ROUTE ] array (
  'type' => 'module',
  'module' => 
  array (
    0 => 'admin',
    1 => 'login',
    2 => 'index',
  ),
)
[ info ] [ HEADER ] array (
  'host' => 'dzc.jituan.com',
  'connection' => 'keep-alive',
  'upgrade-insecure-requests' => '1',
  'user-agent' => 'Mozilla/5.0 (Windows NT 6.1; Win64; x64) AppleWebKit/537.36 (KHTML, like Gecko) Chrome/68.0.3440.106 Safari/537.36',
  'accept' => 'text/html,application/xhtml+xml,application/xml;q=0.9,image/webp,image/apng,*/*;q=0.8',
  'referer' => 'http://dzc.jituan.com/public/index.php/admin',
  'accept-encoding' => 'gzip, deflate',
  'accept-language' => 'zh-CN,zh;q=0.9',
  'cookie' => 'PHPSESSID=aon3aimk44guu0g94vhhmrdgh1',
)
[ info ] [ PARAM ] array (
)
[ info ] [ RUN ] app\admin\controller\Login->index[ D:\wamp64\www\jituan\application\admin\controller\Login.php ]
[ info ] [ SESSION ] INIT array (
  'id' => '',
  'var_session_id' => '',
  'prefix' => 'think',
  'type' => '',
  'auto_start' => true,
)
[ info ] [ VIEW ] D:\wamp64\www\jituan\public/../application/admin\view\login\index.htm [ array (
) ]
[ info ] [ LOG ] INIT File

---------------------------------------------------------------
[ 2018-08-31T09:52:14+08:00 ] 127.0.0.1 127.0.0.1 GET /public/index.php/captcha.html
[ log ] dzc.jituan.com/public/index.php/captcha.html [运行时间：0.073005s][吞吐率：13.70req/s] [内存消耗：2,531.73kb] [文件加载：38]
[ info ] [ LANG ] D:\wamp64\www\jituan\thinkphp\lang\zh-cn.php
[ info ] [ ROUTE ] array (
  'type' => 'method',
  'method' => 
  array (
    0 => '\\think\\captcha\\CaptchaController',
    1 => 'index',
  ),
  'var' => 
  array (
  ),
)
[ info ] [ HEADER ] array (
  'host' => 'dzc.jituan.com',
  'connection' => 'keep-alive',
  'user-agent' => 'Mozilla/5.0 (Windows NT 6.1; Win64; x64) AppleWebKit/537.36 (KHTML, like Gecko) Chrome/68.0.3440.106 Safari/537.36',
  'accept' => 'image/webp,image/apng,image/*,*/*;q=0.8',
  'referer' => 'http://dzc.jituan.com/public/index.php/admin/login/index.html',
  'accept-encoding' => 'gzip, deflate',
  'accept-language' => 'zh-CN,zh;q=0.9',
  'cookie' => 'PHPSESSID=aon3aimk44guu0g94vhhmrdgh1',
)
[ info ] [ PARAM ] array (
  'id' => NULL,
)
[ info ] [ RUN ] think\captcha\CaptchaController->index[ D:\wamp64\www\jituan\vendor\topthink\think-captcha\src\CaptchaController.php ]
[ info ] [ SESSION ] INIT array (
  'id' => '',
  'var_session_id' => '',
  'prefix' => 'think',
  'type' => '',
  'auto_start' => true,
)
[ info ] [ LOG ] INIT File

---------------------------------------------------------------
[ 2018-08-31T09:52:17+08:00 ] 127.0.0.1 127.0.0.1 POST /public/index.php/admin/login/index.html
[ log ] dzc.jituan.com/public/index.php/admin/login/index.html [运行时间：0.097006s][吞吐率：10.31req/s] [内存消耗：4,976.23kb] [文件加载：57]
[ info ] [ LANG ] D:\wamp64\www\jituan\thinkphp\lang\zh-cn.php
[ info ] [ ROUTE ] array (
  'type' => 'module',
  'module' => 
  array (
    0 => 'admin',
    1 => 'login',
    2 => 'index',
  ),
)
[ info ] [ HEADER ] array (
  'host' => 'dzc.jituan.com',
  'connection' => 'keep-alive',
  'content-length' => '38',
  'cache-control' => 'max-age=0',
  'origin' => 'http://dzc.jituan.com',
  'upgrade-insecure-requests' => '1',
  'content-type' => 'application/x-www-form-urlencoded',
  'user-agent' => 'Mozilla/5.0 (Windows NT 6.1; Win64; x64) AppleWebKit/537.36 (KHTML, like Gecko) Chrome/68.0.3440.106 Safari/537.36',
  'accept' => 'text/html,application/xhtml+xml,application/xml;q=0.9,image/webp,image/apng,*/*;q=0.8',
  'referer' => 'http://dzc.jituan.com/public/index.php/admin/login/index.html',
  'accept-encoding' => 'gzip, deflate',
  'accept-language' => 'zh-CN,zh;q=0.9',
  'cookie' => 'PHPSESSID=aon3aimk44guu0g94vhhmrdgh1',
)
[ info ] [ PARAM ] array (
  'uname' => 'admin',
  'password' => '8486226',
  'code' => '6543',
)
[ info ] [ RUN ] app\admin\controller\Login->index[ D:\wamp64\www\jituan\application\admin\controller\Login.php ]
[ info ] [ SESSION ] INIT array (
  'id' => '',
  'var_session_id' => '',
  'prefix' => 'think',
  'type' => '',
  'auto_start' => true,
)
[ info ] [ DB ] INIT mysql
[ info ] [ VIEW ] D:\wamp64\www\jituan\thinkphp\tpl\dispatch_jump.tpl [ array (
  0 => 'code',
  1 => 'msg',
  2 => 'data',
  3 => 'url',
  4 => 'wait',
) ]
[ info ] [ LOG ] INIT File
[ sql ] [ DB ] CONNECT:[ UseTime:0.003000s ] mysql:dbname=jituan;host=localhost;charset=utf8
[ sql ] [ SQL ] SHOW COLUMNS FROM `tp_admin` [ RunTime:0.003000s ]
[ sql ] [ SQL ] SELECT * FROM `tp_admin` WHERE  `uname` = 'admin' LIMIT 1 [ RunTime:0.001000s ]

---------------------------------------------------------------
[ 2018-08-31T09:52:19+08:00 ] 127.0.0.1 127.0.0.1 GET /public/index.php/admin/index/index.html
[ log ] dzc.jituan.com/public/index.php/admin/index/index.html [运行时间：0.091005s][吞吐率：10.99req/s] [内存消耗：4,408.02kb] [文件加载：55]
[ info ] [ LANG ] D:\wamp64\www\jituan\thinkphp\lang\zh-cn.php
[ info ] [ ROUTE ] array (
  'type' => 'module',
  'module' => 
  array (
    0 => 'admin',
    1 => 'index',
    2 => 'index',
  ),
)
[ info ] [ HEADER ] array (
  'host' => 'dzc.jituan.com',
  'connection' => 'keep-alive',
  'upgrade-insecure-requests' => '1',
  'user-agent' => 'Mozilla/5.0 (Windows NT 6.1; Win64; x64) AppleWebKit/537.36 (KHTML, like Gecko) Chrome/68.0.3440.106 Safari/537.36',
  'accept' => 'text/html,application/xhtml+xml,application/xml;q=0.9,image/webp,image/apng,*/*;q=0.8',
  'referer' => 'http://dzc.jituan.com/public/index.php/admin/login/index.html',
  'accept-encoding' => 'gzip, deflate',
  'accept-language' => 'zh-CN,zh;q=0.9',
  'cookie' => 'PHPSESSID=aon3aimk44guu0g94vhhmrdgh1',
)
[ info ] [ PARAM ] array (
)
[ info ] [ SESSION ] INIT array (
  'id' => '',
  'var_session_id' => '',
  'prefix' => 'think',
  'type' => '',
  'auto_start' => true,
)
[ info ] [ DB ] INIT mysql
[ info ] [ RUN ] app\admin\controller\Index->index[ D:\wamp64\www\jituan\application\admin\controller\Index.php ]
[ info ] [ VIEW ] D:\wamp64\www\jituan\public/../application/admin\view\index\index.htm [ array (
  0 => 'con',
  1 => 'name',
) ]
[ info ] [ LOG ] INIT File
[ sql ] [ DB ] CONNECT:[ UseTime:0.003000s ] mysql:dbname=jituan;host=localhost;charset=utf8
[ sql ] [ SQL ] SHOW COLUMNS FROM `tp_conf` [ RunTime:0.002000s ]
[ sql ] [ SQL ] SELECT `ename`,`value` FROM `tp_conf` [ RunTime:0.001000s ]

---------------------------------------------------------------
[ 2018-08-31T09:52:26+08:00 ] 127.0.0.1 127.0.0.1 GET /public/index.php/admin/cate/lst.html
[ log ] dzc.jituan.com/public/index.php/admin/cate/lst.html [运行时间：0.110006s][吞吐率：9.09req/s] [内存消耗：5,219.68kb] [文件加载：57]
[ info ] [ LANG ] D:\wamp64\www\jituan\thinkphp\lang\zh-cn.php
[ info ] [ ROUTE ] array (
  'type' => 'module',
  'module' => 
  array (
    0 => 'admin',
    1 => 'cate',
    2 => 'lst',
  ),
)
[ info ] [ HEADER ] array (
  'host' => 'dzc.jituan.com',
  'connection' => 'keep-alive',
  'upgrade-insecure-requests' => '1',
  'user-agent' => 'Mozilla/5.0 (Windows NT 6.1; Win64; x64) AppleWebKit/537.36 (KHTML, like Gecko) Chrome/68.0.3440.106 Safari/537.36',
  'accept' => 'text/html,application/xhtml+xml,application/xml;q=0.9,image/webp,image/apng,*/*;q=0.8',
  'referer' => 'http://dzc.jituan.com/public/index.php/admin/index/index.html',
  'accept-encoding' => 'gzip, deflate',
  'accept-language' => 'zh-CN,zh;q=0.9',
  'cookie' => 'PHPSESSID=aon3aimk44guu0g94vhhmrdgh1',
)
[ info ] [ PARAM ] array (
)
[ info ] [ SESSION ] INIT array (
  'id' => '',
  'var_session_id' => '',
  'prefix' => 'think',
  'type' => '',
  'auto_start' => true,
)
[ info ] [ DB ] INIT mysql
[ info ] [ RUN ] app\admin\controller\Cate->lst[ D:\wamp64\www\jituan\application\admin\controller\Cate.php ]
[ info ] [ DB ] INIT mysql
[ info ] [ DB ] INIT mysql
[ info ] [ VIEW ] D:\wamp64\www\jituan\public/../application/admin\view\cate\lst.htm [ array (
  0 => 'con',
  1 => 'name',
  2 => 'cateRes',
) ]
[ info ] [ LOG ] INIT File
[ sql ] [ DB ] CONNECT:[ UseTime:0.004000s ] mysql:dbname=jituan;host=localhost;charset=utf8
[ sql ] [ SQL ] SHOW COLUMNS FROM `tp_conf` [ RunTime:0.001000s ]
[ sql ] [ SQL ] SELECT `ename`,`value` FROM `tp_conf` [ RunTime:0.000000s ]
[ sql ] [ DB ] CONNECT:[ UseTime:0.002000s ] mysql:dbname=jituan;host=localhost;charset=utf8
[ sql ] [ SQL ] SHOW COLUMNS FROM `tp_cate` [ RunTime:0.002000s ]
[ sql ] [ SQL ] SELECT `a`.*,`b`.`model_name` FROM `tp_cate` `a` INNER JOIN `tp_model` `b` ON `a`.`model_id`=`b`.`id` ORDER BY sort desc [ RunTime:0.004001s ]

---------------------------------------------------------------
[ 2018-08-31T09:52:30+08:00 ] 127.0.0.1 127.0.0.1 GET /public/index.php/admin/ad/lst.html
[ log ] dzc.jituan.com/public/index.php/admin/ad/lst.html [运行时间：0.106006s][吞吐率：9.43req/s] [内存消耗：4,691.69kb] [文件加载：58]
[ info ] [ LANG ] D:\wamp64\www\jituan\thinkphp\lang\zh-cn.php
[ info ] [ ROUTE ] array (
  'type' => 'module',
  'module' => 
  array (
    0 => 'admin',
    1 => 'ad',
    2 => 'lst',
  ),
)
[ info ] [ HEADER ] array (
  'host' => 'dzc.jituan.com',
  'connection' => 'keep-alive',
  'upgrade-insecure-requests' => '1',
  'user-agent' => 'Mozilla/5.0 (Windows NT 6.1; Win64; x64) AppleWebKit/537.36 (KHTML, like Gecko) Chrome/68.0.3440.106 Safari/537.36',
  'accept' => 'text/html,application/xhtml+xml,application/xml;q=0.9,image/webp,image/apng,*/*;q=0.8',
  'referer' => 'http://dzc.jituan.com/public/index.php/admin/cate/lst.html',
  'accept-encoding' => 'gzip, deflate',
  'accept-language' => 'zh-CN,zh;q=0.9',
  'cookie' => 'PHPSESSID=aon3aimk44guu0g94vhhmrdgh1',
)
[ info ] [ PARAM ] array (
)
[ info ] [ SESSION ] INIT array (
  'id' => '',
  'var_session_id' => '',
  'prefix' => 'think',
  'type' => '',
  'auto_start' => true,
)
[ info ] [ DB ] INIT mysql
[ info ] [ RUN ] app\admin\controller\Ad->lst[ D:\wamp64\www\jituan\application\admin\controller\Ad.php ]
[ info ] [ DB ] INIT mysql
[ info ] [ VIEW ] D:\wamp64\www\jituan\public/../application/admin\view\ad\list.htm [ array (
  0 => 'con',
  1 => 'name',
  2 => 'adRes',
) ]
[ info ] [ LOG ] INIT File
[ sql ] [ DB ] CONNECT:[ UseTime:0.004000s ] mysql:dbname=jituan;host=localhost;charset=utf8
[ sql ] [ SQL ] SHOW COLUMNS FROM `tp_conf` [ RunTime:0.001000s ]
[ sql ] [ SQL ] SELECT `ename`,`value` FROM `tp_conf` [ RunTime:0.000000s ]
[ sql ] [ DB ] CONNECT:[ UseTime:0.011001s ] mysql:dbname=jituan;host=localhost;charset=utf8
[ sql ] [ SQL ] SHOW COLUMNS FROM `tp_ad` [ RunTime:0.003000s ]
[ sql ] [ SQL ] SELECT COUNT(*) AS tp_count FROM `tp_ad` `a` INNER JOIN `tp_adpos` `b` ON `a`.`adpos_id`=`b`.`id` LIMIT 1 [ RunTime:0.002000s ]
[ sql ] [ SQL ] SELECT `a`.*,`b`.`name` FROM `tp_ad` `a` INNER JOIN `tp_adpos` `b` ON `a`.`adpos_id`=`b`.`id` LIMIT 0,6 [ RunTime:0.001000s ]

---------------------------------------------------------------
[ 2018-08-31T09:52:49+08:00 ] 127.0.0.1 127.0.0.1 GET /public/index.php/admin/ad/edit/id/76.html
[ log ] dzc.jituan.com/public/index.php/admin/ad/edit/id/76.html [运行时间：0.110006s][吞吐率：9.09req/s] [内存消耗：4,563.76kb] [文件加载：55]
[ info ] [ LANG ] D:\wamp64\www\jituan\thinkphp\lang\zh-cn.php
[ info ] [ ROUTE ] array (
  'type' => 'module',
  'module' => 
  array (
    0 => 'admin',
    1 => 'ad',
    2 => 'edit',
  ),
)
[ info ] [ HEADER ] array (
  'host' => 'dzc.jituan.com',
  'connection' => 'keep-alive',
  'upgrade-insecure-requests' => '1',
  'user-agent' => 'Mozilla/5.0 (Windows NT 6.1; Win64; x64) AppleWebKit/537.36 (KHTML, like Gecko) Chrome/68.0.3440.106 Safari/537.36',
  'accept' => 'text/html,application/xhtml+xml,application/xml;q=0.9,image/webp,image/apng,*/*;q=0.8',
  'referer' => 'http://dzc.jituan.com/public/index.php/admin/ad/lst.html',
  'accept-encoding' => 'gzip, deflate',
  'accept-language' => 'zh-CN,zh;q=0.9',
  'cookie' => 'PHPSESSID=aon3aimk44guu0g94vhhmrdgh1',
)
[ info ] [ PARAM ] array (
  'id' => '76',
)
[ info ] [ SESSION ] INIT array (
  'id' => '',
  'var_session_id' => '',
  'prefix' => 'think',
  'type' => '',
  'auto_start' => true,
)
[ info ] [ DB ] INIT mysql
[ info ] [ RUN ] app\admin\controller\Ad->edit[ D:\wamp64\www\jituan\application\admin\controller\Ad.php ]
[ info ] [ DB ] INIT mysql
[ info ] [ DB ] INIT mysql
[ info ] [ DB ] INIT mysql
[ info ] [ VIEW ] D:\wamp64\www\jituan\public/../application/admin\view\ad\edit.htm [ array (
  0 => 'con',
  1 => 'name',
  2 => 'adflashRes',
  3 => 'ad',
  4 => 'adposRes',
) ]
[ info ] [ LOG ] INIT File
[ sql ] [ DB ] CONNECT:[ UseTime:0.003000s ] mysql:dbname=jituan;host=localhost;charset=utf8
[ sql ] [ SQL ] SHOW COLUMNS FROM `tp_conf` [ RunTime:0.001000s ]
[ sql ] [ SQL ] SELECT `ename`,`value` FROM `tp_conf` [ RunTime:0.001000s ]
[ sql ] [ DB ] CONNECT:[ UseTime:0.002000s ] mysql:dbname=jituan;host=localhost;charset=utf8
[ sql ] [ SQL ] SHOW COLUMNS FROM `tp_adpos` [ RunTime:0.001000s ]
[ sql ] [ SQL ] SELECT `id`,`name` FROM `tp_adpos` [ RunTime:0.000000s ]
[ sql ] [ DB ] CONNECT:[ UseTime:0.003001s ] mysql:dbname=jituan;host=localhost;charset=utf8
[ sql ] [ SQL ] SHOW COLUMNS FROM `tp_ad` [ RunTime:0.001000s ]
[ sql ] [ SQL ] SELECT * FROM `tp_ad` WHERE  `id` = 76 LIMIT 1 [ RunTime:0.001000s ]
[ sql ] [ DB ] CONNECT:[ UseTime:0.003000s ] mysql:dbname=jituan;host=localhost;charset=utf8
[ sql ] [ SQL ] SHOW COLUMNS FROM `tp_adflash` [ RunTime:0.008000s ]
[ sql ] [ SQL ] SELECT * FROM `tp_adflash` WHERE  `ad_id` = 76 [ RunTime:0.001000s ]

---------------------------------------------------------------
[ 2018-08-31T09:52:59+08:00 ] 127.0.0.1 127.0.0.1 POST /public/index.php/admin/ad/ajaxdel.html
[ log ] dzc.jituan.com/public/index.php/admin/ad/ajaxdel.html [运行时间：0.107007s][吞吐率：9.35req/s] [内存消耗：4,510.97kb] [文件加载：55]
[ info ] [ LANG ] D:\wamp64\www\jituan\thinkphp\lang\zh-cn.php
[ info ] [ ROUTE ] array (
  'type' => 'module',
  'module' => 
  array (
    0 => 'admin',
    1 => 'ad',
    2 => 'ajaxdel',
  ),
)
[ info ] [ HEADER ] array (
  'host' => 'dzc.jituan.com',
  'connection' => 'keep-alive',
  'content-length' => '6',
  'accept' => 'application/json, text/javascript, */*; q=0.01',
  'origin' => 'http://dzc.jituan.com',
  'x-requested-with' => 'XMLHttpRequest',
  'user-agent' => 'Mozilla/5.0 (Windows NT 6.1; Win64; x64) AppleWebKit/537.36 (KHTML, like Gecko) Chrome/68.0.3440.106 Safari/537.36',
  'content-type' => 'application/x-www-form-urlencoded; charset=UTF-8',
  'referer' => 'http://dzc.jituan.com/public/index.php/admin/ad/edit/id/76.html',
  'accept-encoding' => 'gzip, deflate',
  'accept-language' => 'zh-CN,zh;q=0.9',
  'cookie' => 'PHPSESSID=aon3aimk44guu0g94vhhmrdgh1',
)
[ info ] [ PARAM ] array (
  'id' => '139',
)
[ info ] [ SESSION ] INIT array (
  'id' => '',
  'var_session_id' => '',
  'prefix' => 'think',
  'type' => '',
  'auto_start' => true,
)
[ info ] [ DB ] INIT mysql
[ info ] [ RUN ] app\admin\controller\Ad->ajaxdel[ D:\wamp64\www\jituan\application\admin\controller\Ad.php ]
[ info ] [ DB ] INIT mysql
[ info ] [ DB ] INIT mysql
[ info ] [ CACHE ] INIT File
[ info ] [ LOG ] INIT File
[ sql ] [ DB ] CONNECT:[ UseTime:0.004001s ] mysql:dbname=jituan;host=localhost;charset=utf8
[ sql ] [ SQL ] SHOW COLUMNS FROM `tp_conf` [ RunTime:0.002000s ]
[ sql ] [ SQL ] SELECT `ename`,`value` FROM `tp_conf` [ RunTime:0.000000s ]
[ sql ] [ DB ] CONNECT:[ UseTime:0.012001s ] mysql:dbname=jituan;host=localhost;charset=utf8
[ sql ] [ SQL ] SHOW COLUMNS FROM `tp_adflash` [ RunTime:0.001000s ]
[ sql ] [ SQL ] SELECT * FROM `tp_adflash` WHERE  `id` = 139 LIMIT 1 [ RunTime:0.000000s ]
[ sql ] [ DB ] CONNECT:[ UseTime:0.013001s ] mysql:dbname=jituan;host=localhost;charset=utf8
[ sql ] [ SQL ] DELETE FROM `tp_adflash`    WHERE  `id` = 139 [ RunTime:0.001000s ]

---------------------------------------------------------------
[ 2018-08-31T09:53:02+08:00 ] 127.0.0.1 127.0.0.1 GET /public/index.php/admin/ad/lst.html
[ log ] dzc.jituan.com/public/index.php/admin/ad/lst.html [运行时间：0.125008s][吞吐率：8.00req/s] [内存消耗：4,691.79kb] [文件加载：58]
[ info ] [ LANG ] D:\wamp64\www\jituan\thinkphp\lang\zh-cn.php
[ info ] [ ROUTE ] array (
  'type' => 'module',
  'module' => 
  array (
    0 => 'admin',
    1 => 'ad',
    2 => 'lst',
  ),
)
[ info ] [ HEADER ] array (
  'host' => 'dzc.jituan.com',
  'connection' => 'keep-alive',
  'upgrade-insecure-requests' => '1',
  'user-agent' => 'Mozilla/5.0 (Windows NT 6.1; Win64; x64) AppleWebKit/537.36 (KHTML, like Gecko) Chrome/68.0.3440.106 Safari/537.36',
  'accept' => 'text/html,application/xhtml+xml,application/xml;q=0.9,image/webp,image/apng,*/*;q=0.8',
  'referer' => 'http://dzc.jituan.com/public/index.php/admin/ad/edit/id/76.html',
  'accept-encoding' => 'gzip, deflate',
  'accept-language' => 'zh-CN,zh;q=0.9',
  'cookie' => 'PHPSESSID=aon3aimk44guu0g94vhhmrdgh1',
)
[ info ] [ PARAM ] array (
)
[ info ] [ SESSION ] INIT array (
  'id' => '',
  'var_session_id' => '',
  'prefix' => 'think',
  'type' => '',
  'auto_start' => true,
)
[ info ] [ DB ] INIT mysql
[ info ] [ RUN ] app\admin\controller\Ad->lst[ D:\wamp64\www\jituan\application\admin\controller\Ad.php ]
[ info ] [ DB ] INIT mysql
[ info ] [ VIEW ] D:\wamp64\www\jituan\public/../application/admin\view\ad\list.htm [ array (
  0 => 'con',
  1 => 'name',
  2 => 'adRes',
) ]
[ info ] [ LOG ] INIT File
[ sql ] [ DB ] CONNECT:[ UseTime:0.006000s ] mysql:dbname=jituan;host=localhost;charset=utf8
[ sql ] [ SQL ] SHOW COLUMNS FROM `tp_conf` [ RunTime:0.001000s ]
[ sql ] [ SQL ] SELECT `ename`,`value` FROM `tp_conf` [ RunTime:0.000000s ]
[ sql ] [ DB ] CONNECT:[ UseTime:0.012000s ] mysql:dbname=jituan;host=localhost;charset=utf8
[ sql ] [ SQL ] SHOW COLUMNS FROM `tp_ad` [ RunTime:0.002001s ]
[ sql ] [ SQL ] SELECT COUNT(*) AS tp_count FROM `tp_ad` `a` INNER JOIN `tp_adpos` `b` ON `a`.`adpos_id`=`b`.`id` LIMIT 1 [ RunTime:0.001000s ]
[ sql ] [ SQL ] SELECT `a`.*,`b`.`name` FROM `tp_ad` `a` INNER JOIN `tp_adpos` `b` ON `a`.`adpos_id`=`b`.`id` LIMIT 0,6 [ RunTime:0.000000s ]

---------------------------------------------------------------
[ 2018-08-31T09:53:03+08:00 ] 127.0.0.1 127.0.0.1 GET /public/index.php/admin/ad/edit/id/76.html
[ log ] dzc.jituan.com/public/index.php/admin/ad/edit/id/76.html [运行时间：0.120007s][吞吐率：8.33req/s] [内存消耗：4,562.52kb] [文件加载：55]
[ info ] [ LANG ] D:\wamp64\www\jituan\thinkphp\lang\zh-cn.php
[ info ] [ ROUTE ] array (
  'type' => 'module',
  'module' => 
  array (
    0 => 'admin',
    1 => 'ad',
    2 => 'edit',
  ),
)
[ info ] [ HEADER ] array (
  'host' => 'dzc.jituan.com',
  'connection' => 'keep-alive',
  'upgrade-insecure-requests' => '1',
  'user-agent' => 'Mozilla/5.0 (Windows NT 6.1; Win64; x64) AppleWebKit/537.36 (KHTML, like Gecko) Chrome/68.0.3440.106 Safari/537.36',
  'accept' => 'text/html,application/xhtml+xml,application/xml;q=0.9,image/webp,image/apng,*/*;q=0.8',
  'referer' => 'http://dzc.jituan.com/public/index.php/admin/ad/lst.html',
  'accept-encoding' => 'gzip, deflate',
  'accept-language' => 'zh-CN,zh;q=0.9',
  'cookie' => 'PHPSESSID=aon3aimk44guu0g94vhhmrdgh1',
)
[ info ] [ PARAM ] array (
  'id' => '76',
)
[ info ] [ SESSION ] INIT array (
  'id' => '',
  'var_session_id' => '',
  'prefix' => 'think',
  'type' => '',
  'auto_start' => true,
)
[ info ] [ DB ] INIT mysql
[ info ] [ RUN ] app\admin\controller\Ad->edit[ D:\wamp64\www\jituan\application\admin\controller\Ad.php ]
[ info ] [ DB ] INIT mysql
[ info ] [ DB ] INIT mysql
[ info ] [ DB ] INIT mysql
[ info ] [ VIEW ] D:\wamp64\www\jituan\public/../application/admin\view\ad\edit.htm [ array (
  0 => 'con',
  1 => 'name',
  2 => 'adflashRes',
  3 => 'ad',
  4 => 'adposRes',
) ]
[ info ] [ LOG ] INIT File
[ sql ] [ DB ] CONNECT:[ UseTime:0.012001s ] mysql:dbname=jituan;host=localhost;charset=utf8
[ sql ] [ SQL ] SHOW COLUMNS FROM `tp_conf` [ RunTime:0.001000s ]
[ sql ] [ SQL ] SELECT `ename`,`value` FROM `tp_conf` [ RunTime:0.001000s ]
[ sql ] [ DB ] CONNECT:[ UseTime:0.011000s ] mysql:dbname=jituan;host=localhost;charset=utf8
[ sql ] [ SQL ] SHOW COLUMNS FROM `tp_adpos` [ RunTime:0.001000s ]
[ sql ] [ SQL ] SELECT `id`,`name` FROM `tp_adpos` [ RunTime:0.000000s ]
[ sql ] [ DB ] CONNECT:[ UseTime:0.012000s ] mysql:dbname=jituan;host=localhost;charset=utf8
[ sql ] [ SQL ] SHOW COLUMNS FROM `tp_ad` [ RunTime:0.001000s ]
[ sql ] [ SQL ] SELECT * FROM `tp_ad` WHERE  `id` = 76 LIMIT 1 [ RunTime:0.001000s ]
[ sql ] [ DB ] CONNECT:[ UseTime:0.011001s ] mysql:dbname=jituan;host=localhost;charset=utf8
[ sql ] [ SQL ] SHOW COLUMNS FROM `tp_adflash` [ RunTime:0.001000s ]
[ sql ] [ SQL ] SELECT * FROM `tp_adflash` WHERE  `ad_id` = 76 [ RunTime:0.000000s ]

---------------------------------------------------------------
[ 2018-08-31T09:53:13+08:00 ] 127.0.0.1 127.0.0.1 POST /public/index.php/admin/ad/edit/id/76.html
[ log ] dzc.jituan.com/public/index.php/admin/ad/edit/id/76.html [运行时间：0.148008s][吞吐率：6.76req/s] [内存消耗：5,400.05kb] [文件加载：62]
[ info ] [ LANG ] D:\wamp64\www\jituan\thinkphp\lang\zh-cn.php
[ info ] [ ROUTE ] array (
  'type' => 'module',
  'module' => 
  array (
    0 => 'admin',
    1 => 'ad',
    2 => 'edit',
  ),
)
[ info ] [ HEADER ] array (
  'host' => 'dzc.jituan.com',
  'connection' => 'keep-alive',
  'content-length' => '479223',
  'cache-control' => 'max-age=0',
  'origin' => 'http://dzc.jituan.com',
  'upgrade-insecure-requests' => '1',
  'content-type' => 'multipart/form-data; boundary=----WebKitFormBoundaryYUQBqlkwy9X7gpX7',
  'user-agent' => 'Mozilla/5.0 (Windows NT 6.1; Win64; x64) AppleWebKit/537.36 (KHTML, like Gecko) Chrome/68.0.3440.106 Safari/537.36',
  'accept' => 'text/html,application/xhtml+xml,application/xml;q=0.9,image/webp,image/apng,*/*;q=0.8',
  'referer' => 'http://dzc.jituan.com/public/index.php/admin/ad/edit/id/76.html',
  'accept-encoding' => 'gzip, deflate',
  'accept-language' => 'zh-CN,zh;q=0.9',
  'cookie' => 'PHPSESSID=aon3aimk44guu0g94vhhmrdgh1',
)
[ info ] [ PARAM ] array (
  'id' => '76',
  'oldimgsrc' => '',
  'type' => '2',
  'adpos_id' => '8',
  'ad_name' => '轮播图',
  'on' => '1',
  'link' => '',
  'old_flink' => 
  array (
    143 => '',
    144 => '',
  ),
  'flink' => 
  array (
    0 => '',
  ),
)
[ info ] [ SESSION ] INIT array (
  'id' => '',
  'var_session_id' => '',
  'prefix' => 'think',
  'type' => '',
  'auto_start' => true,
)
[ info ] [ DB ] INIT mysql
[ info ] [ RUN ] app\admin\controller\Ad->edit[ D:\wamp64\www\jituan\application\admin\controller\Ad.php ]
[ info ] [ DB ] INIT mysql
[ info ] [ DB ] INIT mysql
[ info ] [ DB ] INIT mysql
[ info ] [ CACHE ] INIT File
[ info ] [ DB ] INIT mysql
[ info ] [ VIEW ] D:\wamp64\www\jituan\thinkphp\tpl\dispatch_jump.tpl [ array (
  0 => 'con',
  1 => 'name',
  2 => 'code',
  3 => 'msg',
  4 => 'data',
  5 => 'url',
  6 => 'wait',
) ]
[ info ] [ LOG ] INIT File
[ sql ] [ DB ] CONNECT:[ UseTime:0.002000s ] mysql:dbname=jituan;host=localhost;charset=utf8
[ sql ] [ SQL ] SHOW COLUMNS FROM `tp_conf` [ RunTime:0.002000s ]
[ sql ] [ SQL ] SELECT `ename`,`value` FROM `tp_conf` [ RunTime:0.000000s ]
[ sql ] [ DB ] CONNECT:[ UseTime:0.003000s ] mysql:dbname=jituan;host=localhost;charset=utf8
[ sql ] [ SQL ] SHOW COLUMNS FROM `tp_ad` [ RunTime:0.001000s ]
[ sql ] [ SQL ] SELECT `id` FROM `tp_ad` WHERE  `ad_name` = '轮播图'  AND `id` <> 76 LIMIT 1 [ RunTime:0.001000s ]
[ sql ] [ DB ] CONNECT:[ UseTime:0.012001s ] mysql:dbname=jituan;host=localhost;charset=utf8
[ sql ] [ SQL ] SHOW COLUMNS FROM `tp_adflash` [ RunTime:0.002000s ]
[ sql ] [ SQL ] INSERT INTO `tp_adflash` (`ad_id` , `fimg_src` , `flink`) VALUES (76 , '20180831\\0f1e765ff2ef1c3b999ed2effe7085e1.jpg' , '') [ RunTime:0.001000s ]
[ sql ] [ DB ] CONNECT:[ UseTime:0.011001s ] mysql:dbname=jituan;host=localhost;charset=utf8
[ sql ] [ SQL ] UPDATE `tp_adflash`  SET `flink`=''  WHERE  `id` = 143 [ RunTime:0.001000s ]
[ sql ] [ DB ] CONNECT:[ UseTime:0.011001s ] mysql:dbname=jituan;host=localhost;charset=utf8
[ sql ] [ SQL ] UPDATE `tp_adflash`  SET `flink`=''  WHERE  `id` = 144 [ RunTime:0.001000s ]
[ sql ] [ SQL ] UPDATE `tp_ad`  SET `type`=2,`adpos_id`=8,`ad_name`='轮播图',`on`=1,`link`=''  WHERE  `id` = 76 [ RunTime:0.000000s ]

---------------------------------------------------------------
[ 2018-08-31T09:53:16+08:00 ] 127.0.0.1 127.0.0.1 GET /public/index.php/admin/ad/lst.html
[ log ] dzc.jituan.com/public/index.php/admin/ad/lst.html [运行时间：0.095006s][吞吐率：10.53req/s] [内存消耗：4,691.79kb] [文件加载：58]
[ info ] [ LANG ] D:\wamp64\www\jituan\thinkphp\lang\zh-cn.php
[ info ] [ ROUTE ] array (
  'type' => 'module',
  'module' => 
  array (
    0 => 'admin',
    1 => 'ad',
    2 => 'lst',
  ),
)
[ info ] [ HEADER ] array (
  'host' => 'dzc.jituan.com',
  'connection' => 'keep-alive',
  'upgrade-insecure-requests' => '1',
  'user-agent' => 'Mozilla/5.0 (Windows NT 6.1; Win64; x64) AppleWebKit/537.36 (KHTML, like Gecko) Chrome/68.0.3440.106 Safari/537.36',
  'accept' => 'text/html,application/xhtml+xml,application/xml;q=0.9,image/webp,image/apng,*/*;q=0.8',
  'referer' => 'http://dzc.jituan.com/public/index.php/admin/ad/edit/id/76.html',
  'accept-encoding' => 'gzip, deflate',
  'accept-language' => 'zh-CN,zh;q=0.9',
  'cookie' => 'PHPSESSID=aon3aimk44guu0g94vhhmrdgh1',
)
[ info ] [ PARAM ] array (
)
[ info ] [ SESSION ] INIT array (
  'id' => '',
  'var_session_id' => '',
  'prefix' => 'think',
  'type' => '',
  'auto_start' => true,
)
[ info ] [ DB ] INIT mysql
[ info ] [ RUN ] app\admin\controller\Ad->lst[ D:\wamp64\www\jituan\application\admin\controller\Ad.php ]
[ info ] [ DB ] INIT mysql
[ info ] [ VIEW ] D:\wamp64\www\jituan\public/../application/admin\view\ad\list.htm [ array (
  0 => 'con',
  1 => 'name',
  2 => 'adRes',
) ]
[ info ] [ LOG ] INIT File
[ sql ] [ DB ] CONNECT:[ UseTime:0.003000s ] mysql:dbname=jituan;host=localhost;charset=utf8
[ sql ] [ SQL ] SHOW COLUMNS FROM `tp_conf` [ RunTime:0.002000s ]
[ sql ] [ SQL ] SELECT `ename`,`value` FROM `tp_conf` [ RunTime:0.000000s ]
[ sql ] [ DB ] CONNECT:[ UseTime:0.002001s ] mysql:dbname=jituan;host=localhost;charset=utf8
[ sql ] [ SQL ] SHOW COLUMNS FROM `tp_ad` [ RunTime:0.002000s ]
[ sql ] [ SQL ] SELECT COUNT(*) AS tp_count FROM `tp_ad` `a` INNER JOIN `tp_adpos` `b` ON `a`.`adpos_id`=`b`.`id` LIMIT 1 [ RunTime:0.001000s ]
[ sql ] [ SQL ] SELECT `a`.*,`b`.`name` FROM `tp_ad` `a` INNER JOIN `tp_adpos` `b` ON `a`.`adpos_id`=`b`.`id` LIMIT 0,6 [ RunTime:0.000000s ]

---------------------------------------------------------------
[ 2018-08-31T10:31:45+08:00 ] 127.0.0.1 127.0.0.1 GET /public/index.php/admin/content/lst.html
[ log ] dzc.jituan.com/public/index.php/admin/content/lst.html [运行时间：0.152009s][吞吐率：6.58req/s] [内存消耗：5,087.83kb] [文件加载：60]
[ info ] [ LANG ] D:\wamp64\www\jituan\thinkphp\lang\zh-cn.php
[ info ] [ ROUTE ] array (
  'type' => 'module',
  'module' => 
  array (
    0 => 'admin',
    1 => 'content',
    2 => 'lst',
  ),
)
[ info ] [ HEADER ] array (
  'host' => 'dzc.jituan.com',
  'connection' => 'keep-alive',
  'upgrade-insecure-requests' => '1',
  'user-agent' => 'Mozilla/5.0 (Windows NT 6.1; Win64; x64) AppleWebKit/537.36 (KHTML, like Gecko) Chrome/68.0.3440.106 Safari/537.36',
  'accept' => 'text/html,application/xhtml+xml,application/xml;q=0.9,image/webp,image/apng,*/*;q=0.8',
  'referer' => 'http://dzc.jituan.com/public/index.php/admin/ad/lst.html',
  'accept-encoding' => 'gzip, deflate',
  'accept-language' => 'zh-CN,zh;q=0.9',
  'cookie' => 'PHPSESSID=aon3aimk44guu0g94vhhmrdgh1',
)
[ info ] [ PARAM ] array (
)
[ info ] [ SESSION ] INIT array (
  'id' => '',
  'var_session_id' => '',
  'prefix' => 'think',
  'type' => '',
  'auto_start' => true,
)
[ info ] [ DB ] INIT mysql
[ info ] [ RUN ] app\admin\controller\Content->lst[ D:\wamp64\www\jituan\application\admin\controller\Content.php ]
[ info ] [ DB ] INIT mysql
[ info ] [ VIEW ] D:\wamp64\www\jituan\public/../application/admin\view\content\list.htm [ array (
  0 => 'con',
  1 => 'name',
  2 => 'modelId',
  3 => 'cateId',
  4 => 'artRes',
) ]
[ info ] [ LOG ] INIT File
[ sql ] [ DB ] CONNECT:[ UseTime:0.010001s ] mysql:dbname=jituan;host=localhost;charset=utf8
[ sql ] [ SQL ] SHOW COLUMNS FROM `tp_conf` [ RunTime:0.006000s ]
[ sql ] [ SQL ] SELECT `ename`,`value` FROM `tp_conf` [ RunTime:0.001000s ]
[ sql ] [ DB ] CONNECT:[ UseTime:0.012000s ] mysql:dbname=jituan;host=localhost;charset=utf8
[ sql ] [ SQL ] SHOW COLUMNS FROM `tp_archives` [ RunTime:0.005001s ]
[ sql ] [ SQL ] SELECT COUNT(*) AS tp_count FROM `tp_archives` `a` INNER JOIN `tp_cate` `c` ON `a`.`cate_id`=`c`.`id` INNER JOIN `tp_model` `m` ON `a`.`model_id`=`m`.`id` LIMIT 1 [ RunTime:0.004000s ]
[ sql ] [ SQL ] SELECT `a`.`id`,`a`.`title`,`a`.`attr`,`a`.`model_id`,`c`.`cate_name`,`m`.`model_name` FROM `tp_archives` `a` INNER JOIN `tp_cate` `c` ON `a`.`cate_id`=`c`.`id` INNER JOIN `tp_model` `m` ON `a`.`model_id`=`m`.`id` ORDER BY a.id DESC LIMIT 0,15 [ RunTime:0.001000s ]

---------------------------------------------------------------
