[ 2017-10-19T20:06:18+08:00 ] 127.0.0.1 127.0.0.1 GET /cms/public/index.php/install/index/step1.html
[ log ] 127.0.0.1/cms/public/index.php/install/index/step1.html [运行时间：0.081004s][吞吐率：12.35req/s] [内存消耗：3,249.67kb] [文件加载：48]
[ info ] [ LANG ] F:\wamp\www\cms\thinkphp\lang\zh-cn.php
[ info ] [ ROUTE ] array (
  'type' => 'module',
  'module' => 
  array (
    0 => 'install',
    1 => 'index',
    2 => 'step1',
  ),
)
[ info ] [ HEADER ] array (
  'host' => '127.0.0.1',
  'user-agent' => 'Mozilla/5.0 (Windows NT 6.1; WOW64; rv:56.0) Gecko/20100101 Firefox/56.0',
  'accept' => 'text/html,application/xhtml+xml,application/xml;q=0.9,*/*;q=0.8',
  'accept-language' => 'zh-CN,zh;q=0.8,en-US;q=0.5,en;q=0.3',
  'accept-encoding' => 'gzip, deflate',
  'cookie' => 'Hm_lvt_d7e112eaeea65921aeaadcc0af8f2853=1495546959,1496469174,1496549435; Hm_lvt_b5ae3f71dfe5f06a9dd4dc55087f27d1=1506310525; ECS[visit_times]=6; CNZZDATA726388=cnzz_eid%3D1468040495-1491468025-%26ntime%3D1492926025; CNZZDATA947842=cnzz_eid%3D900007543-1492349940-null%26ntime%3D1497774919; bdshare_firstime=1492352785249; CNZZDATA1260327944=345544524-1495008067-http%253A%252F%252F127.0.0.1%252F%7C1495008067; Hm_lvt_5f5a95758129ff157ca4d0d7afabff18=1506310694; Hm_lvt_d7d8202d7d086bdfdd5750a243f55a2d=1500562284; CNZZDATA1263567803=2135454377-1502874283-%7C1503755161; PHPSESSID=p0klam3n6u8urcii4rnf2e06u2',
  'connection' => 'keep-alive',
  'upgrade-insecure-requests' => '1',
  'cache-control' => 'max-age=0',
)
[ info ] [ PARAM ] array (
)
[ info ] [ RUN ] app\install\controller\Index->step1[ F:\wamp\www\cms\application\install\controller\Index.php ]
[ info ] [ SESSION ] INIT array (
  'id' => '',
  'var_session_id' => '',
  'prefix' => 'think',
  'type' => '',
  'auto_start' => true,
)
[ info ] [ VIEW ] F:\wamp\www\cms\public/../application/install\view\index\step1.html [ array (
  0 => 'envArr',
  1 => 'funArr',
) ]
[ info ] [ LOG ] INIT File

---------------------------------------------------------------
[ 2017-10-19T20:06:19+08:00 ] 127.0.0.1 127.0.0.1 GET /cms/public/index.php/install/index/step1.html
[ log ] 127.0.0.1/cms/public/index.php/install/index/step1.html [运行时间：0.034002s][吞吐率：29.41req/s] [内存消耗：2,991.79kb] [文件加载：46]
[ info ] [ LANG ] F:\wamp\www\cms\thinkphp\lang\zh-cn.php
[ info ] [ ROUTE ] array (
  'type' => 'module',
  'module' => 
  array (
    0 => 'install',
    1 => 'index',
    2 => 'step1',
  ),
)
[ info ] [ HEADER ] array (
  'host' => '127.0.0.1',
  'user-agent' => 'Mozilla/5.0 (Windows NT 6.1; WOW64; rv:56.0) Gecko/20100101 Firefox/56.0',
  'accept' => 'text/html,application/xhtml+xml,application/xml;q=0.9,*/*;q=0.8',
  'accept-language' => 'zh-CN,zh;q=0.8,en-US;q=0.5,en;q=0.3',
  'accept-encoding' => 'gzip, deflate',
  'cookie' => 'Hm_lvt_d7e112eaeea65921aeaadcc0af8f2853=1495546959,1496469174,1496549435; Hm_lvt_b5ae3f71dfe5f06a9dd4dc55087f27d1=1506310525; ECS[visit_times]=6; CNZZDATA726388=cnzz_eid%3D1468040495-1491468025-%26ntime%3D1492926025; CNZZDATA947842=cnzz_eid%3D900007543-1492349940-null%26ntime%3D1497774919; bdshare_firstime=1492352785249; CNZZDATA1260327944=345544524-1495008067-http%253A%252F%252F127.0.0.1%252F%7C1495008067; Hm_lvt_5f5a95758129ff157ca4d0d7afabff18=1506310694; Hm_lvt_d7d8202d7d086bdfdd5750a243f55a2d=1500562284; CNZZDATA1263567803=2135454377-1502874283-%7C1503755161; PHPSESSID=p0klam3n6u8urcii4rnf2e06u2',
  'connection' => 'keep-alive',
  'upgrade-insecure-requests' => '1',
  'cache-control' => 'max-age=0',
)
[ info ] [ PARAM ] array (
)
[ info ] [ RUN ] app\install\controller\Index->step1[ F:\wamp\www\cms\application\install\controller\Index.php ]
[ info ] [ SESSION ] INIT array (
  'id' => '',
  'var_session_id' => '',
  'prefix' => 'think',
  'type' => '',
  'auto_start' => true,
)
[ info ] [ VIEW ] F:\wamp\www\cms\public/../application/install\view\index\step1.html [ array (
  0 => 'envArr',
  1 => 'funArr',
) ]
[ info ] [ LOG ] INIT File

---------------------------------------------------------------
[ 2017-10-19T20:06:41+08:00 ] 127.0.0.1 127.0.0.1 GET /cms/public/index.php/install/index/step1.html
[ log ] 127.0.0.1/cms/public/index.php/install/index/step1.html [运行时间：0.040002s][吞吐率：25.00req/s] [内存消耗：2,991.79kb] [文件加载：46]
[ info ] [ LANG ] F:\wamp\www\cms\thinkphp\lang\zh-cn.php
[ info ] [ ROUTE ] array (
  'type' => 'module',
  'module' => 
  array (
    0 => 'install',
    1 => 'index',
    2 => 'step1',
  ),
)
[ info ] [ HEADER ] array (
  'host' => '127.0.0.1',
  'user-agent' => 'Mozilla/5.0 (Windows NT 6.1; WOW64; rv:56.0) Gecko/20100101 Firefox/56.0',
  'accept' => 'text/html,application/xhtml+xml,application/xml;q=0.9,*/*;q=0.8',
  'accept-language' => 'zh-CN,zh;q=0.8,en-US;q=0.5,en;q=0.3',
  'accept-encoding' => 'gzip, deflate',
  'cookie' => 'Hm_lvt_d7e112eaeea65921aeaadcc0af8f2853=1495546959,1496469174,1496549435; Hm_lvt_b5ae3f71dfe5f06a9dd4dc55087f27d1=1506310525; ECS[visit_times]=6; CNZZDATA726388=cnzz_eid%3D1468040495-1491468025-%26ntime%3D1492926025; CNZZDATA947842=cnzz_eid%3D900007543-1492349940-null%26ntime%3D1497774919; bdshare_firstime=1492352785249; CNZZDATA1260327944=345544524-1495008067-http%253A%252F%252F127.0.0.1%252F%7C1495008067; Hm_lvt_5f5a95758129ff157ca4d0d7afabff18=1506310694; Hm_lvt_d7d8202d7d086bdfdd5750a243f55a2d=1500562284; CNZZDATA1263567803=2135454377-1502874283-%7C1503755161; PHPSESSID=p0klam3n6u8urcii4rnf2e06u2',
  'connection' => 'keep-alive',
  'upgrade-insecure-requests' => '1',
  'cache-control' => 'max-age=0',
)
[ info ] [ PARAM ] array (
)
[ info ] [ RUN ] app\install\controller\Index->step1[ F:\wamp\www\cms\application\install\controller\Index.php ]
[ info ] [ SESSION ] INIT array (
  'id' => '',
  'var_session_id' => '',
  'prefix' => 'think',
  'type' => '',
  'auto_start' => true,
)
[ info ] [ VIEW ] F:\wamp\www\cms\public/../application/install\view\index\step1.html [ array (
  0 => 'envArr',
  1 => 'funArr',
) ]
[ info ] [ LOG ] INIT File

---------------------------------------------------------------
[ 2017-10-19T20:06:45+08:00 ] 127.0.0.1 127.0.0.1 GET /cms/public/index.php/install/index/step1.html
[ log ] 127.0.0.1/cms/public/index.php/install/index/step1.html [运行时间：0.059004s][吞吐率：16.95req/s] [内存消耗：2,991.79kb] [文件加载：46]
[ info ] [ LANG ] F:\wamp\www\cms\thinkphp\lang\zh-cn.php
[ info ] [ ROUTE ] array (
  'type' => 'module',
  'module' => 
  array (
    0 => 'install',
    1 => 'index',
    2 => 'step1',
  ),
)
[ info ] [ HEADER ] array (
  'host' => '127.0.0.1',
  'user-agent' => 'Mozilla/5.0 (Windows NT 6.1; WOW64; rv:56.0) Gecko/20100101 Firefox/56.0',
  'accept' => 'text/html,application/xhtml+xml,application/xml;q=0.9,*/*;q=0.8',
  'accept-language' => 'zh-CN,zh;q=0.8,en-US;q=0.5,en;q=0.3',
  'accept-encoding' => 'gzip, deflate',
  'cookie' => 'Hm_lvt_d7e112eaeea65921aeaadcc0af8f2853=1495546959,1496469174,1496549435; Hm_lvt_b5ae3f71dfe5f06a9dd4dc55087f27d1=1506310525; ECS[visit_times]=6; CNZZDATA726388=cnzz_eid%3D1468040495-1491468025-%26ntime%3D1492926025; CNZZDATA947842=cnzz_eid%3D900007543-1492349940-null%26ntime%3D1497774919; bdshare_firstime=1492352785249; CNZZDATA1260327944=345544524-1495008067-http%253A%252F%252F127.0.0.1%252F%7C1495008067; Hm_lvt_5f5a95758129ff157ca4d0d7afabff18=1506310694; Hm_lvt_d7d8202d7d086bdfdd5750a243f55a2d=1500562284; CNZZDATA1263567803=2135454377-1502874283-%7C1503755161; PHPSESSID=p0klam3n6u8urcii4rnf2e06u2',
  'connection' => 'keep-alive',
  'upgrade-insecure-requests' => '1',
  'cache-control' => 'max-age=0',
)
[ info ] [ PARAM ] array (
)
[ info ] [ RUN ] app\install\controller\Index->step1[ F:\wamp\www\cms\application\install\controller\Index.php ]
[ info ] [ SESSION ] INIT array (
  'id' => '',
  'var_session_id' => '',
  'prefix' => 'think',
  'type' => '',
  'auto_start' => true,
)
[ info ] [ VIEW ] F:\wamp\www\cms\public/../application/install\view\index\step1.html [ array (
  0 => 'envArr',
  1 => 'funArr',
) ]
[ info ] [ LOG ] INIT File

---------------------------------------------------------------
[ 2017-10-19T20:07:14+08:00 ] 127.0.0.1 127.0.0.1 GET /cms/public/index.php/install/index/step1.html
[ log ] 127.0.0.1/cms/public/index.php/install/index/step1.html [运行时间：0.040002s][吞吐率：25.00req/s] [内存消耗：2,991.80kb] [文件加载：46]
[ info ] [ LANG ] F:\wamp\www\cms\thinkphp\lang\zh-cn.php
[ info ] [ ROUTE ] array (
  'type' => 'module',
  'module' => 
  array (
    0 => 'install',
    1 => 'index',
    2 => 'step1',
  ),
)
[ info ] [ HEADER ] array (
  'host' => '127.0.0.1',
  'user-agent' => 'Mozilla/5.0 (Windows NT 6.1; WOW64; rv:56.0) Gecko/20100101 Firefox/56.0',
  'accept' => 'text/html,application/xhtml+xml,application/xml;q=0.9,*/*;q=0.8',
  'accept-language' => 'zh-CN,zh;q=0.8,en-US;q=0.5,en;q=0.3',
  'accept-encoding' => 'gzip, deflate',
  'cookie' => 'Hm_lvt_d7e112eaeea65921aeaadcc0af8f2853=1495546959,1496469174,1496549435; Hm_lvt_b5ae3f71dfe5f06a9dd4dc55087f27d1=1506310525; ECS[visit_times]=6; CNZZDATA726388=cnzz_eid%3D1468040495-1491468025-%26ntime%3D1492926025; CNZZDATA947842=cnzz_eid%3D900007543-1492349940-null%26ntime%3D1497774919; bdshare_firstime=1492352785249; CNZZDATA1260327944=345544524-1495008067-http%253A%252F%252F127.0.0.1%252F%7C1495008067; Hm_lvt_5f5a95758129ff157ca4d0d7afabff18=1506310694; Hm_lvt_d7d8202d7d086bdfdd5750a243f55a2d=1500562284; CNZZDATA1263567803=2135454377-1502874283-%7C1503755161; PHPSESSID=p0klam3n6u8urcii4rnf2e06u2',
  'connection' => 'keep-alive',
  'upgrade-insecure-requests' => '1',
  'cache-control' => 'max-age=0',
)
[ info ] [ PARAM ] array (
)
[ info ] [ RUN ] app\install\controller\Index->step1[ F:\wamp\www\cms\application\install\controller\Index.php ]
[ info ] [ SESSION ] INIT array (
  'id' => '',
  'var_session_id' => '',
  'prefix' => 'think',
  'type' => '',
  'auto_start' => true,
)
[ info ] [ VIEW ] F:\wamp\www\cms\public/../application/install\view\index\step1.html [ array (
  0 => 'envArr',
  1 => 'funArr',
) ]
[ info ] [ LOG ] INIT File

---------------------------------------------------------------
[ 2017-10-19T20:07:16+08:00 ] 127.0.0.1 127.0.0.1 GET /cms/public/index.php/install/index/step1.html
[ log ] 127.0.0.1/cms/public/index.php/install/index/step1.html [运行时间：0.032002s][吞吐率：31.25req/s] [内存消耗：2,991.80kb] [文件加载：46]
[ info ] [ LANG ] F:\wamp\www\cms\thinkphp\lang\zh-cn.php
[ info ] [ ROUTE ] array (
  'type' => 'module',
  'module' => 
  array (
    0 => 'install',
    1 => 'index',
    2 => 'step1',
  ),
)
[ info ] [ HEADER ] array (
  'host' => '127.0.0.1',
  'user-agent' => 'Mozilla/5.0 (Windows NT 6.1; WOW64; rv:56.0) Gecko/20100101 Firefox/56.0',
  'accept' => 'text/html,application/xhtml+xml,application/xml;q=0.9,*/*;q=0.8',
  'accept-language' => 'zh-CN,zh;q=0.8,en-US;q=0.5,en;q=0.3',
  'accept-encoding' => 'gzip, deflate',
  'cookie' => 'Hm_lvt_d7e112eaeea65921aeaadcc0af8f2853=1495546959,1496469174,1496549435; Hm_lvt_b5ae3f71dfe5f06a9dd4dc55087f27d1=1506310525; ECS[visit_times]=6; CNZZDATA726388=cnzz_eid%3D1468040495-1491468025-%26ntime%3D1492926025; CNZZDATA947842=cnzz_eid%3D900007543-1492349940-null%26ntime%3D1497774919; bdshare_firstime=1492352785249; CNZZDATA1260327944=345544524-1495008067-http%253A%252F%252F127.0.0.1%252F%7C1495008067; Hm_lvt_5f5a95758129ff157ca4d0d7afabff18=1506310694; Hm_lvt_d7d8202d7d086bdfdd5750a243f55a2d=1500562284; CNZZDATA1263567803=2135454377-1502874283-%7C1503755161; PHPSESSID=p0klam3n6u8urcii4rnf2e06u2',
  'connection' => 'keep-alive',
  'upgrade-insecure-requests' => '1',
  'cache-control' => 'max-age=0',
)
[ info ] [ PARAM ] array (
)
[ info ] [ RUN ] app\install\controller\Index->step1[ F:\wamp\www\cms\application\install\controller\Index.php ]
[ info ] [ SESSION ] INIT array (
  'id' => '',
  'var_session_id' => '',
  'prefix' => 'think',
  'type' => '',
  'auto_start' => true,
)
[ info ] [ VIEW ] F:\wamp\www\cms\public/../application/install\view\index\step1.html [ array (
  0 => 'envArr',
  1 => 'funArr',
) ]
[ info ] [ LOG ] INIT File

---------------------------------------------------------------
[ 2017-10-19T20:07:16+08:00 ] 127.0.0.1 127.0.0.1 GET /cms/public/index.php/install/index/step1.html
[ log ] 127.0.0.1/cms/public/index.php/install/index/step1.html [运行时间：0.050002s][吞吐率：20.00req/s] [内存消耗：2,991.80kb] [文件加载：46]
[ info ] [ LANG ] F:\wamp\www\cms\thinkphp\lang\zh-cn.php
[ info ] [ ROUTE ] array (
  'type' => 'module',
  'module' => 
  array (
    0 => 'install',
    1 => 'index',
    2 => 'step1',
  ),
)
[ info ] [ HEADER ] array (
  'host' => '127.0.0.1',
  'user-agent' => 'Mozilla/5.0 (Windows NT 6.1; WOW64; rv:56.0) Gecko/20100101 Firefox/56.0',
  'accept' => 'text/html,application/xhtml+xml,application/xml;q=0.9,*/*;q=0.8',
  'accept-language' => 'zh-CN,zh;q=0.8,en-US;q=0.5,en;q=0.3',
  'accept-encoding' => 'gzip, deflate',
  'cookie' => 'Hm_lvt_d7e112eaeea65921aeaadcc0af8f2853=1495546959,1496469174,1496549435; Hm_lvt_b5ae3f71dfe5f06a9dd4dc55087f27d1=1506310525; ECS[visit_times]=6; CNZZDATA726388=cnzz_eid%3D1468040495-1491468025-%26ntime%3D1492926025; CNZZDATA947842=cnzz_eid%3D900007543-1492349940-null%26ntime%3D1497774919; bdshare_firstime=1492352785249; CNZZDATA1260327944=345544524-1495008067-http%253A%252F%252F127.0.0.1%252F%7C1495008067; Hm_lvt_5f5a95758129ff157ca4d0d7afabff18=1506310694; Hm_lvt_d7d8202d7d086bdfdd5750a243f55a2d=1500562284; CNZZDATA1263567803=2135454377-1502874283-%7C1503755161; PHPSESSID=p0klam3n6u8urcii4rnf2e06u2',
  'connection' => 'keep-alive',
  'upgrade-insecure-requests' => '1',
  'cache-control' => 'max-age=0',
)
[ info ] [ PARAM ] array (
)
[ info ] [ RUN ] app\install\controller\Index->step1[ F:\wamp\www\cms\application\install\controller\Index.php ]
[ info ] [ SESSION ] INIT array (
  'id' => '',
  'var_session_id' => '',
  'prefix' => 'think',
  'type' => '',
  'auto_start' => true,
)
[ info ] [ VIEW ] F:\wamp\www\cms\public/../application/install\view\index\step1.html [ array (
  0 => 'envArr',
  1 => 'funArr',
) ]
[ info ] [ LOG ] INIT File

---------------------------------------------------------------
[ 2017-10-19T20:07:45+08:00 ] 127.0.0.1 127.0.0.1 GET /cms/public/index.php/install/index/step1.html
[ log ] 127.0.0.1/cms/public/index.php/install/index/step1.html [运行时间：0.059003s][吞吐率：16.95req/s] [内存消耗：2,991.79kb] [文件加载：46]
[ info ] [ LANG ] F:\wamp\www\cms\thinkphp\lang\zh-cn.php
[ info ] [ ROUTE ] array (
  'type' => 'module',
  'module' => 
  array (
    0 => 'install',
    1 => 'index',
    2 => 'step1',
  ),
)
[ info ] [ HEADER ] array (
  'host' => '127.0.0.1',
  'user-agent' => 'Mozilla/5.0 (Windows NT 6.1; WOW64; rv:56.0) Gecko/20100101 Firefox/56.0',
  'accept' => 'text/html,application/xhtml+xml,application/xml;q=0.9,*/*;q=0.8',
  'accept-language' => 'zh-CN,zh;q=0.8,en-US;q=0.5,en;q=0.3',
  'accept-encoding' => 'gzip, deflate',
  'cookie' => 'Hm_lvt_d7e112eaeea65921aeaadcc0af8f2853=1495546959,1496469174,1496549435; Hm_lvt_b5ae3f71dfe5f06a9dd4dc55087f27d1=1506310525; ECS[visit_times]=6; CNZZDATA726388=cnzz_eid%3D1468040495-1491468025-%26ntime%3D1492926025; CNZZDATA947842=cnzz_eid%3D900007543-1492349940-null%26ntime%3D1497774919; bdshare_firstime=1492352785249; CNZZDATA1260327944=345544524-1495008067-http%253A%252F%252F127.0.0.1%252F%7C1495008067; Hm_lvt_5f5a95758129ff157ca4d0d7afabff18=1506310694; Hm_lvt_d7d8202d7d086bdfdd5750a243f55a2d=1500562284; CNZZDATA1263567803=2135454377-1502874283-%7C1503755161; PHPSESSID=p0klam3n6u8urcii4rnf2e06u2',
  'connection' => 'keep-alive',
  'upgrade-insecure-requests' => '1',
  'cache-control' => 'max-age=0',
)
[ info ] [ PARAM ] array (
)
[ info ] [ RUN ] app\install\controller\Index->step1[ F:\wamp\www\cms\application\install\controller\Index.php ]
[ info ] [ SESSION ] INIT array (
  'id' => '',
  'var_session_id' => '',
  'prefix' => 'think',
  'type' => '',
  'auto_start' => true,
)
[ info ] [ VIEW ] F:\wamp\www\cms\public/../application/install\view\index\step1.html [ array (
  0 => 'envArr',
  1 => 'funArr',
) ]
[ info ] [ LOG ] INIT File

---------------------------------------------------------------
[ 2017-10-19T20:07:47+08:00 ] 127.0.0.1 127.0.0.1 GET /cms/public/index.php/install/index/step1.html
[ log ] 127.0.0.1/cms/public/index.php/install/index/step1.html [运行时间：0.044003s][吞吐率：22.73req/s] [内存消耗：2,991.79kb] [文件加载：46]
[ info ] [ LANG ] F:\wamp\www\cms\thinkphp\lang\zh-cn.php
[ info ] [ ROUTE ] array (
  'type' => 'module',
  'module' => 
  array (
    0 => 'install',
    1 => 'index',
    2 => 'step1',
  ),
)
[ info ] [ HEADER ] array (
  'host' => '127.0.0.1',
  'user-agent' => 'Mozilla/5.0 (Windows NT 6.1; WOW64; rv:56.0) Gecko/20100101 Firefox/56.0',
  'accept' => 'text/html,application/xhtml+xml,application/xml;q=0.9,*/*;q=0.8',
  'accept-language' => 'zh-CN,zh;q=0.8,en-US;q=0.5,en;q=0.3',
  'accept-encoding' => 'gzip, deflate',
  'cookie' => 'Hm_lvt_d7e112eaeea65921aeaadcc0af8f2853=1495546959,1496469174,1496549435; Hm_lvt_b5ae3f71dfe5f06a9dd4dc55087f27d1=1506310525; ECS[visit_times]=6; CNZZDATA726388=cnzz_eid%3D1468040495-1491468025-%26ntime%3D1492926025; CNZZDATA947842=cnzz_eid%3D900007543-1492349940-null%26ntime%3D1497774919; bdshare_firstime=1492352785249; CNZZDATA1260327944=345544524-1495008067-http%253A%252F%252F127.0.0.1%252F%7C1495008067; Hm_lvt_5f5a95758129ff157ca4d0d7afabff18=1506310694; Hm_lvt_d7d8202d7d086bdfdd5750a243f55a2d=1500562284; CNZZDATA1263567803=2135454377-1502874283-%7C1503755161; PHPSESSID=p0klam3n6u8urcii4rnf2e06u2',
  'connection' => 'keep-alive',
  'upgrade-insecure-requests' => '1',
  'cache-control' => 'max-age=0',
)
[ info ] [ PARAM ] array (
)
[ info ] [ RUN ] app\install\controller\Index->step1[ F:\wamp\www\cms\application\install\controller\Index.php ]
[ info ] [ SESSION ] INIT array (
  'id' => '',
  'var_session_id' => '',
  'prefix' => 'think',
  'type' => '',
  'auto_start' => true,
)
[ info ] [ VIEW ] F:\wamp\www\cms\public/../application/install\view\index\step1.html [ array (
  0 => 'envArr',
  1 => 'funArr',
) ]
[ info ] [ LOG ] INIT File

---------------------------------------------------------------
[ 2017-10-19T20:07:47+08:00 ] 127.0.0.1 127.0.0.1 GET /cms/public/index.php/install/index/step1.html
[ log ] 127.0.0.1/cms/public/index.php/install/index/step1.html [运行时间：0.038002s][吞吐率：26.31req/s] [内存消耗：2,991.79kb] [文件加载：46]
[ info ] [ LANG ] F:\wamp\www\cms\thinkphp\lang\zh-cn.php
[ info ] [ ROUTE ] array (
  'type' => 'module',
  'module' => 
  array (
    0 => 'install',
    1 => 'index',
    2 => 'step1',
  ),
)
[ info ] [ HEADER ] array (
  'host' => '127.0.0.1',
  'user-agent' => 'Mozilla/5.0 (Windows NT 6.1; WOW64; rv:56.0) Gecko/20100101 Firefox/56.0',
  'accept' => 'text/html,application/xhtml+xml,application/xml;q=0.9,*/*;q=0.8',
  'accept-language' => 'zh-CN,zh;q=0.8,en-US;q=0.5,en;q=0.3',
  'accept-encoding' => 'gzip, deflate',
  'cookie' => 'Hm_lvt_d7e112eaeea65921aeaadcc0af8f2853=1495546959,1496469174,1496549435; Hm_lvt_b5ae3f71dfe5f06a9dd4dc55087f27d1=1506310525; ECS[visit_times]=6; CNZZDATA726388=cnzz_eid%3D1468040495-1491468025-%26ntime%3D1492926025; CNZZDATA947842=cnzz_eid%3D900007543-1492349940-null%26ntime%3D1497774919; bdshare_firstime=1492352785249; CNZZDATA1260327944=345544524-1495008067-http%253A%252F%252F127.0.0.1%252F%7C1495008067; Hm_lvt_5f5a95758129ff157ca4d0d7afabff18=1506310694; Hm_lvt_d7d8202d7d086bdfdd5750a243f55a2d=1500562284; CNZZDATA1263567803=2135454377-1502874283-%7C1503755161; PHPSESSID=p0klam3n6u8urcii4rnf2e06u2',
  'connection' => 'keep-alive',
  'upgrade-insecure-requests' => '1',
  'cache-control' => 'max-age=0',
)
[ info ] [ PARAM ] array (
)
[ info ] [ RUN ] app\install\controller\Index->step1[ F:\wamp\www\cms\application\install\controller\Index.php ]
[ info ] [ SESSION ] INIT array (
  'id' => '',
  'var_session_id' => '',
  'prefix' => 'think',
  'type' => '',
  'auto_start' => true,
)
[ info ] [ VIEW ] F:\wamp\www\cms\public/../application/install\view\index\step1.html [ array (
  0 => 'envArr',
  1 => 'funArr',
) ]
[ info ] [ LOG ] INIT File

---------------------------------------------------------------
[ 2017-10-19T20:07:48+08:00 ] 127.0.0.1 127.0.0.1 GET /cms/public/index.php/install/index/step1.html
[ log ] 127.0.0.1/cms/public/index.php/install/index/step1.html [运行时间：0.036002s][吞吐率：27.78req/s] [内存消耗：2,991.79kb] [文件加载：46]
[ info ] [ LANG ] F:\wamp\www\cms\thinkphp\lang\zh-cn.php
[ info ] [ ROUTE ] array (
  'type' => 'module',
  'module' => 
  array (
    0 => 'install',
    1 => 'index',
    2 => 'step1',
  ),
)
[ info ] [ HEADER ] array (
  'host' => '127.0.0.1',
  'user-agent' => 'Mozilla/5.0 (Windows NT 6.1; WOW64; rv:56.0) Gecko/20100101 Firefox/56.0',
  'accept' => 'text/html,application/xhtml+xml,application/xml;q=0.9,*/*;q=0.8',
  'accept-language' => 'zh-CN,zh;q=0.8,en-US;q=0.5,en;q=0.3',
  'accept-encoding' => 'gzip, deflate',
  'cookie' => 'Hm_lvt_d7e112eaeea65921aeaadcc0af8f2853=1495546959,1496469174,1496549435; Hm_lvt_b5ae3f71dfe5f06a9dd4dc55087f27d1=1506310525; ECS[visit_times]=6; CNZZDATA726388=cnzz_eid%3D1468040495-1491468025-%26ntime%3D1492926025; CNZZDATA947842=cnzz_eid%3D900007543-1492349940-null%26ntime%3D1497774919; bdshare_firstime=1492352785249; CNZZDATA1260327944=345544524-1495008067-http%253A%252F%252F127.0.0.1%252F%7C1495008067; Hm_lvt_5f5a95758129ff157ca4d0d7afabff18=1506310694; Hm_lvt_d7d8202d7d086bdfdd5750a243f55a2d=1500562284; CNZZDATA1263567803=2135454377-1502874283-%7C1503755161; PHPSESSID=p0klam3n6u8urcii4rnf2e06u2',
  'connection' => 'keep-alive',
  'upgrade-insecure-requests' => '1',
  'cache-control' => 'max-age=0',
)
[ info ] [ PARAM ] array (
)
[ info ] [ RUN ] app\install\controller\Index->step1[ F:\wamp\www\cms\application\install\controller\Index.php ]
[ info ] [ SESSION ] INIT array (
  'id' => '',
  'var_session_id' => '',
  'prefix' => 'think',
  'type' => '',
  'auto_start' => true,
)
[ info ] [ VIEW ] F:\wamp\www\cms\public/../application/install\view\index\step1.html [ array (
  0 => 'envArr',
  1 => 'funArr',
) ]
[ info ] [ LOG ] INIT File

---------------------------------------------------------------
[ 2017-10-19T20:08:29+08:00 ] 127.0.0.1 127.0.0.1 GET /cms/public/index.php/install/index/step1.html
[ log ] 127.0.0.1/cms/public/index.php/install/index/step1.html [运行时间：0.043002s][吞吐率：23.25req/s] [内存消耗：2,991.45kb] [文件加载：46]
[ info ] [ LANG ] F:\wamp\www\cms\thinkphp\lang\zh-cn.php
[ info ] [ ROUTE ] array (
  'type' => 'module',
  'module' => 
  array (
    0 => 'install',
    1 => 'index',
    2 => 'step1',
  ),
)
[ info ] [ HEADER ] array (
  'host' => '127.0.0.1',
  'user-agent' => 'Mozilla/5.0 (Windows NT 6.1; WOW64; rv:56.0) Gecko/20100101 Firefox/56.0',
  'accept' => 'text/html,application/xhtml+xml,application/xml;q=0.9,*/*;q=0.8',
  'accept-language' => 'zh-CN,zh;q=0.8,en-US;q=0.5,en;q=0.3',
  'accept-encoding' => 'gzip, deflate',
  'cookie' => 'Hm_lvt_d7e112eaeea65921aeaadcc0af8f2853=1495546959,1496469174,1496549435; Hm_lvt_b5ae3f71dfe5f06a9dd4dc55087f27d1=1506310525; ECS[visit_times]=6; CNZZDATA726388=cnzz_eid%3D1468040495-1491468025-%26ntime%3D1492926025; CNZZDATA947842=cnzz_eid%3D900007543-1492349940-null%26ntime%3D1497774919; bdshare_firstime=1492352785249; CNZZDATA1260327944=345544524-1495008067-http%253A%252F%252F127.0.0.1%252F%7C1495008067; Hm_lvt_5f5a95758129ff157ca4d0d7afabff18=1506310694; Hm_lvt_d7d8202d7d086bdfdd5750a243f55a2d=1500562284; CNZZDATA1263567803=2135454377-1502874283-%7C1503755161; PHPSESSID=p0klam3n6u8urcii4rnf2e06u2',
  'connection' => 'keep-alive',
  'upgrade-insecure-requests' => '1',
  'cache-control' => 'max-age=0',
)
[ info ] [ PARAM ] array (
)
[ info ] [ RUN ] app\install\controller\Index->step1[ F:\wamp\www\cms\application\install\controller\Index.php ]
[ info ] [ SESSION ] INIT array (
  'id' => '',
  'var_session_id' => '',
  'prefix' => 'think',
  'type' => '',
  'auto_start' => true,
)
[ info ] [ VIEW ] F:\wamp\www\cms\public/../application/install\view\index\step1.html [ array (
  0 => 'envArr',
  1 => 'funArr',
) ]
[ info ] [ LOG ] INIT File

---------------------------------------------------------------
[ 2017-10-19T20:08:30+08:00 ] 127.0.0.1 127.0.0.1 GET /cms/public/index.php/install/index/step1.html
[ log ] 127.0.0.1/cms/public/index.php/install/index/step1.html [运行时间：0.033002s][吞吐率：30.30req/s] [内存消耗：2,991.45kb] [文件加载：46]
[ info ] [ LANG ] F:\wamp\www\cms\thinkphp\lang\zh-cn.php
[ info ] [ ROUTE ] array (
  'type' => 'module',
  'module' => 
  array (
    0 => 'install',
    1 => 'index',
    2 => 'step1',
  ),
)
[ info ] [ HEADER ] array (
  'host' => '127.0.0.1',
  'user-agent' => 'Mozilla/5.0 (Windows NT 6.1; WOW64; rv:56.0) Gecko/20100101 Firefox/56.0',
  'accept' => 'text/html,application/xhtml+xml,application/xml;q=0.9,*/*;q=0.8',
  'accept-language' => 'zh-CN,zh;q=0.8,en-US;q=0.5,en;q=0.3',
  'accept-encoding' => 'gzip, deflate',
  'cookie' => 'Hm_lvt_d7e112eaeea65921aeaadcc0af8f2853=1495546959,1496469174,1496549435; Hm_lvt_b5ae3f71dfe5f06a9dd4dc55087f27d1=1506310525; ECS[visit_times]=6; CNZZDATA726388=cnzz_eid%3D1468040495-1491468025-%26ntime%3D1492926025; CNZZDATA947842=cnzz_eid%3D900007543-1492349940-null%26ntime%3D1497774919; bdshare_firstime=1492352785249; CNZZDATA1260327944=345544524-1495008067-http%253A%252F%252F127.0.0.1%252F%7C1495008067; Hm_lvt_5f5a95758129ff157ca4d0d7afabff18=1506310694; Hm_lvt_d7d8202d7d086bdfdd5750a243f55a2d=1500562284; CNZZDATA1263567803=2135454377-1502874283-%7C1503755161; PHPSESSID=p0klam3n6u8urcii4rnf2e06u2',
  'connection' => 'keep-alive',
  'upgrade-insecure-requests' => '1',
  'cache-control' => 'max-age=0',
)
[ info ] [ PARAM ] array (
)
[ info ] [ RUN ] app\install\controller\Index->step1[ F:\wamp\www\cms\application\install\controller\Index.php ]
[ info ] [ SESSION ] INIT array (
  'id' => '',
  'var_session_id' => '',
  'prefix' => 'think',
  'type' => '',
  'auto_start' => true,
)
[ info ] [ VIEW ] F:\wamp\www\cms\public/../application/install\view\index\step1.html [ array (
  0 => 'envArr',
  1 => 'funArr',
) ]
[ info ] [ LOG ] INIT File

---------------------------------------------------------------
[ 2017-10-19T20:09:11+08:00 ] 127.0.0.1 127.0.0.1 GET /cms/public/index.php/install/index/step1.html
[ log ] 127.0.0.1/cms/public/index.php/install/index/step1.html [运行时间：0.070004s][吞吐率：14.28req/s] [内存消耗：2,990.73kb] [文件加载：46]
[ info ] [ LANG ] F:\wamp\www\cms\thinkphp\lang\zh-cn.php
[ info ] [ ROUTE ] array (
  'type' => 'module',
  'module' => 
  array (
    0 => 'install',
    1 => 'index',
    2 => 'step1',
  ),
)
[ info ] [ HEADER ] array (
  'host' => '127.0.0.1',
  'user-agent' => 'Mozilla/5.0 (Windows NT 6.1; WOW64; rv:56.0) Gecko/20100101 Firefox/56.0',
  'accept' => 'text/html,application/xhtml+xml,application/xml;q=0.9,*/*;q=0.8',
  'accept-language' => 'zh-CN,zh;q=0.8,en-US;q=0.5,en;q=0.3',
  'accept-encoding' => 'gzip, deflate',
  'cookie' => 'Hm_lvt_d7e112eaeea65921aeaadcc0af8f2853=1495546959,1496469174,1496549435; Hm_lvt_b5ae3f71dfe5f06a9dd4dc55087f27d1=1506310525; ECS[visit_times]=6; CNZZDATA726388=cnzz_eid%3D1468040495-1491468025-%26ntime%3D1492926025; CNZZDATA947842=cnzz_eid%3D900007543-1492349940-null%26ntime%3D1497774919; bdshare_firstime=1492352785249; CNZZDATA1260327944=345544524-1495008067-http%253A%252F%252F127.0.0.1%252F%7C1495008067; Hm_lvt_5f5a95758129ff157ca4d0d7afabff18=1506310694; Hm_lvt_d7d8202d7d086bdfdd5750a243f55a2d=1500562284; CNZZDATA1263567803=2135454377-1502874283-%7C1503755161; PHPSESSID=p0klam3n6u8urcii4rnf2e06u2',
  'connection' => 'keep-alive',
  'upgrade-insecure-requests' => '1',
  'cache-control' => 'max-age=0',
)
[ info ] [ PARAM ] array (
)
[ info ] [ RUN ] app\install\controller\Index->step1[ F:\wamp\www\cms\application\install\controller\Index.php ]
[ info ] [ SESSION ] INIT array (
  'id' => '',
  'var_session_id' => '',
  'prefix' => 'think',
  'type' => '',
  'auto_start' => true,
)
[ info ] [ VIEW ] F:\wamp\www\cms\public/../application/install\view\index\step1.html [ array (
  0 => 'envArr',
  1 => 'funArr',
) ]
[ info ] [ LOG ] INIT File

---------------------------------------------------------------
[ 2017-10-19T20:09:12+08:00 ] 127.0.0.1 127.0.0.1 GET /cms/public/index.php/install/index/step1.html
[ log ] 127.0.0.1/cms/public/index.php/install/index/step1.html [运行时间：0.026001s][吞吐率：38.46req/s] [内存消耗：2,990.73kb] [文件加载：46]
[ info ] [ LANG ] F:\wamp\www\cms\thinkphp\lang\zh-cn.php
[ info ] [ ROUTE ] array (
  'type' => 'module',
  'module' => 
  array (
    0 => 'install',
    1 => 'index',
    2 => 'step1',
  ),
)
[ info ] [ HEADER ] array (
  'host' => '127.0.0.1',
  'user-agent' => 'Mozilla/5.0 (Windows NT 6.1; WOW64; rv:56.0) Gecko/20100101 Firefox/56.0',
  'accept' => 'text/html,application/xhtml+xml,application/xml;q=0.9,*/*;q=0.8',
  'accept-language' => 'zh-CN,zh;q=0.8,en-US;q=0.5,en;q=0.3',
  'accept-encoding' => 'gzip, deflate',
  'cookie' => 'Hm_lvt_d7e112eaeea65921aeaadcc0af8f2853=1495546959,1496469174,1496549435; Hm_lvt_b5ae3f71dfe5f06a9dd4dc55087f27d1=1506310525; ECS[visit_times]=6; CNZZDATA726388=cnzz_eid%3D1468040495-1491468025-%26ntime%3D1492926025; CNZZDATA947842=cnzz_eid%3D900007543-1492349940-null%26ntime%3D1497774919; bdshare_firstime=1492352785249; CNZZDATA1260327944=345544524-1495008067-http%253A%252F%252F127.0.0.1%252F%7C1495008067; Hm_lvt_5f5a95758129ff157ca4d0d7afabff18=1506310694; Hm_lvt_d7d8202d7d086bdfdd5750a243f55a2d=1500562284; CNZZDATA1263567803=2135454377-1502874283-%7C1503755161; PHPSESSID=p0klam3n6u8urcii4rnf2e06u2',
  'connection' => 'keep-alive',
  'upgrade-insecure-requests' => '1',
  'cache-control' => 'max-age=0',
)
[ info ] [ PARAM ] array (
)
[ info ] [ RUN ] app\install\controller\Index->step1[ F:\wamp\www\cms\application\install\controller\Index.php ]
[ info ] [ SESSION ] INIT array (
  'id' => '',
  'var_session_id' => '',
  'prefix' => 'think',
  'type' => '',
  'auto_start' => true,
)
[ info ] [ VIEW ] F:\wamp\www\cms\public/../application/install\view\index\step1.html [ array (
  0 => 'envArr',
  1 => 'funArr',
) ]
[ info ] [ LOG ] INIT File

---------------------------------------------------------------
[ 2017-10-19T20:09:12+08:00 ] 127.0.0.1 127.0.0.1 GET /cms/public/index.php/install/index/step1.html
[ log ] 127.0.0.1/cms/public/index.php/install/index/step1.html [运行时间：0.037002s][吞吐率：27.03req/s] [内存消耗：2,990.73kb] [文件加载：46]
[ info ] [ LANG ] F:\wamp\www\cms\thinkphp\lang\zh-cn.php
[ info ] [ ROUTE ] array (
  'type' => 'module',
  'module' => 
  array (
    0 => 'install',
    1 => 'index',
    2 => 'step1',
  ),
)
[ info ] [ HEADER ] array (
  'host' => '127.0.0.1',
  'user-agent' => 'Mozilla/5.0 (Windows NT 6.1; WOW64; rv:56.0) Gecko/20100101 Firefox/56.0',
  'accept' => 'text/html,application/xhtml+xml,application/xml;q=0.9,*/*;q=0.8',
  'accept-language' => 'zh-CN,zh;q=0.8,en-US;q=0.5,en;q=0.3',
  'accept-encoding' => 'gzip, deflate',
  'cookie' => 'Hm_lvt_d7e112eaeea65921aeaadcc0af8f2853=1495546959,1496469174,1496549435; Hm_lvt_b5ae3f71dfe5f06a9dd4dc55087f27d1=1506310525; ECS[visit_times]=6; CNZZDATA726388=cnzz_eid%3D1468040495-1491468025-%26ntime%3D1492926025; CNZZDATA947842=cnzz_eid%3D900007543-1492349940-null%26ntime%3D1497774919; bdshare_firstime=1492352785249; CNZZDATA1260327944=345544524-1495008067-http%253A%252F%252F127.0.0.1%252F%7C1495008067; Hm_lvt_5f5a95758129ff157ca4d0d7afabff18=1506310694; Hm_lvt_d7d8202d7d086bdfdd5750a243f55a2d=1500562284; CNZZDATA1263567803=2135454377-1502874283-%7C1503755161; PHPSESSID=p0klam3n6u8urcii4rnf2e06u2',
  'connection' => 'keep-alive',
  'upgrade-insecure-requests' => '1',
  'cache-control' => 'max-age=0',
)
[ info ] [ PARAM ] array (
)
[ info ] [ RUN ] app\install\controller\Index->step1[ F:\wamp\www\cms\application\install\controller\Index.php ]
[ info ] [ SESSION ] INIT array (
  'id' => '',
  'var_session_id' => '',
  'prefix' => 'think',
  'type' => '',
  'auto_start' => true,
)
[ info ] [ VIEW ] F:\wamp\www\cms\public/../application/install\view\index\step1.html [ array (
  0 => 'envArr',
  1 => 'funArr',
) ]
[ info ] [ LOG ] INIT File

---------------------------------------------------------------
[ 2017-10-19T20:09:12+08:00 ] 127.0.0.1 127.0.0.1 GET /cms/public/index.php/install/index/step1.html
[ log ] 127.0.0.1/cms/public/index.php/install/index/step1.html [运行时间：0.032002s][吞吐率：31.25req/s] [内存消耗：2,990.73kb] [文件加载：46]
[ info ] [ LANG ] F:\wamp\www\cms\thinkphp\lang\zh-cn.php
[ info ] [ ROUTE ] array (
  'type' => 'module',
  'module' => 
  array (
    0 => 'install',
    1 => 'index',
    2 => 'step1',
  ),
)
[ info ] [ HEADER ] array (
  'host' => '127.0.0.1',
  'user-agent' => 'Mozilla/5.0 (Windows NT 6.1; WOW64; rv:56.0) Gecko/20100101 Firefox/56.0',
  'accept' => 'text/html,application/xhtml+xml,application/xml;q=0.9,*/*;q=0.8',
  'accept-language' => 'zh-CN,zh;q=0.8,en-US;q=0.5,en;q=0.3',
  'accept-encoding' => 'gzip, deflate',
  'cookie' => 'Hm_lvt_d7e112eaeea65921aeaadcc0af8f2853=1495546959,1496469174,1496549435; Hm_lvt_b5ae3f71dfe5f06a9dd4dc55087f27d1=1506310525; ECS[visit_times]=6; CNZZDATA726388=cnzz_eid%3D1468040495-1491468025-%26ntime%3D1492926025; CNZZDATA947842=cnzz_eid%3D900007543-1492349940-null%26ntime%3D1497774919; bdshare_firstime=1492352785249; CNZZDATA1260327944=345544524-1495008067-http%253A%252F%252F127.0.0.1%252F%7C1495008067; Hm_lvt_5f5a95758129ff157ca4d0d7afabff18=1506310694; Hm_lvt_d7d8202d7d086bdfdd5750a243f55a2d=1500562284; CNZZDATA1263567803=2135454377-1502874283-%7C1503755161; PHPSESSID=p0klam3n6u8urcii4rnf2e06u2',
  'connection' => 'keep-alive',
  'upgrade-insecure-requests' => '1',
  'cache-control' => 'max-age=0',
)
[ info ] [ PARAM ] array (
)
[ info ] [ RUN ] app\install\controller\Index->step1[ F:\wamp\www\cms\application\install\controller\Index.php ]
[ info ] [ SESSION ] INIT array (
  'id' => '',
  'var_session_id' => '',
  'prefix' => 'think',
  'type' => '',
  'auto_start' => true,
)
[ info ] [ VIEW ] F:\wamp\www\cms\public/../application/install\view\index\step1.html [ array (
  0 => 'envArr',
  1 => 'funArr',
) ]
[ info ] [ LOG ] INIT File

---------------------------------------------------------------
[ 2017-10-19T20:09:13+08:00 ] 127.0.0.1 127.0.0.1 GET /cms/public/index.php/install/index/step1.html
[ log ] 127.0.0.1/cms/public/index.php/install/index/step1.html [运行时间：0.052003s][吞吐率：19.23req/s] [内存消耗：2,990.73kb] [文件加载：46]
[ info ] [ LANG ] F:\wamp\www\cms\thinkphp\lang\zh-cn.php
[ info ] [ ROUTE ] array (
  'type' => 'module',
  'module' => 
  array (
    0 => 'install',
    1 => 'index',
    2 => 'step1',
  ),
)
[ info ] [ HEADER ] array (
  'host' => '127.0.0.1',
  'user-agent' => 'Mozilla/5.0 (Windows NT 6.1; WOW64; rv:56.0) Gecko/20100101 Firefox/56.0',
  'accept' => 'text/html,application/xhtml+xml,application/xml;q=0.9,*/*;q=0.8',
  'accept-language' => 'zh-CN,zh;q=0.8,en-US;q=0.5,en;q=0.3',
  'accept-encoding' => 'gzip, deflate',
  'cookie' => 'Hm_lvt_d7e112eaeea65921aeaadcc0af8f2853=1495546959,1496469174,1496549435; Hm_lvt_b5ae3f71dfe5f06a9dd4dc55087f27d1=1506310525; ECS[visit_times]=6; CNZZDATA726388=cnzz_eid%3D1468040495-1491468025-%26ntime%3D1492926025; CNZZDATA947842=cnzz_eid%3D900007543-1492349940-null%26ntime%3D1497774919; bdshare_firstime=1492352785249; CNZZDATA1260327944=345544524-1495008067-http%253A%252F%252F127.0.0.1%252F%7C1495008067; Hm_lvt_5f5a95758129ff157ca4d0d7afabff18=1506310694; Hm_lvt_d7d8202d7d086bdfdd5750a243f55a2d=1500562284; CNZZDATA1263567803=2135454377-1502874283-%7C1503755161; PHPSESSID=p0klam3n6u8urcii4rnf2e06u2',
  'connection' => 'keep-alive',
  'upgrade-insecure-requests' => '1',
  'cache-control' => 'max-age=0',
)
[ info ] [ PARAM ] array (
)
[ info ] [ RUN ] app\install\controller\Index->step1[ F:\wamp\www\cms\application\install\controller\Index.php ]
[ info ] [ SESSION ] INIT array (
  'id' => '',
  'var_session_id' => '',
  'prefix' => 'think',
  'type' => '',
  'auto_start' => true,
)
[ info ] [ VIEW ] F:\wamp\www\cms\public/../application/install\view\index\step1.html [ array (
  0 => 'envArr',
  1 => 'funArr',
) ]
[ info ] [ LOG ] INIT File

---------------------------------------------------------------
[ 2017-10-19T20:09:20+08:00 ] 127.0.0.1 127.0.0.1 GET /cms/public/index.php/install/index/step1.html
[ log ] 127.0.0.1/cms/public/index.php/install/index/step1.html [运行时间：0.064004s][吞吐率：15.62req/s] [内存消耗：2,990.73kb] [文件加载：46]
[ info ] [ LANG ] F:\wamp\www\cms\thinkphp\lang\zh-cn.php
[ info ] [ ROUTE ] array (
  'type' => 'module',
  'module' => 
  array (
    0 => 'install',
    1 => 'index',
    2 => 'step1',
  ),
)
[ info ] [ HEADER ] array (
  'host' => '127.0.0.1',
  'user-agent' => 'Mozilla/5.0 (Windows NT 6.1; WOW64; rv:56.0) Gecko/20100101 Firefox/56.0',
  'accept' => 'text/html,application/xhtml+xml,application/xml;q=0.9,*/*;q=0.8',
  'accept-language' => 'zh-CN,zh;q=0.8,en-US;q=0.5,en;q=0.3',
  'accept-encoding' => 'gzip, deflate',
  'cookie' => 'Hm_lvt_d7e112eaeea65921aeaadcc0af8f2853=1495546959,1496469174,1496549435; Hm_lvt_b5ae3f71dfe5f06a9dd4dc55087f27d1=1506310525; ECS[visit_times]=6; CNZZDATA726388=cnzz_eid%3D1468040495-1491468025-%26ntime%3D1492926025; CNZZDATA947842=cnzz_eid%3D900007543-1492349940-null%26ntime%3D1497774919; bdshare_firstime=1492352785249; CNZZDATA1260327944=345544524-1495008067-http%253A%252F%252F127.0.0.1%252F%7C1495008067; Hm_lvt_5f5a95758129ff157ca4d0d7afabff18=1506310694; Hm_lvt_d7d8202d7d086bdfdd5750a243f55a2d=1500562284; CNZZDATA1263567803=2135454377-1502874283-%7C1503755161; PHPSESSID=p0klam3n6u8urcii4rnf2e06u2',
  'connection' => 'keep-alive',
  'upgrade-insecure-requests' => '1',
  'cache-control' => 'max-age=0',
)
[ info ] [ PARAM ] array (
)
[ info ] [ RUN ] app\install\controller\Index->step1[ F:\wamp\www\cms\application\install\controller\Index.php ]
[ info ] [ SESSION ] INIT array (
  'id' => '',
  'var_session_id' => '',
  'prefix' => 'think',
  'type' => '',
  'auto_start' => true,
)
[ info ] [ VIEW ] F:\wamp\www\cms\public/../application/install\view\index\step1.html [ array (
  0 => 'envArr',
  1 => 'funArr',
) ]
[ info ] [ LOG ] INIT File

---------------------------------------------------------------
[ 2017-10-19T20:09:21+08:00 ] 127.0.0.1 127.0.0.1 GET /cms/public/index.php/install/index/step1.html
[ log ] 127.0.0.1/cms/public/index.php/install/index/step1.html [运行时间：0.031001s][吞吐率：32.26req/s] [内存消耗：2,990.73kb] [文件加载：46]
[ info ] [ LANG ] F:\wamp\www\cms\thinkphp\lang\zh-cn.php
[ info ] [ ROUTE ] array (
  'type' => 'module',
  'module' => 
  array (
    0 => 'install',
    1 => 'index',
    2 => 'step1',
  ),
)
[ info ] [ HEADER ] array (
  'host' => '127.0.0.1',
  'user-agent' => 'Mozilla/5.0 (Windows NT 6.1; WOW64; rv:56.0) Gecko/20100101 Firefox/56.0',
  'accept' => 'text/html,application/xhtml+xml,application/xml;q=0.9,*/*;q=0.8',
  'accept-language' => 'zh-CN,zh;q=0.8,en-US;q=0.5,en;q=0.3',
  'accept-encoding' => 'gzip, deflate',
  'cookie' => 'Hm_lvt_d7e112eaeea65921aeaadcc0af8f2853=1495546959,1496469174,1496549435; Hm_lvt_b5ae3f71dfe5f06a9dd4dc55087f27d1=1506310525; ECS[visit_times]=6; CNZZDATA726388=cnzz_eid%3D1468040495-1491468025-%26ntime%3D1492926025; CNZZDATA947842=cnzz_eid%3D900007543-1492349940-null%26ntime%3D1497774919; bdshare_firstime=1492352785249; CNZZDATA1260327944=345544524-1495008067-http%253A%252F%252F127.0.0.1%252F%7C1495008067; Hm_lvt_5f5a95758129ff157ca4d0d7afabff18=1506310694; Hm_lvt_d7d8202d7d086bdfdd5750a243f55a2d=1500562284; CNZZDATA1263567803=2135454377-1502874283-%7C1503755161; PHPSESSID=p0klam3n6u8urcii4rnf2e06u2',
  'connection' => 'keep-alive',
  'upgrade-insecure-requests' => '1',
  'cache-control' => 'max-age=0',
)
[ info ] [ PARAM ] array (
)
[ info ] [ RUN ] app\install\controller\Index->step1[ F:\wamp\www\cms\application\install\controller\Index.php ]
[ info ] [ SESSION ] INIT array (
  'id' => '',
  'var_session_id' => '',
  'prefix' => 'think',
  'type' => '',
  'auto_start' => true,
)
[ info ] [ VIEW ] F:\wamp\www\cms\public/../application/install\view\index\step1.html [ array (
  0 => 'envArr',
  1 => 'funArr',
) ]
[ info ] [ LOG ] INIT File

---------------------------------------------------------------
[ 2017-10-19T20:09:58+08:00 ] 127.0.0.1 127.0.0.1 GET /cms/public/index.php/install/index/step1.html
[ log ] 127.0.0.1/cms/public/index.php/install/index/step1.html [运行时间：0.043002s][吞吐率：23.25req/s] [内存消耗：2,990.49kb] [文件加载：46]
[ info ] [ LANG ] F:\wamp\www\cms\thinkphp\lang\zh-cn.php
[ info ] [ ROUTE ] array (
  'type' => 'module',
  'module' => 
  array (
    0 => 'install',
    1 => 'index',
    2 => 'step1',
  ),
)
[ info ] [ HEADER ] array (
  'host' => '127.0.0.1',
  'user-agent' => 'Mozilla/5.0 (Windows NT 6.1; WOW64; rv:56.0) Gecko/20100101 Firefox/56.0',
  'accept' => 'text/html,application/xhtml+xml,application/xml;q=0.9,*/*;q=0.8',
  'accept-language' => 'zh-CN,zh;q=0.8,en-US;q=0.5,en;q=0.3',
  'accept-encoding' => 'gzip, deflate',
  'cookie' => 'Hm_lvt_d7e112eaeea65921aeaadcc0af8f2853=1495546959,1496469174,1496549435; Hm_lvt_b5ae3f71dfe5f06a9dd4dc55087f27d1=1506310525; ECS[visit_times]=6; CNZZDATA726388=cnzz_eid%3D1468040495-1491468025-%26ntime%3D1492926025; CNZZDATA947842=cnzz_eid%3D900007543-1492349940-null%26ntime%3D1497774919; bdshare_firstime=1492352785249; CNZZDATA1260327944=345544524-1495008067-http%253A%252F%252F127.0.0.1%252F%7C1495008067; Hm_lvt_5f5a95758129ff157ca4d0d7afabff18=1506310694; Hm_lvt_d7d8202d7d086bdfdd5750a243f55a2d=1500562284; CNZZDATA1263567803=2135454377-1502874283-%7C1503755161; PHPSESSID=p0klam3n6u8urcii4rnf2e06u2',
  'connection' => 'keep-alive',
  'upgrade-insecure-requests' => '1',
  'cache-control' => 'max-age=0',
)
[ info ] [ PARAM ] array (
)
[ info ] [ RUN ] app\install\controller\Index->step1[ F:\wamp\www\cms\application\install\controller\Index.php ]
[ info ] [ SESSION ] INIT array (
  'id' => '',
  'var_session_id' => '',
  'prefix' => 'think',
  'type' => '',
  'auto_start' => true,
)
[ info ] [ VIEW ] F:\wamp\www\cms\public/../application/install\view\index\step1.html [ array (
  0 => 'envArr',
  1 => 'funArr',
) ]
[ info ] [ LOG ] INIT File

---------------------------------------------------------------
[ 2017-10-19T20:09:59+08:00 ] 127.0.0.1 127.0.0.1 GET /cms/public/index.php/install/index/step1.html
[ log ] 127.0.0.1/cms/public/index.php/install/index/step1.html [运行时间：0.056003s][吞吐率：17.86req/s] [内存消耗：2,990.49kb] [文件加载：46]
[ info ] [ LANG ] F:\wamp\www\cms\thinkphp\lang\zh-cn.php
[ info ] [ ROUTE ] array (
  'type' => 'module',
  'module' => 
  array (
    0 => 'install',
    1 => 'index',
    2 => 'step1',
  ),
)
[ info ] [ HEADER ] array (
  'host' => '127.0.0.1',
  'user-agent' => 'Mozilla/5.0 (Windows NT 6.1; WOW64; rv:56.0) Gecko/20100101 Firefox/56.0',
  'accept' => 'text/html,application/xhtml+xml,application/xml;q=0.9,*/*;q=0.8',
  'accept-language' => 'zh-CN,zh;q=0.8,en-US;q=0.5,en;q=0.3',
  'accept-encoding' => 'gzip, deflate',
  'cookie' => 'Hm_lvt_d7e112eaeea65921aeaadcc0af8f2853=1495546959,1496469174,1496549435; Hm_lvt_b5ae3f71dfe5f06a9dd4dc55087f27d1=1506310525; ECS[visit_times]=6; CNZZDATA726388=cnzz_eid%3D1468040495-1491468025-%26ntime%3D1492926025; CNZZDATA947842=cnzz_eid%3D900007543-1492349940-null%26ntime%3D1497774919; bdshare_firstime=1492352785249; CNZZDATA1260327944=345544524-1495008067-http%253A%252F%252F127.0.0.1%252F%7C1495008067; Hm_lvt_5f5a95758129ff157ca4d0d7afabff18=1506310694; Hm_lvt_d7d8202d7d086bdfdd5750a243f55a2d=1500562284; CNZZDATA1263567803=2135454377-1502874283-%7C1503755161; PHPSESSID=p0klam3n6u8urcii4rnf2e06u2',
  'connection' => 'keep-alive',
  'upgrade-insecure-requests' => '1',
  'cache-control' => 'max-age=0',
)
[ info ] [ PARAM ] array (
)
[ info ] [ RUN ] app\install\controller\Index->step1[ F:\wamp\www\cms\application\install\controller\Index.php ]
[ info ] [ SESSION ] INIT array (
  'id' => '',
  'var_session_id' => '',
  'prefix' => 'think',
  'type' => '',
  'auto_start' => true,
)
[ info ] [ VIEW ] F:\wamp\www\cms\public/../application/install\view\index\step1.html [ array (
  0 => 'envArr',
  1 => 'funArr',
) ]
[ info ] [ LOG ] INIT File

---------------------------------------------------------------
[ 2017-10-19T20:09:59+08:00 ] 127.0.0.1 127.0.0.1 GET /cms/public/index.php/install/index/step1.html
[ log ] 127.0.0.1/cms/public/index.php/install/index/step1.html [运行时间：0.028002s][吞吐率：35.71req/s] [内存消耗：2,990.49kb] [文件加载：46]
[ info ] [ LANG ] F:\wamp\www\cms\thinkphp\lang\zh-cn.php
[ info ] [ ROUTE ] array (
  'type' => 'module',
  'module' => 
  array (
    0 => 'install',
    1 => 'index',
    2 => 'step1',
  ),
)
[ info ] [ HEADER ] array (
  'host' => '127.0.0.1',
  'user-agent' => 'Mozilla/5.0 (Windows NT 6.1; WOW64; rv:56.0) Gecko/20100101 Firefox/56.0',
  'accept' => 'text/html,application/xhtml+xml,application/xml;q=0.9,*/*;q=0.8',
  'accept-language' => 'zh-CN,zh;q=0.8,en-US;q=0.5,en;q=0.3',
  'accept-encoding' => 'gzip, deflate',
  'cookie' => 'Hm_lvt_d7e112eaeea65921aeaadcc0af8f2853=1495546959,1496469174,1496549435; Hm_lvt_b5ae3f71dfe5f06a9dd4dc55087f27d1=1506310525; ECS[visit_times]=6; CNZZDATA726388=cnzz_eid%3D1468040495-1491468025-%26ntime%3D1492926025; CNZZDATA947842=cnzz_eid%3D900007543-1492349940-null%26ntime%3D1497774919; bdshare_firstime=1492352785249; CNZZDATA1260327944=345544524-1495008067-http%253A%252F%252F127.0.0.1%252F%7C1495008067; Hm_lvt_5f5a95758129ff157ca4d0d7afabff18=1506310694; Hm_lvt_d7d8202d7d086bdfdd5750a243f55a2d=1500562284; CNZZDATA1263567803=2135454377-1502874283-%7C1503755161; PHPSESSID=p0klam3n6u8urcii4rnf2e06u2',
  'connection' => 'keep-alive',
  'upgrade-insecure-requests' => '1',
  'cache-control' => 'max-age=0',
)
[ info ] [ PARAM ] array (
)
[ info ] [ RUN ] app\install\controller\Index->step1[ F:\wamp\www\cms\application\install\controller\Index.php ]
[ info ] [ SESSION ] INIT array (
  'id' => '',
  'var_session_id' => '',
  'prefix' => 'think',
  'type' => '',
  'auto_start' => true,
)
[ info ] [ VIEW ] F:\wamp\www\cms\public/../application/install\view\index\step1.html [ array (
  0 => 'envArr',
  1 => 'funArr',
) ]
[ info ] [ LOG ] INIT File

---------------------------------------------------------------
[ 2017-10-19T20:09:59+08:00 ] 127.0.0.1 127.0.0.1 GET /cms/public/index.php/install/index/step1.html
[ log ] 127.0.0.1/cms/public/index.php/install/index/step1.html [运行时间：0.026001s][吞吐率：38.46req/s] [内存消耗：2,990.49kb] [文件加载：46]
[ info ] [ LANG ] F:\wamp\www\cms\thinkphp\lang\zh-cn.php
[ info ] [ ROUTE ] array (
  'type' => 'module',
  'module' => 
  array (
    0 => 'install',
    1 => 'index',
    2 => 'step1',
  ),
)
[ info ] [ HEADER ] array (
  'host' => '127.0.0.1',
  'user-agent' => 'Mozilla/5.0 (Windows NT 6.1; WOW64; rv:56.0) Gecko/20100101 Firefox/56.0',
  'accept' => 'text/html,application/xhtml+xml,application/xml;q=0.9,*/*;q=0.8',
  'accept-language' => 'zh-CN,zh;q=0.8,en-US;q=0.5,en;q=0.3',
  'accept-encoding' => 'gzip, deflate',
  'cookie' => 'Hm_lvt_d7e112eaeea65921aeaadcc0af8f2853=1495546959,1496469174,1496549435; Hm_lvt_b5ae3f71dfe5f06a9dd4dc55087f27d1=1506310525; ECS[visit_times]=6; CNZZDATA726388=cnzz_eid%3D1468040495-1491468025-%26ntime%3D1492926025; CNZZDATA947842=cnzz_eid%3D900007543-1492349940-null%26ntime%3D1497774919; bdshare_firstime=1492352785249; CNZZDATA1260327944=345544524-1495008067-http%253A%252F%252F127.0.0.1%252F%7C1495008067; Hm_lvt_5f5a95758129ff157ca4d0d7afabff18=1506310694; Hm_lvt_d7d8202d7d086bdfdd5750a243f55a2d=1500562284; CNZZDATA1263567803=2135454377-1502874283-%7C1503755161; PHPSESSID=p0klam3n6u8urcii4rnf2e06u2',
  'connection' => 'keep-alive',
  'upgrade-insecure-requests' => '1',
  'cache-control' => 'max-age=0',
)
[ info ] [ PARAM ] array (
)
[ info ] [ RUN ] app\install\controller\Index->step1[ F:\wamp\www\cms\application\install\controller\Index.php ]
[ info ] [ SESSION ] INIT array (
  'id' => '',
  'var_session_id' => '',
  'prefix' => 'think',
  'type' => '',
  'auto_start' => true,
)
[ info ] [ VIEW ] F:\wamp\www\cms\public/../application/install\view\index\step1.html [ array (
  0 => 'envArr',
  1 => 'funArr',
) ]
[ info ] [ LOG ] INIT File

---------------------------------------------------------------
[ 2017-10-19T20:11:17+08:00 ] 127.0.0.1 127.0.0.1 GET /cms/public/index.php/install/index/step1.html
[ log ] 127.0.0.1/cms/public/index.php/install/index/step1.html [运行时间：0.047002s][吞吐率：21.28req/s] [内存消耗：2,991.88kb] [文件加载：46]
[ info ] [ LANG ] F:\wamp\www\cms\thinkphp\lang\zh-cn.php
[ info ] [ ROUTE ] array (
  'type' => 'module',
  'module' => 
  array (
    0 => 'install',
    1 => 'index',
    2 => 'step1',
  ),
)
[ info ] [ HEADER ] array (
  'host' => '127.0.0.1',
  'user-agent' => 'Mozilla/5.0 (Windows NT 6.1; WOW64; rv:56.0) Gecko/20100101 Firefox/56.0',
  'accept' => 'text/html,application/xhtml+xml,application/xml;q=0.9,*/*;q=0.8',
  'accept-language' => 'zh-CN,zh;q=0.8,en-US;q=0.5,en;q=0.3',
  'accept-encoding' => 'gzip, deflate',
  'cookie' => 'Hm_lvt_d7e112eaeea65921aeaadcc0af8f2853=1495546959,1496469174,1496549435; Hm_lvt_b5ae3f71dfe5f06a9dd4dc55087f27d1=1506310525; ECS[visit_times]=6; CNZZDATA726388=cnzz_eid%3D1468040495-1491468025-%26ntime%3D1492926025; CNZZDATA947842=cnzz_eid%3D900007543-1492349940-null%26ntime%3D1497774919; bdshare_firstime=1492352785249; CNZZDATA1260327944=345544524-1495008067-http%253A%252F%252F127.0.0.1%252F%7C1495008067; Hm_lvt_5f5a95758129ff157ca4d0d7afabff18=1506310694; Hm_lvt_d7d8202d7d086bdfdd5750a243f55a2d=1500562284; CNZZDATA1263567803=2135454377-1502874283-%7C1503755161; PHPSESSID=p0klam3n6u8urcii4rnf2e06u2',
  'connection' => 'keep-alive',
  'upgrade-insecure-requests' => '1',
  'cache-control' => 'max-age=0',
)
[ info ] [ PARAM ] array (
)
[ info ] [ RUN ] app\install\controller\Index->step1[ F:\wamp\www\cms\application\install\controller\Index.php ]
[ info ] [ SESSION ] INIT array (
  'id' => '',
  'var_session_id' => '',
  'prefix' => 'think',
  'type' => '',
  'auto_start' => true,
)
[ info ] [ VIEW ] F:\wamp\www\cms\public/../application/install\view\index\step1.html [ array (
  0 => 'envArr',
  1 => 'funArr',
) ]
[ info ] [ LOG ] INIT File

---------------------------------------------------------------
[ 2017-10-19T20:11:47+08:00 ] 127.0.0.1 127.0.0.1 GET /cms/public/index.php/install/index/step1.html
[ log ] 127.0.0.1/cms/public/index.php/install/index/step1.html [运行时间：0.047002s][吞吐率：21.28req/s] [内存消耗：2,991.54kb] [文件加载：46]
[ info ] [ LANG ] F:\wamp\www\cms\thinkphp\lang\zh-cn.php
[ info ] [ ROUTE ] array (
  'type' => 'module',
  'module' => 
  array (
    0 => 'install',
    1 => 'index',
    2 => 'step1',
  ),
)
[ info ] [ HEADER ] array (
  'host' => '127.0.0.1',
  'user-agent' => 'Mozilla/5.0 (Windows NT 6.1; WOW64; rv:56.0) Gecko/20100101 Firefox/56.0',
  'accept' => 'text/html,application/xhtml+xml,application/xml;q=0.9,*/*;q=0.8',
  'accept-language' => 'zh-CN,zh;q=0.8,en-US;q=0.5,en;q=0.3',
  'accept-encoding' => 'gzip, deflate',
  'cookie' => 'Hm_lvt_d7e112eaeea65921aeaadcc0af8f2853=1495546959,1496469174,1496549435; Hm_lvt_b5ae3f71dfe5f06a9dd4dc55087f27d1=1506310525; ECS[visit_times]=6; CNZZDATA726388=cnzz_eid%3D1468040495-1491468025-%26ntime%3D1492926025; CNZZDATA947842=cnzz_eid%3D900007543-1492349940-null%26ntime%3D1497774919; bdshare_firstime=1492352785249; CNZZDATA1260327944=345544524-1495008067-http%253A%252F%252F127.0.0.1%252F%7C1495008067; Hm_lvt_5f5a95758129ff157ca4d0d7afabff18=1506310694; Hm_lvt_d7d8202d7d086bdfdd5750a243f55a2d=1500562284; CNZZDATA1263567803=2135454377-1502874283-%7C1503755161; PHPSESSID=p0klam3n6u8urcii4rnf2e06u2',
  'connection' => 'keep-alive',
  'upgrade-insecure-requests' => '1',
  'cache-control' => 'max-age=0',
)
[ info ] [ PARAM ] array (
)
[ info ] [ RUN ] app\install\controller\Index->step1[ F:\wamp\www\cms\application\install\controller\Index.php ]
[ info ] [ SESSION ] INIT array (
  'id' => '',
  'var_session_id' => '',
  'prefix' => 'think',
  'type' => '',
  'auto_start' => true,
)
[ info ] [ VIEW ] F:\wamp\www\cms\public/../application/install\view\index\step1.html [ array (
  0 => 'envArr',
  1 => 'funArr',
) ]
[ info ] [ LOG ] INIT File

---------------------------------------------------------------
[ 2017-10-19T20:12:01+08:00 ] 127.0.0.1 127.0.0.1 GET /cms/public/index.php/install/index/step1.html
[ log ] 127.0.0.1/cms/public/index.php/install/index/step1.html [运行时间：0.041003s][吞吐率：24.39req/s] [内存消耗：2,991.52kb] [文件加载：46]
[ info ] [ LANG ] F:\wamp\www\cms\thinkphp\lang\zh-cn.php
[ info ] [ ROUTE ] array (
  'type' => 'module',
  'module' => 
  array (
    0 => 'install',
    1 => 'index',
    2 => 'step1',
  ),
)
[ info ] [ HEADER ] array (
  'host' => '127.0.0.1',
  'user-agent' => 'Mozilla/5.0 (Windows NT 6.1; WOW64; rv:56.0) Gecko/20100101 Firefox/56.0',
  'accept' => 'text/html,application/xhtml+xml,application/xml;q=0.9,*/*;q=0.8',
  'accept-language' => 'zh-CN,zh;q=0.8,en-US;q=0.5,en;q=0.3',
  'accept-encoding' => 'gzip, deflate',
  'cookie' => 'Hm_lvt_d7e112eaeea65921aeaadcc0af8f2853=1495546959,1496469174,1496549435; Hm_lvt_b5ae3f71dfe5f06a9dd4dc55087f27d1=1506310525; ECS[visit_times]=6; CNZZDATA726388=cnzz_eid%3D1468040495-1491468025-%26ntime%3D1492926025; CNZZDATA947842=cnzz_eid%3D900007543-1492349940-null%26ntime%3D1497774919; bdshare_firstime=1492352785249; CNZZDATA1260327944=345544524-1495008067-http%253A%252F%252F127.0.0.1%252F%7C1495008067; Hm_lvt_5f5a95758129ff157ca4d0d7afabff18=1506310694; Hm_lvt_d7d8202d7d086bdfdd5750a243f55a2d=1500562284; CNZZDATA1263567803=2135454377-1502874283-%7C1503755161; PHPSESSID=p0klam3n6u8urcii4rnf2e06u2',
  'connection' => 'keep-alive',
  'upgrade-insecure-requests' => '1',
  'cache-control' => 'max-age=0',
)
[ info ] [ PARAM ] array (
)
[ info ] [ RUN ] app\install\controller\Index->step1[ F:\wamp\www\cms\application\install\controller\Index.php ]
[ info ] [ SESSION ] INIT array (
  'id' => '',
  'var_session_id' => '',
  'prefix' => 'think',
  'type' => '',
  'auto_start' => true,
)
[ info ] [ VIEW ] F:\wamp\www\cms\public/../application/install\view\index\step1.html [ array (
  0 => 'envArr',
  1 => 'funArr',
) ]
[ info ] [ LOG ] INIT File

---------------------------------------------------------------
[ 2017-10-19T20:12:13+08:00 ] 127.0.0.1 127.0.0.1 GET /cms/public/index.php/install/index/step1.html
[ log ] 127.0.0.1/cms/public/index.php/install/index/step1.html [运行时间：0.044002s][吞吐率：22.73req/s] [内存消耗：2,991.52kb] [文件加载：46]
[ info ] [ LANG ] F:\wamp\www\cms\thinkphp\lang\zh-cn.php
[ info ] [ ROUTE ] array (
  'type' => 'module',
  'module' => 
  array (
    0 => 'install',
    1 => 'index',
    2 => 'step1',
  ),
)
[ info ] [ HEADER ] array (
  'host' => '127.0.0.1',
  'user-agent' => 'Mozilla/5.0 (Windows NT 6.1; WOW64; rv:56.0) Gecko/20100101 Firefox/56.0',
  'accept' => 'text/html,application/xhtml+xml,application/xml;q=0.9,*/*;q=0.8',
  'accept-language' => 'zh-CN,zh;q=0.8,en-US;q=0.5,en;q=0.3',
  'accept-encoding' => 'gzip, deflate',
  'cookie' => 'Hm_lvt_d7e112eaeea65921aeaadcc0af8f2853=1495546959,1496469174,1496549435; Hm_lvt_b5ae3f71dfe5f06a9dd4dc55087f27d1=1506310525; ECS[visit_times]=6; CNZZDATA726388=cnzz_eid%3D1468040495-1491468025-%26ntime%3D1492926025; CNZZDATA947842=cnzz_eid%3D900007543-1492349940-null%26ntime%3D1497774919; bdshare_firstime=1492352785249; CNZZDATA1260327944=345544524-1495008067-http%253A%252F%252F127.0.0.1%252F%7C1495008067; Hm_lvt_5f5a95758129ff157ca4d0d7afabff18=1506310694; Hm_lvt_d7d8202d7d086bdfdd5750a243f55a2d=1500562284; CNZZDATA1263567803=2135454377-1502874283-%7C1503755161; PHPSESSID=p0klam3n6u8urcii4rnf2e06u2',
  'connection' => 'keep-alive',
  'upgrade-insecure-requests' => '1',
  'cache-control' => 'max-age=0',
)
[ info ] [ PARAM ] array (
)
[ info ] [ RUN ] app\install\controller\Index->step1[ F:\wamp\www\cms\application\install\controller\Index.php ]
[ info ] [ SESSION ] INIT array (
  'id' => '',
  'var_session_id' => '',
  'prefix' => 'think',
  'type' => '',
  'auto_start' => true,
)
[ info ] [ VIEW ] F:\wamp\www\cms\public/../application/install\view\index\step1.html [ array (
  0 => 'envArr',
  1 => 'funArr',
) ]
[ info ] [ LOG ] INIT File

---------------------------------------------------------------
[ 2017-10-19T20:13:02+08:00 ] 127.0.0.1 127.0.0.1 GET /cms/public/index.php/install/index/step1.html
[ log ] 127.0.0.1/cms/public/index.php/install/index/step1.html [运行时间：0.049002s][吞吐率：20.41req/s] [内存消耗：2,991.64kb] [文件加载：46]
[ info ] [ LANG ] F:\wamp\www\cms\thinkphp\lang\zh-cn.php
[ info ] [ ROUTE ] array (
  'type' => 'module',
  'module' => 
  array (
    0 => 'install',
    1 => 'index',
    2 => 'step1',
  ),
)
[ info ] [ HEADER ] array (
  'host' => '127.0.0.1',
  'user-agent' => 'Mozilla/5.0 (Windows NT 6.1; WOW64; rv:56.0) Gecko/20100101 Firefox/56.0',
  'accept' => 'text/html,application/xhtml+xml,application/xml;q=0.9,*/*;q=0.8',
  'accept-language' => 'zh-CN,zh;q=0.8,en-US;q=0.5,en;q=0.3',
  'accept-encoding' => 'gzip, deflate',
  'cookie' => 'Hm_lvt_d7e112eaeea65921aeaadcc0af8f2853=1495546959,1496469174,1496549435; Hm_lvt_b5ae3f71dfe5f06a9dd4dc55087f27d1=1506310525; ECS[visit_times]=6; CNZZDATA726388=cnzz_eid%3D1468040495-1491468025-%26ntime%3D1492926025; CNZZDATA947842=cnzz_eid%3D900007543-1492349940-null%26ntime%3D1497774919; bdshare_firstime=1492352785249; CNZZDATA1260327944=345544524-1495008067-http%253A%252F%252F127.0.0.1%252F%7C1495008067; Hm_lvt_5f5a95758129ff157ca4d0d7afabff18=1506310694; Hm_lvt_d7d8202d7d086bdfdd5750a243f55a2d=1500562284; CNZZDATA1263567803=2135454377-1502874283-%7C1503755161; PHPSESSID=p0klam3n6u8urcii4rnf2e06u2',
  'connection' => 'keep-alive',
  'upgrade-insecure-requests' => '1',
  'cache-control' => 'max-age=0',
)
[ info ] [ PARAM ] array (
)
[ info ] [ RUN ] app\install\controller\Index->step1[ F:\wamp\www\cms\application\install\controller\Index.php ]
[ info ] [ SESSION ] INIT array (
  'id' => '',
  'var_session_id' => '',
  'prefix' => 'think',
  'type' => '',
  'auto_start' => true,
)
[ info ] [ VIEW ] F:\wamp\www\cms\public/../application/install\view\index\step1.html [ array (
  0 => 'envArr',
  1 => 'funArr',
) ]
[ info ] [ LOG ] INIT File

---------------------------------------------------------------
[ 2017-10-19T20:13:10+08:00 ] 127.0.0.1 127.0.0.1 GET /cms/public/index.php/install/index/step1.html
[ log ] 127.0.0.1/cms/public/index.php/install/index/step1.html [运行时间：0.037002s][吞吐率：27.03req/s] [内存消耗：2,990.28kb] [文件加载：46]
[ info ] [ LANG ] F:\wamp\www\cms\thinkphp\lang\zh-cn.php
[ info ] [ ROUTE ] array (
  'type' => 'module',
  'module' => 
  array (
    0 => 'install',
    1 => 'index',
    2 => 'step1',
  ),
)
[ info ] [ HEADER ] array (
  'host' => '127.0.0.1',
  'user-agent' => 'Mozilla/5.0 (Windows NT 6.1; WOW64; rv:56.0) Gecko/20100101 Firefox/56.0',
  'accept' => 'text/html,application/xhtml+xml,application/xml;q=0.9,*/*;q=0.8',
  'accept-language' => 'zh-CN,zh;q=0.8,en-US;q=0.5,en;q=0.3',
  'accept-encoding' => 'gzip, deflate',
  'cookie' => 'Hm_lvt_d7e112eaeea65921aeaadcc0af8f2853=1495546959,1496469174,1496549435; Hm_lvt_b5ae3f71dfe5f06a9dd4dc55087f27d1=1506310525; ECS[visit_times]=6; CNZZDATA726388=cnzz_eid%3D1468040495-1491468025-%26ntime%3D1492926025; CNZZDATA947842=cnzz_eid%3D900007543-1492349940-null%26ntime%3D1497774919; bdshare_firstime=1492352785249; CNZZDATA1260327944=345544524-1495008067-http%253A%252F%252F127.0.0.1%252F%7C1495008067; Hm_lvt_5f5a95758129ff157ca4d0d7afabff18=1506310694; Hm_lvt_d7d8202d7d086bdfdd5750a243f55a2d=1500562284; CNZZDATA1263567803=2135454377-1502874283-%7C1503755161; PHPSESSID=p0klam3n6u8urcii4rnf2e06u2',
  'connection' => 'keep-alive',
  'upgrade-insecure-requests' => '1',
  'cache-control' => 'max-age=0',
)
[ info ] [ PARAM ] array (
)
[ info ] [ RUN ] app\install\controller\Index->step1[ F:\wamp\www\cms\application\install\controller\Index.php ]
[ info ] [ SESSION ] INIT array (
  'id' => '',
  'var_session_id' => '',
  'prefix' => 'think',
  'type' => '',
  'auto_start' => true,
)
[ info ] [ VIEW ] F:\wamp\www\cms\public/../application/install\view\index\step1.html [ array (
  0 => 'envArr',
  1 => 'funArr',
) ]
[ info ] [ LOG ] INIT File

---------------------------------------------------------------
[ 2017-10-19T20:24:09+08:00 ] 127.0.0.1 127.0.0.1 GET /cms/public/index.php/install/index
[ log ] 127.0.0.1/cms/public/index.php/install/index [运行时间：0.081004s][吞吐率：12.35req/s] [内存消耗：3,354.75kb] [文件加载：49]
[ info ] [ LANG ] F:\wamp\www\cms\thinkphp\lang\zh-cn.php
[ info ] [ ROUTE ] array (
  'type' => 'module',
  'module' => 
  array (
    0 => 'install',
    1 => 'index',
    2 => NULL,
  ),
)
[ info ] [ HEADER ] array (
  'host' => '127.0.0.1',
  'user-agent' => 'Mozilla/5.0 (Windows NT 6.1; WOW64; rv:56.0) Gecko/20100101 Firefox/56.0',
  'accept' => 'text/html,application/xhtml+xml,application/xml;q=0.9,*/*;q=0.8',
  'accept-language' => 'zh-CN,zh;q=0.8,en-US;q=0.5,en;q=0.3',
  'accept-encoding' => 'gzip, deflate',
  'cookie' => 'Hm_lvt_d7e112eaeea65921aeaadcc0af8f2853=1495546959,1496469174,1496549435; Hm_lvt_b5ae3f71dfe5f06a9dd4dc55087f27d1=1506310525; ECS[visit_times]=6; CNZZDATA726388=cnzz_eid%3D1468040495-1491468025-%26ntime%3D1492926025; CNZZDATA947842=cnzz_eid%3D900007543-1492349940-null%26ntime%3D1497774919; bdshare_firstime=1492352785249; CNZZDATA1260327944=345544524-1495008067-http%253A%252F%252F127.0.0.1%252F%7C1495008067; Hm_lvt_5f5a95758129ff157ca4d0d7afabff18=1506310694; Hm_lvt_d7d8202d7d086bdfdd5750a243f55a2d=1500562284; CNZZDATA1263567803=2135454377-1502874283-%7C1503755161; PHPSESSID=p0klam3n6u8urcii4rnf2e06u2',
  'connection' => 'keep-alive',
  'upgrade-insecure-requests' => '1',
)
[ info ] [ PARAM ] array (
)
[ info ] [ RUN ] app\install\controller\Index->index[ F:\wamp\www\cms\application\install\controller\Index.php ]
[ info ] [ SESSION ] INIT array (
  'id' => '',
  'var_session_id' => '',
  'prefix' => 'think',
  'type' => '',
  'auto_start' => true,
)
[ info ] [ VIEW ] F:\wamp\www\cms\public/../application/install\view\index\index.html [ array (
) ]
[ info ] [ LOG ] INIT File

---------------------------------------------------------------
[ 2017-10-19T20:24:35+08:00 ] 127.0.0.1 127.0.0.1 GET /cms/public/index.php/install/index
[ log ] 127.0.0.1/cms/public/index.php/install/index [运行时间：0.057003s][吞吐率：17.54req/s] [内存消耗：3,092.80kb] [文件加载：47]
[ info ] [ LANG ] F:\wamp\www\cms\thinkphp\lang\zh-cn.php
[ info ] [ ROUTE ] array (
  'type' => 'module',
  'module' => 
  array (
    0 => 'install',
    1 => 'index',
    2 => NULL,
  ),
)
[ info ] [ HEADER ] array (
  'host' => '127.0.0.1',
  'user-agent' => 'Mozilla/5.0 (Windows NT 6.1; WOW64; rv:56.0) Gecko/20100101 Firefox/56.0',
  'accept' => 'text/html,application/xhtml+xml,application/xml;q=0.9,*/*;q=0.8',
  'accept-language' => 'zh-CN,zh;q=0.8,en-US;q=0.5,en;q=0.3',
  'accept-encoding' => 'gzip, deflate',
  'cookie' => 'Hm_lvt_d7e112eaeea65921aeaadcc0af8f2853=1495546959,1496469174,1496549435; Hm_lvt_b5ae3f71dfe5f06a9dd4dc55087f27d1=1506310525; ECS[visit_times]=6; CNZZDATA726388=cnzz_eid%3D1468040495-1491468025-%26ntime%3D1492926025; CNZZDATA947842=cnzz_eid%3D900007543-1492349940-null%26ntime%3D1497774919; bdshare_firstime=1492352785249; CNZZDATA1260327944=345544524-1495008067-http%253A%252F%252F127.0.0.1%252F%7C1495008067; Hm_lvt_5f5a95758129ff157ca4d0d7afabff18=1506310694; Hm_lvt_d7d8202d7d086bdfdd5750a243f55a2d=1500562284; CNZZDATA1263567803=2135454377-1502874283-%7C1503755161; PHPSESSID=p0klam3n6u8urcii4rnf2e06u2',
  'connection' => 'keep-alive',
  'upgrade-insecure-requests' => '1',
  'cache-control' => 'max-age=0',
)
[ info ] [ PARAM ] array (
)
[ info ] [ RUN ] app\install\controller\Index->index[ F:\wamp\www\cms\application\install\controller\Index.php ]
[ info ] [ SESSION ] INIT array (
  'id' => '',
  'var_session_id' => '',
  'prefix' => 'think',
  'type' => '',
  'auto_start' => true,
)
[ info ] [ VIEW ] F:\wamp\www\cms\public/../application/install\view\index\index.html [ array (
) ]
[ info ] [ LOG ] INIT File

---------------------------------------------------------------
[ 2017-10-19T20:37:03+08:00 ] 127.0.0.1 127.0.0.1 GET /cms/public/index.php/install/index/step1.html
[ log ] 127.0.0.1/cms/public/index.php/install/index/step1.html [运行时间：0.110006s][吞吐率：9.09req/s] [内存消耗：3,262.62kb] [文件加载：48]
[ info ] [ LANG ] F:\wamp\www\cms\thinkphp\lang\zh-cn.php
[ info ] [ ROUTE ] array (
  'type' => 'module',
  'module' => 
  array (
    0 => 'install',
    1 => 'index',
    2 => 'step1',
  ),
)
[ info ] [ HEADER ] array (
  'host' => '127.0.0.1',
  'user-agent' => 'Mozilla/5.0 (Windows NT 6.1; WOW64; rv:56.0) Gecko/20100101 Firefox/56.0',
  'accept' => 'text/html,application/xhtml+xml,application/xml;q=0.9,*/*;q=0.8',
  'accept-language' => 'zh-CN,zh;q=0.8,en-US;q=0.5,en;q=0.3',
  'accept-encoding' => 'gzip, deflate',
  'cookie' => 'Hm_lvt_d7e112eaeea65921aeaadcc0af8f2853=1495546959,1496469174,1496549435; Hm_lvt_b5ae3f71dfe5f06a9dd4dc55087f27d1=1506310525; ECS[visit_times]=6; CNZZDATA726388=cnzz_eid%3D1468040495-1491468025-%26ntime%3D1492926025; CNZZDATA947842=cnzz_eid%3D900007543-1492349940-null%26ntime%3D1497774919; bdshare_firstime=1492352785249; CNZZDATA1260327944=345544524-1495008067-http%253A%252F%252F127.0.0.1%252F%7C1495008067; Hm_lvt_5f5a95758129ff157ca4d0d7afabff18=1506310694; Hm_lvt_d7d8202d7d086bdfdd5750a243f55a2d=1500562284; CNZZDATA1263567803=2135454377-1502874283-%7C1503755161; PHPSESSID=p0klam3n6u8urcii4rnf2e06u2',
  'connection' => 'keep-alive',
  'upgrade-insecure-requests' => '1',
  'cache-control' => 'max-age=0',
)
[ info ] [ PARAM ] array (
)
[ info ] [ RUN ] app\install\controller\Index->step1[ F:\wamp\www\cms\application\install\controller\Index.php ]
[ info ] [ SESSION ] INIT array (
  'id' => '',
  'var_session_id' => '',
  'prefix' => 'think',
  'type' => '',
  'auto_start' => true,
)
[ info ] [ VIEW ] F:\wamp\www\cms\public/../application/install\view\index\step1.html [ array (
  0 => 'envArr',
  1 => 'funArr',
  2 => 'dirfileArr',
) ]
[ info ] [ LOG ] INIT File

---------------------------------------------------------------
[ 2017-10-19T20:37:28+08:00 ] 127.0.0.1 127.0.0.1 GET /cms/public/index.php/install/index/step1.html
[ log ] 127.0.0.1/cms/public/index.php/install/index/step1.html [运行时间：0.054003s][吞吐率：18.52req/s] [内存消耗：3,263.20kb] [文件加载：48]
[ info ] [ LANG ] F:\wamp\www\cms\thinkphp\lang\zh-cn.php
[ info ] [ ROUTE ] array (
  'type' => 'module',
  'module' => 
  array (
    0 => 'install',
    1 => 'index',
    2 => 'step1',
  ),
)
[ info ] [ HEADER ] array (
  'host' => '127.0.0.1',
  'user-agent' => 'Mozilla/5.0 (Windows NT 6.1; WOW64; rv:56.0) Gecko/20100101 Firefox/56.0',
  'accept' => 'text/html,application/xhtml+xml,application/xml;q=0.9,*/*;q=0.8',
  'accept-language' => 'zh-CN,zh;q=0.8,en-US;q=0.5,en;q=0.3',
  'accept-encoding' => 'gzip, deflate',
  'cookie' => 'Hm_lvt_d7e112eaeea65921aeaadcc0af8f2853=1495546959,1496469174,1496549435; Hm_lvt_b5ae3f71dfe5f06a9dd4dc55087f27d1=1506310525; ECS[visit_times]=6; CNZZDATA726388=cnzz_eid%3D1468040495-1491468025-%26ntime%3D1492926025; CNZZDATA947842=cnzz_eid%3D900007543-1492349940-null%26ntime%3D1497774919; bdshare_firstime=1492352785249; CNZZDATA1260327944=345544524-1495008067-http%253A%252F%252F127.0.0.1%252F%7C1495008067; Hm_lvt_5f5a95758129ff157ca4d0d7afabff18=1506310694; Hm_lvt_d7d8202d7d086bdfdd5750a243f55a2d=1500562284; CNZZDATA1263567803=2135454377-1502874283-%7C1503755161; PHPSESSID=p0klam3n6u8urcii4rnf2e06u2',
  'connection' => 'keep-alive',
  'upgrade-insecure-requests' => '1',
  'cache-control' => 'max-age=0',
)
[ info ] [ PARAM ] array (
)
[ info ] [ RUN ] app\install\controller\Index->step1[ F:\wamp\www\cms\application\install\controller\Index.php ]
[ info ] [ SESSION ] INIT array (
  'id' => '',
  'var_session_id' => '',
  'prefix' => 'think',
  'type' => '',
  'auto_start' => true,
)
[ info ] [ VIEW ] F:\wamp\www\cms\public/../application/install\view\index\step1.html [ array (
  0 => 'envArr',
  1 => 'funArr',
  2 => 'dirfileArr',
) ]
[ info ] [ LOG ] INIT File

---------------------------------------------------------------
[ 2017-10-19T20:37:54+08:00 ] 127.0.0.1 127.0.0.1 GET /cms/public/index.php/install/index/step1.html
[ log ] 127.0.0.1/cms/public/index.php/install/index/step1.html [运行时间：0.045003s][吞吐率：22.22req/s] [内存消耗：3,263.20kb] [文件加载：48]
[ info ] [ LANG ] F:\wamp\www\cms\thinkphp\lang\zh-cn.php
[ info ] [ ROUTE ] array (
  'type' => 'module',
  'module' => 
  array (
    0 => 'install',
    1 => 'index',
    2 => 'step1',
  ),
)
[ info ] [ HEADER ] array (
  'host' => '127.0.0.1',
  'user-agent' => 'Mozilla/5.0 (Windows NT 6.1; WOW64; rv:56.0) Gecko/20100101 Firefox/56.0',
  'accept' => 'text/html,application/xhtml+xml,application/xml;q=0.9,*/*;q=0.8',
  'accept-language' => 'zh-CN,zh;q=0.8,en-US;q=0.5,en;q=0.3',
  'accept-encoding' => 'gzip, deflate',
  'cookie' => 'Hm_lvt_d7e112eaeea65921aeaadcc0af8f2853=1495546959,1496469174,1496549435; Hm_lvt_b5ae3f71dfe5f06a9dd4dc55087f27d1=1506310525; ECS[visit_times]=6; CNZZDATA726388=cnzz_eid%3D1468040495-1491468025-%26ntime%3D1492926025; CNZZDATA947842=cnzz_eid%3D900007543-1492349940-null%26ntime%3D1497774919; bdshare_firstime=1492352785249; CNZZDATA1260327944=345544524-1495008067-http%253A%252F%252F127.0.0.1%252F%7C1495008067; Hm_lvt_5f5a95758129ff157ca4d0d7afabff18=1506310694; Hm_lvt_d7d8202d7d086bdfdd5750a243f55a2d=1500562284; CNZZDATA1263567803=2135454377-1502874283-%7C1503755161; PHPSESSID=p0klam3n6u8urcii4rnf2e06u2',
  'connection' => 'keep-alive',
  'upgrade-insecure-requests' => '1',
  'cache-control' => 'max-age=0',
)
[ info ] [ PARAM ] array (
)
[ info ] [ RUN ] app\install\controller\Index->step1[ F:\wamp\www\cms\application\install\controller\Index.php ]
[ info ] [ SESSION ] INIT array (
  'id' => '',
  'var_session_id' => '',
  'prefix' => 'think',
  'type' => '',
  'auto_start' => true,
)
[ info ] [ VIEW ] F:\wamp\www\cms\public/../application/install\view\index\step1.html [ array (
  0 => 'envArr',
  1 => 'funArr',
  2 => 'dirfileArr',
) ]
[ info ] [ LOG ] INIT File

---------------------------------------------------------------
[ 2017-10-19T20:38:13+08:00 ] 127.0.0.1 127.0.0.1 GET /cms/public/index.php/install/index/step1.html
[ log ] 127.0.0.1/cms/public/index.php/install/index/step1.html [运行时间：0.043002s][吞吐率：23.25req/s] [内存消耗：3,263.16kb] [文件加载：48]
[ info ] [ LANG ] F:\wamp\www\cms\thinkphp\lang\zh-cn.php
[ info ] [ ROUTE ] array (
  'type' => 'module',
  'module' => 
  array (
    0 => 'install',
    1 => 'index',
    2 => 'step1',
  ),
)
[ info ] [ HEADER ] array (
  'host' => '127.0.0.1',
  'user-agent' => 'Mozilla/5.0 (Windows NT 6.1; WOW64; rv:56.0) Gecko/20100101 Firefox/56.0',
  'accept' => 'text/html,application/xhtml+xml,application/xml;q=0.9,*/*;q=0.8',
  'accept-language' => 'zh-CN,zh;q=0.8,en-US;q=0.5,en;q=0.3',
  'accept-encoding' => 'gzip, deflate',
  'cookie' => 'Hm_lvt_d7e112eaeea65921aeaadcc0af8f2853=1495546959,1496469174,1496549435; Hm_lvt_b5ae3f71dfe5f06a9dd4dc55087f27d1=1506310525; ECS[visit_times]=6; CNZZDATA726388=cnzz_eid%3D1468040495-1491468025-%26ntime%3D1492926025; CNZZDATA947842=cnzz_eid%3D900007543-1492349940-null%26ntime%3D1497774919; bdshare_firstime=1492352785249; CNZZDATA1260327944=345544524-1495008067-http%253A%252F%252F127.0.0.1%252F%7C1495008067; Hm_lvt_5f5a95758129ff157ca4d0d7afabff18=1506310694; Hm_lvt_d7d8202d7d086bdfdd5750a243f55a2d=1500562284; CNZZDATA1263567803=2135454377-1502874283-%7C1503755161; PHPSESSID=p0klam3n6u8urcii4rnf2e06u2',
  'connection' => 'keep-alive',
  'upgrade-insecure-requests' => '1',
  'cache-control' => 'max-age=0',
)
[ info ] [ PARAM ] array (
)
[ info ] [ RUN ] app\install\controller\Index->step1[ F:\wamp\www\cms\application\install\controller\Index.php ]
[ info ] [ SESSION ] INIT array (
  'id' => '',
  'var_session_id' => '',
  'prefix' => 'think',
  'type' => '',
  'auto_start' => true,
)
[ info ] [ VIEW ] F:\wamp\www\cms\public/../application/install\view\index\step1.html [ array (
  0 => 'envArr',
  1 => 'funArr',
  2 => 'dirfileArr',
) ]
[ info ] [ LOG ] INIT File

---------------------------------------------------------------
[ 2017-10-19T20:38:14+08:00 ] 127.0.0.1 127.0.0.1 GET /cms/public/index.php/install/index/step1.html
[ log ] 127.0.0.1/cms/public/index.php/install/index/step1.html [运行时间：0.052002s][吞吐率：19.23req/s] [内存消耗：3,006.66kb] [文件加载：46]
[ info ] [ LANG ] F:\wamp\www\cms\thinkphp\lang\zh-cn.php
[ info ] [ ROUTE ] array (
  'type' => 'module',
  'module' => 
  array (
    0 => 'install',
    1 => 'index',
    2 => 'step1',
  ),
)
[ info ] [ HEADER ] array (
  'host' => '127.0.0.1',
  'user-agent' => 'Mozilla/5.0 (Windows NT 6.1; WOW64; rv:56.0) Gecko/20100101 Firefox/56.0',
  'accept' => 'text/html,application/xhtml+xml,application/xml;q=0.9,*/*;q=0.8',
  'accept-language' => 'zh-CN,zh;q=0.8,en-US;q=0.5,en;q=0.3',
  'accept-encoding' => 'gzip, deflate',
  'cookie' => 'Hm_lvt_d7e112eaeea65921aeaadcc0af8f2853=1495546959,1496469174,1496549435; Hm_lvt_b5ae3f71dfe5f06a9dd4dc55087f27d1=1506310525; ECS[visit_times]=6; CNZZDATA726388=cnzz_eid%3D1468040495-1491468025-%26ntime%3D1492926025; CNZZDATA947842=cnzz_eid%3D900007543-1492349940-null%26ntime%3D1497774919; bdshare_firstime=1492352785249; CNZZDATA1260327944=345544524-1495008067-http%253A%252F%252F127.0.0.1%252F%7C1495008067; Hm_lvt_5f5a95758129ff157ca4d0d7afabff18=1506310694; Hm_lvt_d7d8202d7d086bdfdd5750a243f55a2d=1500562284; CNZZDATA1263567803=2135454377-1502874283-%7C1503755161; PHPSESSID=p0klam3n6u8urcii4rnf2e06u2',
  'connection' => 'keep-alive',
  'upgrade-insecure-requests' => '1',
  'cache-control' => 'max-age=0',
)
[ info ] [ PARAM ] array (
)
[ info ] [ RUN ] app\install\controller\Index->step1[ F:\wamp\www\cms\application\install\controller\Index.php ]
[ info ] [ SESSION ] INIT array (
  'id' => '',
  'var_session_id' => '',
  'prefix' => 'think',
  'type' => '',
  'auto_start' => true,
)
[ info ] [ VIEW ] F:\wamp\www\cms\public/../application/install\view\index\step1.html [ array (
  0 => 'envArr',
  1 => 'funArr',
  2 => 'dirfileArr',
) ]
[ info ] [ LOG ] INIT File

---------------------------------------------------------------
[ 2017-10-19T20:38:29+08:00 ] 127.0.0.1 127.0.0.1 GET /cms/public/index.php/install/index/step1.html
[ log ] 127.0.0.1/cms/public/index.php/install/index/step1.html [运行时间：0.063003s][吞吐率：15.87req/s] [内存消耗：3,263.13kb] [文件加载：48]
[ info ] [ LANG ] F:\wamp\www\cms\thinkphp\lang\zh-cn.php
[ info ] [ ROUTE ] array (
  'type' => 'module',
  'module' => 
  array (
    0 => 'install',
    1 => 'index',
    2 => 'step1',
  ),
)
[ info ] [ HEADER ] array (
  'host' => '127.0.0.1',
  'user-agent' => 'Mozilla/5.0 (Windows NT 6.1; WOW64; rv:56.0) Gecko/20100101 Firefox/56.0',
  'accept' => 'text/html,application/xhtml+xml,application/xml;q=0.9,*/*;q=0.8',
  'accept-language' => 'zh-CN,zh;q=0.8,en-US;q=0.5,en;q=0.3',
  'accept-encoding' => 'gzip, deflate',
  'cookie' => 'Hm_lvt_d7e112eaeea65921aeaadcc0af8f2853=1495546959,1496469174,1496549435; Hm_lvt_b5ae3f71dfe5f06a9dd4dc55087f27d1=1506310525; ECS[visit_times]=6; CNZZDATA726388=cnzz_eid%3D1468040495-1491468025-%26ntime%3D1492926025; CNZZDATA947842=cnzz_eid%3D900007543-1492349940-null%26ntime%3D1497774919; bdshare_firstime=1492352785249; CNZZDATA1260327944=345544524-1495008067-http%253A%252F%252F127.0.0.1%252F%7C1495008067; Hm_lvt_5f5a95758129ff157ca4d0d7afabff18=1506310694; Hm_lvt_d7d8202d7d086bdfdd5750a243f55a2d=1500562284; CNZZDATA1263567803=2135454377-1502874283-%7C1503755161; PHPSESSID=p0klam3n6u8urcii4rnf2e06u2',
  'connection' => 'keep-alive',
  'upgrade-insecure-requests' => '1',
  'cache-control' => 'max-age=0',
)
[ info ] [ PARAM ] array (
)
[ info ] [ RUN ] app\install\controller\Index->step1[ F:\wamp\www\cms\application\install\controller\Index.php ]
[ info ] [ SESSION ] INIT array (
  'id' => '',
  'var_session_id' => '',
  'prefix' => 'think',
  'type' => '',
  'auto_start' => true,
)
[ info ] [ VIEW ] F:\wamp\www\cms\public/../application/install\view\index\step1.html [ array (
  0 => 'envArr',
  1 => 'funArr',
  2 => 'dirfileArr',
) ]
[ info ] [ LOG ] INIT File

---------------------------------------------------------------
[ 2017-10-19T20:38:30+08:00 ] 127.0.0.1 127.0.0.1 GET /cms/public/index.php/install/index/step1.html
[ log ] 127.0.0.1/cms/public/index.php/install/index/step1.html [运行时间：0.050002s][吞吐率：20.00req/s] [内存消耗：3,006.70kb] [文件加载：46]
[ info ] [ LANG ] F:\wamp\www\cms\thinkphp\lang\zh-cn.php
[ info ] [ ROUTE ] array (
  'type' => 'module',
  'module' => 
  array (
    0 => 'install',
    1 => 'index',
    2 => 'step1',
  ),
)
[ info ] [ HEADER ] array (
  'host' => '127.0.0.1',
  'user-agent' => 'Mozilla/5.0 (Windows NT 6.1; WOW64; rv:56.0) Gecko/20100101 Firefox/56.0',
  'accept' => 'text/html,application/xhtml+xml,application/xml;q=0.9,*/*;q=0.8',
  'accept-language' => 'zh-CN,zh;q=0.8,en-US;q=0.5,en;q=0.3',
  'accept-encoding' => 'gzip, deflate',
  'cookie' => 'Hm_lvt_d7e112eaeea65921aeaadcc0af8f2853=1495546959,1496469174,1496549435; Hm_lvt_b5ae3f71dfe5f06a9dd4dc55087f27d1=1506310525; ECS[visit_times]=6; CNZZDATA726388=cnzz_eid%3D1468040495-1491468025-%26ntime%3D1492926025; CNZZDATA947842=cnzz_eid%3D900007543-1492349940-null%26ntime%3D1497774919; bdshare_firstime=1492352785249; CNZZDATA1260327944=345544524-1495008067-http%253A%252F%252F127.0.0.1%252F%7C1495008067; Hm_lvt_5f5a95758129ff157ca4d0d7afabff18=1506310694; Hm_lvt_d7d8202d7d086bdfdd5750a243f55a2d=1500562284; CNZZDATA1263567803=2135454377-1502874283-%7C1503755161; PHPSESSID=p0klam3n6u8urcii4rnf2e06u2',
  'connection' => 'keep-alive',
  'upgrade-insecure-requests' => '1',
  'cache-control' => 'max-age=0',
)
[ info ] [ PARAM ] array (
)
[ info ] [ RUN ] app\install\controller\Index->step1[ F:\wamp\www\cms\application\install\controller\Index.php ]
[ info ] [ SESSION ] INIT array (
  'id' => '',
  'var_session_id' => '',
  'prefix' => 'think',
  'type' => '',
  'auto_start' => true,
)
[ info ] [ VIEW ] F:\wamp\www\cms\public/../application/install\view\index\step1.html [ array (
  0 => 'envArr',
  1 => 'funArr',
  2 => 'dirfileArr',
) ]
[ info ] [ LOG ] INIT File

---------------------------------------------------------------
[ 2017-10-19T20:38:31+08:00 ] 127.0.0.1 127.0.0.1 GET /cms/public/index.php/install/index/step1.html
[ log ] 127.0.0.1/cms/public/index.php/install/index/step1.html [运行时间：0.036002s][吞吐率：27.78req/s] [内存消耗：3,006.70kb] [文件加载：46]
[ info ] [ LANG ] F:\wamp\www\cms\thinkphp\lang\zh-cn.php
[ info ] [ ROUTE ] array (
  'type' => 'module',
  'module' => 
  array (
    0 => 'install',
    1 => 'index',
    2 => 'step1',
  ),
)
[ info ] [ HEADER ] array (
  'host' => '127.0.0.1',
  'user-agent' => 'Mozilla/5.0 (Windows NT 6.1; WOW64; rv:56.0) Gecko/20100101 Firefox/56.0',
  'accept' => 'text/html,application/xhtml+xml,application/xml;q=0.9,*/*;q=0.8',
  'accept-language' => 'zh-CN,zh;q=0.8,en-US;q=0.5,en;q=0.3',
  'accept-encoding' => 'gzip, deflate',
  'cookie' => 'Hm_lvt_d7e112eaeea65921aeaadcc0af8f2853=1495546959,1496469174,1496549435; Hm_lvt_b5ae3f71dfe5f06a9dd4dc55087f27d1=1506310525; ECS[visit_times]=6; CNZZDATA726388=cnzz_eid%3D1468040495-1491468025-%26ntime%3D1492926025; CNZZDATA947842=cnzz_eid%3D900007543-1492349940-null%26ntime%3D1497774919; bdshare_firstime=1492352785249; CNZZDATA1260327944=345544524-1495008067-http%253A%252F%252F127.0.0.1%252F%7C1495008067; Hm_lvt_5f5a95758129ff157ca4d0d7afabff18=1506310694; Hm_lvt_d7d8202d7d086bdfdd5750a243f55a2d=1500562284; CNZZDATA1263567803=2135454377-1502874283-%7C1503755161; PHPSESSID=p0klam3n6u8urcii4rnf2e06u2',
  'connection' => 'keep-alive',
  'upgrade-insecure-requests' => '1',
  'cache-control' => 'max-age=0',
)
[ info ] [ PARAM ] array (
)
[ info ] [ RUN ] app\install\controller\Index->step1[ F:\wamp\www\cms\application\install\controller\Index.php ]
[ info ] [ SESSION ] INIT array (
  'id' => '',
  'var_session_id' => '',
  'prefix' => 'think',
  'type' => '',
  'auto_start' => true,
)
[ info ] [ VIEW ] F:\wamp\www\cms\public/../application/install\view\index\step1.html [ array (
  0 => 'envArr',
  1 => 'funArr',
  2 => 'dirfileArr',
) ]
[ info ] [ LOG ] INIT File

---------------------------------------------------------------
[ 2017-10-19T20:38:31+08:00 ] 127.0.0.1 127.0.0.1 GET /cms/public/index.php/install/index/step1.html
[ log ] 127.0.0.1/cms/public/index.php/install/index/step1.html [运行时间：0.041002s][吞吐率：24.39req/s] [内存消耗：3,006.70kb] [文件加载：46]
[ info ] [ LANG ] F:\wamp\www\cms\thinkphp\lang\zh-cn.php
[ info ] [ ROUTE ] array (
  'type' => 'module',
  'module' => 
  array (
    0 => 'install',
    1 => 'index',
    2 => 'step1',
  ),
)
[ info ] [ HEADER ] array (
  'host' => '127.0.0.1',
  'user-agent' => 'Mozilla/5.0 (Windows NT 6.1; WOW64; rv:56.0) Gecko/20100101 Firefox/56.0',
  'accept' => 'text/html,application/xhtml+xml,application/xml;q=0.9,*/*;q=0.8',
  'accept-language' => 'zh-CN,zh;q=0.8,en-US;q=0.5,en;q=0.3',
  'accept-encoding' => 'gzip, deflate',
  'cookie' => 'Hm_lvt_d7e112eaeea65921aeaadcc0af8f2853=1495546959,1496469174,1496549435; Hm_lvt_b5ae3f71dfe5f06a9dd4dc55087f27d1=1506310525; ECS[visit_times]=6; CNZZDATA726388=cnzz_eid%3D1468040495-1491468025-%26ntime%3D1492926025; CNZZDATA947842=cnzz_eid%3D900007543-1492349940-null%26ntime%3D1497774919; bdshare_firstime=1492352785249; CNZZDATA1260327944=345544524-1495008067-http%253A%252F%252F127.0.0.1%252F%7C1495008067; Hm_lvt_5f5a95758129ff157ca4d0d7afabff18=1506310694; Hm_lvt_d7d8202d7d086bdfdd5750a243f55a2d=1500562284; CNZZDATA1263567803=2135454377-1502874283-%7C1503755161; PHPSESSID=p0klam3n6u8urcii4rnf2e06u2',
  'connection' => 'keep-alive',
  'upgrade-insecure-requests' => '1',
  'cache-control' => 'max-age=0',
)
[ info ] [ PARAM ] array (
)
[ info ] [ RUN ] app\install\controller\Index->step1[ F:\wamp\www\cms\application\install\controller\Index.php ]
[ info ] [ SESSION ] INIT array (
  'id' => '',
  'var_session_id' => '',
  'prefix' => 'think',
  'type' => '',
  'auto_start' => true,
)
[ info ] [ VIEW ] F:\wamp\www\cms\public/../application/install\view\index\step1.html [ array (
  0 => 'envArr',
  1 => 'funArr',
  2 => 'dirfileArr',
) ]
[ info ] [ LOG ] INIT File

---------------------------------------------------------------
[ 2017-10-19T20:38:31+08:00 ] 127.0.0.1 127.0.0.1 GET /cms/public/index.php/install/index/step1.html
[ log ] 127.0.0.1/cms/public/index.php/install/index/step1.html [运行时间：0.042003s][吞吐率：23.81req/s] [内存消耗：3,006.70kb] [文件加载：46]
[ info ] [ LANG ] F:\wamp\www\cms\thinkphp\lang\zh-cn.php
[ info ] [ ROUTE ] array (
  'type' => 'module',
  'module' => 
  array (
    0 => 'install',
    1 => 'index',
    2 => 'step1',
  ),
)
[ info ] [ HEADER ] array (
  'host' => '127.0.0.1',
  'user-agent' => 'Mozilla/5.0 (Windows NT 6.1; WOW64; rv:56.0) Gecko/20100101 Firefox/56.0',
  'accept' => 'text/html,application/xhtml+xml,application/xml;q=0.9,*/*;q=0.8',
  'accept-language' => 'zh-CN,zh;q=0.8,en-US;q=0.5,en;q=0.3',
  'accept-encoding' => 'gzip, deflate',
  'cookie' => 'Hm_lvt_d7e112eaeea65921aeaadcc0af8f2853=1495546959,1496469174,1496549435; Hm_lvt_b5ae3f71dfe5f06a9dd4dc55087f27d1=1506310525; ECS[visit_times]=6; CNZZDATA726388=cnzz_eid%3D1468040495-1491468025-%26ntime%3D1492926025; CNZZDATA947842=cnzz_eid%3D900007543-1492349940-null%26ntime%3D1497774919; bdshare_firstime=1492352785249; CNZZDATA1260327944=345544524-1495008067-http%253A%252F%252F127.0.0.1%252F%7C1495008067; Hm_lvt_5f5a95758129ff157ca4d0d7afabff18=1506310694; Hm_lvt_d7d8202d7d086bdfdd5750a243f55a2d=1500562284; CNZZDATA1263567803=2135454377-1502874283-%7C1503755161; PHPSESSID=p0klam3n6u8urcii4rnf2e06u2',
  'connection' => 'keep-alive',
  'upgrade-insecure-requests' => '1',
  'cache-control' => 'max-age=0',
)
[ info ] [ PARAM ] array (
)
[ info ] [ RUN ] app\install\controller\Index->step1[ F:\wamp\www\cms\application\install\controller\Index.php ]
[ info ] [ SESSION ] INIT array (
  'id' => '',
  'var_session_id' => '',
  'prefix' => 'think',
  'type' => '',
  'auto_start' => true,
)
[ info ] [ VIEW ] F:\wamp\www\cms\public/../application/install\view\index\step1.html [ array (
  0 => 'envArr',
  1 => 'funArr',
  2 => 'dirfileArr',
) ]
[ info ] [ LOG ] INIT File

---------------------------------------------------------------
[ 2017-10-19T20:38:31+08:00 ] 127.0.0.1 127.0.0.1 GET /cms/public/index.php/install/index/step1.html
[ log ] 127.0.0.1/cms/public/index.php/install/index/step1.html [运行时间：0.038002s][吞吐率：26.31req/s] [内存消耗：3,006.70kb] [文件加载：46]
[ info ] [ LANG ] F:\wamp\www\cms\thinkphp\lang\zh-cn.php
[ info ] [ ROUTE ] array (
  'type' => 'module',
  'module' => 
  array (
    0 => 'install',
    1 => 'index',
    2 => 'step1',
  ),
)
[ info ] [ HEADER ] array (
  'host' => '127.0.0.1',
  'user-agent' => 'Mozilla/5.0 (Windows NT 6.1; WOW64; rv:56.0) Gecko/20100101 Firefox/56.0',
  'accept' => 'text/html,application/xhtml+xml,application/xml;q=0.9,*/*;q=0.8',
  'accept-language' => 'zh-CN,zh;q=0.8,en-US;q=0.5,en;q=0.3',
  'accept-encoding' => 'gzip, deflate',
  'cookie' => 'Hm_lvt_d7e112eaeea65921aeaadcc0af8f2853=1495546959,1496469174,1496549435; Hm_lvt_b5ae3f71dfe5f06a9dd4dc55087f27d1=1506310525; ECS[visit_times]=6; CNZZDATA726388=cnzz_eid%3D1468040495-1491468025-%26ntime%3D1492926025; CNZZDATA947842=cnzz_eid%3D900007543-1492349940-null%26ntime%3D1497774919; bdshare_firstime=1492352785249; CNZZDATA1260327944=345544524-1495008067-http%253A%252F%252F127.0.0.1%252F%7C1495008067; Hm_lvt_5f5a95758129ff157ca4d0d7afabff18=1506310694; Hm_lvt_d7d8202d7d086bdfdd5750a243f55a2d=1500562284; CNZZDATA1263567803=2135454377-1502874283-%7C1503755161; PHPSESSID=p0klam3n6u8urcii4rnf2e06u2',
  'connection' => 'keep-alive',
  'upgrade-insecure-requests' => '1',
  'cache-control' => 'max-age=0',
)
[ info ] [ PARAM ] array (
)
[ info ] [ RUN ] app\install\controller\Index->step1[ F:\wamp\www\cms\application\install\controller\Index.php ]
[ info ] [ SESSION ] INIT array (
  'id' => '',
  'var_session_id' => '',
  'prefix' => 'think',
  'type' => '',
  'auto_start' => true,
)
[ info ] [ VIEW ] F:\wamp\www\cms\public/../application/install\view\index\step1.html [ array (
  0 => 'envArr',
  1 => 'funArr',
  2 => 'dirfileArr',
) ]
[ info ] [ LOG ] INIT File

---------------------------------------------------------------
[ 2017-10-19T20:38:42+08:00 ] 127.0.0.1 127.0.0.1 GET /cms/public/index.php/install/index/step1.html
[ log ] 127.0.0.1/cms/public/index.php/install/index/step1.html [运行时间：0.054003s][吞吐率：18.52req/s] [内存消耗：3,008.32kb] [文件加载：46]
[ info ] [ LANG ] F:\wamp\www\cms\thinkphp\lang\zh-cn.php
[ info ] [ ROUTE ] array (
  'type' => 'module',
  'module' => 
  array (
    0 => 'install',
    1 => 'index',
    2 => 'step1',
  ),
)
[ info ] [ HEADER ] array (
  'host' => '127.0.0.1',
  'user-agent' => 'Mozilla/5.0 (Windows NT 6.1; WOW64; rv:56.0) Gecko/20100101 Firefox/56.0',
  'accept' => 'text/html,application/xhtml+xml,application/xml;q=0.9,*/*;q=0.8',
  'accept-language' => 'zh-CN,zh;q=0.8,en-US;q=0.5,en;q=0.3',
  'accept-encoding' => 'gzip, deflate',
  'cookie' => 'Hm_lvt_d7e112eaeea65921aeaadcc0af8f2853=1495546959,1496469174,1496549435; Hm_lvt_b5ae3f71dfe5f06a9dd4dc55087f27d1=1506310525; ECS[visit_times]=6; CNZZDATA726388=cnzz_eid%3D1468040495-1491468025-%26ntime%3D1492926025; CNZZDATA947842=cnzz_eid%3D900007543-1492349940-null%26ntime%3D1497774919; bdshare_firstime=1492352785249; CNZZDATA1260327944=345544524-1495008067-http%253A%252F%252F127.0.0.1%252F%7C1495008067; Hm_lvt_5f5a95758129ff157ca4d0d7afabff18=1506310694; Hm_lvt_d7d8202d7d086bdfdd5750a243f55a2d=1500562284; CNZZDATA1263567803=2135454377-1502874283-%7C1503755161; PHPSESSID=p0klam3n6u8urcii4rnf2e06u2',
  'connection' => 'keep-alive',
  'upgrade-insecure-requests' => '1',
  'cache-control' => 'max-age=0',
)
[ info ] [ PARAM ] array (
)
[ info ] [ RUN ] app\install\controller\Index->step1[ F:\wamp\www\cms\application\install\controller\Index.php ]
[ info ] [ SESSION ] INIT array (
  'id' => '',
  'var_session_id' => '',
  'prefix' => 'think',
  'type' => '',
  'auto_start' => true,
)
[ info ] [ VIEW ] F:\wamp\www\cms\public/../application/install\view\index\step1.html [ array (
  0 => 'envArr',
  1 => 'funArr',
  2 => 'dirfileArr',
) ]
[ info ] [ LOG ] INIT File

---------------------------------------------------------------
[ 2017-10-19T20:39:09+08:00 ] 127.0.0.1 127.0.0.1 GET /cms/public/index.php/install/index/step1.html
[ log ] 127.0.0.1/cms/public/index.php/install/index/step1.html [运行时间：0.039003s][吞吐率：25.64req/s] [内存消耗：3,008.31kb] [文件加载：46]
[ info ] [ LANG ] F:\wamp\www\cms\thinkphp\lang\zh-cn.php
[ info ] [ ROUTE ] array (
  'type' => 'module',
  'module' => 
  array (
    0 => 'install',
    1 => 'index',
    2 => 'step1',
  ),
)
[ info ] [ HEADER ] array (
  'host' => '127.0.0.1',
  'user-agent' => 'Mozilla/5.0 (Windows NT 6.1; WOW64; rv:56.0) Gecko/20100101 Firefox/56.0',
  'accept' => 'text/html,application/xhtml+xml,application/xml;q=0.9,*/*;q=0.8',
  'accept-language' => 'zh-CN,zh;q=0.8,en-US;q=0.5,en;q=0.3',
  'accept-encoding' => 'gzip, deflate',
  'cookie' => 'Hm_lvt_d7e112eaeea65921aeaadcc0af8f2853=1495546959,1496469174,1496549435; Hm_lvt_b5ae3f71dfe5f06a9dd4dc55087f27d1=1506310525; ECS[visit_times]=6; CNZZDATA726388=cnzz_eid%3D1468040495-1491468025-%26ntime%3D1492926025; CNZZDATA947842=cnzz_eid%3D900007543-1492349940-null%26ntime%3D1497774919; bdshare_firstime=1492352785249; CNZZDATA1260327944=345544524-1495008067-http%253A%252F%252F127.0.0.1%252F%7C1495008067; Hm_lvt_5f5a95758129ff157ca4d0d7afabff18=1506310694; Hm_lvt_d7d8202d7d086bdfdd5750a243f55a2d=1500562284; CNZZDATA1263567803=2135454377-1502874283-%7C1503755161; PHPSESSID=p0klam3n6u8urcii4rnf2e06u2',
  'connection' => 'keep-alive',
  'upgrade-insecure-requests' => '1',
  'cache-control' => 'max-age=0',
)
[ info ] [ PARAM ] array (
)
[ info ] [ RUN ] app\install\controller\Index->step1[ F:\wamp\www\cms\application\install\controller\Index.php ]
[ info ] [ SESSION ] INIT array (
  'id' => '',
  'var_session_id' => '',
  'prefix' => 'think',
  'type' => '',
  'auto_start' => true,
)
[ info ] [ VIEW ] F:\wamp\www\cms\public/../application/install\view\index\step1.html [ array (
  0 => 'envArr',
  1 => 'funArr',
  2 => 'dirfileArr',
) ]
[ info ] [ LOG ] INIT File

---------------------------------------------------------------
[ 2017-10-19T20:40:59+08:00 ] 127.0.0.1 127.0.0.1 GET /cms/public/index.php/install/index/step1.html
[ log ] 127.0.0.1/cms/public/index.php/install/index/step1.html [运行时间：0.054004s][吞吐率：18.52req/s] [内存消耗：3,008.32kb] [文件加载：46]
[ info ] [ LANG ] F:\wamp\www\cms\thinkphp\lang\zh-cn.php
[ info ] [ ROUTE ] array (
  'type' => 'module',
  'module' => 
  array (
    0 => 'install',
    1 => 'index',
    2 => 'step1',
  ),
)
[ info ] [ HEADER ] array (
  'host' => '127.0.0.1',
  'user-agent' => 'Mozilla/5.0 (Windows NT 6.1; WOW64; rv:56.0) Gecko/20100101 Firefox/56.0',
  'accept' => 'text/html,application/xhtml+xml,application/xml;q=0.9,*/*;q=0.8',
  'accept-language' => 'zh-CN,zh;q=0.8,en-US;q=0.5,en;q=0.3',
  'accept-encoding' => 'gzip, deflate',
  'cookie' => 'Hm_lvt_d7e112eaeea65921aeaadcc0af8f2853=1495546959,1496469174,1496549435; Hm_lvt_b5ae3f71dfe5f06a9dd4dc55087f27d1=1506310525; ECS[visit_times]=6; CNZZDATA726388=cnzz_eid%3D1468040495-1491468025-%26ntime%3D1492926025; CNZZDATA947842=cnzz_eid%3D900007543-1492349940-null%26ntime%3D1497774919; bdshare_firstime=1492352785249; CNZZDATA1260327944=345544524-1495008067-http%253A%252F%252F127.0.0.1%252F%7C1495008067; Hm_lvt_5f5a95758129ff157ca4d0d7afabff18=1506310694; Hm_lvt_d7d8202d7d086bdfdd5750a243f55a2d=1500562284; CNZZDATA1263567803=2135454377-1502874283-%7C1503755161; PHPSESSID=p0klam3n6u8urcii4rnf2e06u2',
  'connection' => 'keep-alive',
  'upgrade-insecure-requests' => '1',
  'cache-control' => 'max-age=0',
)
[ info ] [ PARAM ] array (
)
[ info ] [ RUN ] app\install\controller\Index->step1[ F:\wamp\www\cms\application\install\controller\Index.php ]
[ info ] [ SESSION ] INIT array (
  'id' => '',
  'var_session_id' => '',
  'prefix' => 'think',
  'type' => '',
  'auto_start' => true,
)
[ info ] [ VIEW ] F:\wamp\www\cms\public/../application/install\view\index\step1.html [ array (
  0 => 'envArr',
  1 => 'funArr',
  2 => 'dirfileArr',
) ]
[ info ] [ LOG ] INIT File

---------------------------------------------------------------
[ 2017-10-19T20:41:10+08:00 ] 127.0.0.1 127.0.0.1 GET /cms/public/index.php/install/index/step1.html
[ log ] 127.0.0.1/cms/public/index.php/install/index/step1.html [运行时间：0.050003s][吞吐率：20.00req/s] [内存消耗：3,006.70kb] [文件加载：46]
[ info ] [ LANG ] F:\wamp\www\cms\thinkphp\lang\zh-cn.php
[ info ] [ ROUTE ] array (
  'type' => 'module',
  'module' => 
  array (
    0 => 'install',
    1 => 'index',
    2 => 'step1',
  ),
)
[ info ] [ HEADER ] array (
  'host' => '127.0.0.1',
  'user-agent' => 'Mozilla/5.0 (Windows NT 6.1; WOW64; rv:56.0) Gecko/20100101 Firefox/56.0',
  'accept' => 'text/html,application/xhtml+xml,application/xml;q=0.9,*/*;q=0.8',
  'accept-language' => 'zh-CN,zh;q=0.8,en-US;q=0.5,en;q=0.3',
  'accept-encoding' => 'gzip, deflate',
  'cookie' => 'Hm_lvt_d7e112eaeea65921aeaadcc0af8f2853=1495546959,1496469174,1496549435; Hm_lvt_b5ae3f71dfe5f06a9dd4dc55087f27d1=1506310525; ECS[visit_times]=6; CNZZDATA726388=cnzz_eid%3D1468040495-1491468025-%26ntime%3D1492926025; CNZZDATA947842=cnzz_eid%3D900007543-1492349940-null%26ntime%3D1497774919; bdshare_firstime=1492352785249; CNZZDATA1260327944=345544524-1495008067-http%253A%252F%252F127.0.0.1%252F%7C1495008067; Hm_lvt_5f5a95758129ff157ca4d0d7afabff18=1506310694; Hm_lvt_d7d8202d7d086bdfdd5750a243f55a2d=1500562284; CNZZDATA1263567803=2135454377-1502874283-%7C1503755161; PHPSESSID=p0klam3n6u8urcii4rnf2e06u2',
  'connection' => 'keep-alive',
  'upgrade-insecure-requests' => '1',
  'cache-control' => 'max-age=0',
)
[ info ] [ PARAM ] array (
)
[ info ] [ RUN ] app\install\controller\Index->step1[ F:\wamp\www\cms\application\install\controller\Index.php ]
[ info ] [ SESSION ] INIT array (
  'id' => '',
  'var_session_id' => '',
  'prefix' => 'think',
  'type' => '',
  'auto_start' => true,
)
[ info ] [ VIEW ] F:\wamp\www\cms\public/../application/install\view\index\step1.html [ array (
  0 => 'envArr',
  1 => 'funArr',
  2 => 'dirfileArr',
) ]
[ info ] [ LOG ] INIT File

---------------------------------------------------------------
[ 2017-10-19T21:07:18+08:00 ] 127.0.0.1 127.0.0.1 GET /cms/public/index.php/install/index/step1.html
[ log ] 127.0.0.1/cms/public/index.php/install/index/step1.html [运行时间：0.209012s][吞吐率：4.78req/s] [内存消耗：3,006.22kb] [文件加载：46]
[ info ] [ LANG ] F:\wamp\www\cms\thinkphp\lang\zh-cn.php
[ info ] [ ROUTE ] array (
  'type' => 'module',
  'module' => 
  array (
    0 => 'install',
    1 => 'index',
    2 => 'step1',
  ),
)
[ info ] [ HEADER ] array (
  'host' => '127.0.0.1',
  'user-agent' => 'Mozilla/5.0 (Windows NT 6.1; WOW64; rv:56.0) Gecko/20100101 Firefox/56.0',
  'accept' => 'text/html,application/xhtml+xml,application/xml;q=0.9,*/*;q=0.8',
  'accept-language' => 'zh-CN,zh;q=0.8,en-US;q=0.5,en;q=0.3',
  'accept-encoding' => 'gzip, deflate',
  'referer' => 'http://127.0.0.1/cms/public/index.php/install/index',
  'cookie' => 'Hm_lvt_d7e112eaeea65921aeaadcc0af8f2853=1495546959,1496469174,1496549435; Hm_lvt_b5ae3f71dfe5f06a9dd4dc55087f27d1=1506310525; ECS[visit_times]=6; CNZZDATA726388=cnzz_eid%3D1468040495-1491468025-%26ntime%3D1492926025; CNZZDATA947842=cnzz_eid%3D900007543-1492349940-null%26ntime%3D1497774919; bdshare_firstime=1492352785249; CNZZDATA1260327944=345544524-1495008067-http%253A%252F%252F127.0.0.1%252F%7C1495008067; Hm_lvt_5f5a95758129ff157ca4d0d7afabff18=1506310694; Hm_lvt_d7d8202d7d086bdfdd5750a243f55a2d=1500562284; CNZZDATA1263567803=2135454377-1502874283-%7C1503755161; PHPSESSID=p0klam3n6u8urcii4rnf2e06u2',
  'connection' => 'keep-alive',
  'upgrade-insecure-requests' => '1',
)
[ info ] [ PARAM ] array (
)
[ info ] [ RUN ] app\install\controller\Index->step1[ F:\wamp\www\cms\application\install\controller\Index.php ]
[ info ] [ SESSION ] INIT array (
  'id' => '',
  'var_session_id' => '',
  'prefix' => 'think',
  'type' => '',
  'auto_start' => true,
)
[ info ] [ VIEW ] F:\wamp\www\cms\public/../application/install\view\index\step1.html [ array (
  0 => 'envArr',
  1 => 'funArr',
  2 => 'dirfileArr',
) ]
[ info ] [ LOG ] INIT File

---------------------------------------------------------------
[ 2017-10-19T22:06:40+08:00 ] 127.0.0.1 127.0.0.1 GET /cms/public/index.php/install/index/index.php?step=2
[ log ] 127.0.0.1/cms/public/index.php/install/index/index.php?step=2 [运行时间：0.176010s][吞吐率：5.68req/s] [内存消耗：3,043.77kb] [文件加载：47]
[ info ] [ LANG ] F:\wamp\www\cms\thinkphp\lang\zh-cn.php
[ info ] [ ROUTE ] array (
  'type' => 'module',
  'module' => 
  array (
    0 => 'install',
    1 => 'index',
    2 => 'index.php',
  ),
)
[ info ] [ HEADER ] array (
  'host' => '127.0.0.1',
  'user-agent' => 'Mozilla/5.0 (Windows NT 6.1; WOW64; rv:56.0) Gecko/20100101 Firefox/56.0',
  'accept' => 'text/html,application/xhtml+xml,application/xml;q=0.9,*/*;q=0.8',
  'accept-language' => 'zh-CN,zh;q=0.8,en-US;q=0.5,en;q=0.3',
  'accept-encoding' => 'gzip, deflate',
  'referer' => 'http://127.0.0.1/cms/public/index.php/install/index/step1.html',
  'cookie' => 'Hm_lvt_d7e112eaeea65921aeaadcc0af8f2853=1495546959,1496469174,1496549435; Hm_lvt_b5ae3f71dfe5f06a9dd4dc55087f27d1=1506310525; ECS[visit_times]=6; CNZZDATA726388=cnzz_eid%3D1468040495-1491468025-%26ntime%3D1492926025; CNZZDATA947842=cnzz_eid%3D900007543-1492349940-null%26ntime%3D1497774919; bdshare_firstime=1492352785249; CNZZDATA1260327944=345544524-1495008067-http%253A%252F%252F127.0.0.1%252F%7C1495008067; Hm_lvt_5f5a95758129ff157ca4d0d7afabff18=1506310694; Hm_lvt_d7d8202d7d086bdfdd5750a243f55a2d=1500562284; CNZZDATA1263567803=2135454377-1502874283-%7C1503755161; PHPSESSID=p0klam3n6u8urcii4rnf2e06u2',
  'connection' => 'keep-alive',
  'upgrade-insecure-requests' => '1',
)
[ info ] [ PARAM ] array (
  'step' => '2',
)
[ info ] [ LOG ] INIT File

---------------------------------------------------------------
[ 2017-10-19T22:06:42+08:00 ] 127.0.0.1 127.0.0.1 GET /cms/public/index.php/install/index/step1.html
[ log ] 127.0.0.1/cms/public/index.php/install/index/step1.html [运行时间：0.058003s][吞吐率：17.24req/s] [内存消耗：3,006.22kb] [文件加载：46]
[ info ] [ LANG ] F:\wamp\www\cms\thinkphp\lang\zh-cn.php
[ info ] [ ROUTE ] array (
  'type' => 'module',
  'module' => 
  array (
    0 => 'install',
    1 => 'index',
    2 => 'step1',
  ),
)
[ info ] [ HEADER ] array (
  'host' => '127.0.0.1',
  'user-agent' => 'Mozilla/5.0 (Windows NT 6.1; WOW64; rv:56.0) Gecko/20100101 Firefox/56.0',
  'accept' => 'text/html,application/xhtml+xml,application/xml;q=0.9,*/*;q=0.8',
  'accept-language' => 'zh-CN,zh;q=0.8,en-US;q=0.5,en;q=0.3',
  'accept-encoding' => 'gzip, deflate',
  'referer' => 'http://127.0.0.1/cms/public/index.php/install/index',
  'cookie' => 'Hm_lvt_d7e112eaeea65921aeaadcc0af8f2853=1495546959,1496469174,1496549435; Hm_lvt_b5ae3f71dfe5f06a9dd4dc55087f27d1=1506310525; ECS[visit_times]=6; CNZZDATA726388=cnzz_eid%3D1468040495-1491468025-%26ntime%3D1492926025; CNZZDATA947842=cnzz_eid%3D900007543-1492349940-null%26ntime%3D1497774919; bdshare_firstime=1492352785249; CNZZDATA1260327944=345544524-1495008067-http%253A%252F%252F127.0.0.1%252F%7C1495008067; Hm_lvt_5f5a95758129ff157ca4d0d7afabff18=1506310694; Hm_lvt_d7d8202d7d086bdfdd5750a243f55a2d=1500562284; CNZZDATA1263567803=2135454377-1502874283-%7C1503755161; PHPSESSID=p0klam3n6u8urcii4rnf2e06u2',
  'connection' => 'keep-alive',
  'upgrade-insecure-requests' => '1',
)
[ info ] [ PARAM ] array (
)
[ info ] [ RUN ] app\install\controller\Index->step1[ F:\wamp\www\cms\application\install\controller\Index.php ]
[ info ] [ SESSION ] INIT array (
  'id' => '',
  'var_session_id' => '',
  'prefix' => 'think',
  'type' => '',
  'auto_start' => true,
)
[ info ] [ VIEW ] F:\wamp\www\cms\public/../application/install\view\index\step1.html [ array (
  0 => 'envArr',
  1 => 'funArr',
  2 => 'dirfileArr',
) ]
[ info ] [ LOG ] INIT File

---------------------------------------------------------------
