[ 2017-10-21T16:42:06+08:00 ] 127.0.0.1 127.0.0.1 GET /cms/public/index.php/install
[ log ] 127.0.0.1/cms/public/index.php/install [运行时间：0.409023s][吞吐率：2.44req/s] [内存消耗：3,121.77kb] [文件加载：47]
[ info ] [ LANG ] F:\wamp\www\cms\thinkphp\lang\zh-cn.php
[ info ] [ ROUTE ] array (
  'type' => 'module',
  'module' => 
  array (
    0 => 'install',
    1 => NULL,
    2 => NULL,
  ),
)
[ info ] [ HEADER ] array (
  'host' => '127.0.0.1',
  'user-agent' => 'Mozilla/5.0 (Windows NT 6.1; WOW64; rv:56.0) Gecko/20100101 Firefox/56.0',
  'accept' => 'text/html,application/xhtml+xml,application/xml;q=0.9,*/*;q=0.8',
  'accept-language' => 'zh-CN,zh;q=0.8,en-US;q=0.5,en;q=0.3',
  'accept-encoding' => 'gzip, deflate',
  'cookie' => 'Hm_lvt_d7e112eaeea65921aeaadcc0af8f2853=1495546959,1496469174,1496549435; Hm_lvt_b5ae3f71dfe5f06a9dd4dc55087f27d1=1506310525; ECS[visit_times]=6; CNZZDATA726388=cnzz_eid%3D1468040495-1491468025-%26ntime%3D1492926025; CNZZDATA947842=cnzz_eid%3D900007543-1492349940-null%26ntime%3D1497774919; bdshare_firstime=1492352785249; CNZZDATA1260327944=345544524-1495008067-http%253A%252F%252F127.0.0.1%252F%7C1495008067; Hm_lvt_5f5a95758129ff157ca4d0d7afabff18=1506310694; Hm_lvt_d7d8202d7d086bdfdd5750a243f55a2d=1500562284; CNZZDATA1263567803=2135454377-1502874283-%7C1503755161; UM_distinctid=15f3915a7af4a6-0d6e0cf5fb53b6-43574130-1fa400-15f3915a7b05f5; CNZZDATA2076168=cnzz_eid%3D1798624893-1508489801-%26ntime%3D1508489801',
  'connection' => 'keep-alive',
  'upgrade-insecure-requests' => '1',
)
[ info ] [ PARAM ] array (
)
[ info ] [ RUN ] app\install\controller\Index->index[ F:\wamp\www\cms\application\install\controller\Index.php ]
[ info ] [ SESSION ] INIT array (
  'id' => '',
  'var_session_id' => '',
  'prefix' => 'think',
  'type' => '',
  'auto_start' => true,
)
[ info ] [ VIEW ] F:\wamp\www\cms\public/../application/install\view\index\index.html [ array (
) ]
[ info ] [ LOG ] INIT File

---------------------------------------------------------------
[ 2017-10-21T16:42:13+08:00 ] 127.0.0.1 127.0.0.1 GET /cms/public/index.php/install/index/step1.html
[ log ] 127.0.0.1/cms/public/index.php/install/index/step1.html [运行时间：0.070004s][吞吐率：14.28req/s] [内存消耗：3,139.03kb] [文件加载：47]
[ info ] [ LANG ] F:\wamp\www\cms\thinkphp\lang\zh-cn.php
[ info ] [ ROUTE ] array (
  'type' => 'module',
  'module' => 
  array (
    0 => 'install',
    1 => 'index',
    2 => 'step1',
  ),
)
[ info ] [ HEADER ] array (
  'host' => '127.0.0.1',
  'user-agent' => 'Mozilla/5.0 (Windows NT 6.1; WOW64; rv:56.0) Gecko/20100101 Firefox/56.0',
  'accept' => 'text/html,application/xhtml+xml,application/xml;q=0.9,*/*;q=0.8',
  'accept-language' => 'zh-CN,zh;q=0.8,en-US;q=0.5,en;q=0.3',
  'accept-encoding' => 'gzip, deflate',
  'referer' => 'http://127.0.0.1/cms/public/index.php/install',
  'cookie' => 'Hm_lvt_d7e112eaeea65921aeaadcc0af8f2853=1495546959,1496469174,1496549435; Hm_lvt_b5ae3f71dfe5f06a9dd4dc55087f27d1=1506310525; ECS[visit_times]=6; CNZZDATA726388=cnzz_eid%3D1468040495-1491468025-%26ntime%3D1492926025; CNZZDATA947842=cnzz_eid%3D900007543-1492349940-null%26ntime%3D1497774919; bdshare_firstime=1492352785249; CNZZDATA1260327944=345544524-1495008067-http%253A%252F%252F127.0.0.1%252F%7C1495008067; Hm_lvt_5f5a95758129ff157ca4d0d7afabff18=1506310694; Hm_lvt_d7d8202d7d086bdfdd5750a243f55a2d=1500562284; CNZZDATA1263567803=2135454377-1502874283-%7C1503755161; UM_distinctid=15f3915a7af4a6-0d6e0cf5fb53b6-43574130-1fa400-15f3915a7b05f5; CNZZDATA2076168=cnzz_eid%3D1798624893-1508489801-%26ntime%3D1508489801; PHPSESSID=hi39jvpoa0d8jsr6m1j5o2sds1',
  'connection' => 'keep-alive',
  'upgrade-insecure-requests' => '1',
)
[ info ] [ PARAM ] array (
)
[ info ] [ RUN ] app\install\controller\Index->step1[ F:\wamp\www\cms\application\install\controller\Index.php ]
[ info ] [ SESSION ] INIT array (
  'id' => '',
  'var_session_id' => '',
  'prefix' => 'think',
  'type' => '',
  'auto_start' => true,
)
[ info ] [ VIEW ] F:\wamp\www\cms\public/../application/install\view\index\step1.html [ array (
  0 => 'envArr',
  1 => 'funArr',
  2 => 'dirfileArr',
) ]
[ info ] [ LOG ] INIT File

---------------------------------------------------------------
[ 2017-10-21T16:42:18+08:00 ] 127.0.0.1 127.0.0.1 GET /cms/public/index.php/install/index/step2.html
[ log ] 127.0.0.1/cms/public/index.php/install/index/step2.html [运行时间：0.112007s][吞吐率：8.93req/s] [内存消耗：3,122.66kb] [文件加载：47]
[ info ] [ LANG ] F:\wamp\www\cms\thinkphp\lang\zh-cn.php
[ info ] [ ROUTE ] array (
  'type' => 'module',
  'module' => 
  array (
    0 => 'install',
    1 => 'index',
    2 => 'step2',
  ),
)
[ info ] [ HEADER ] array (
  'host' => '127.0.0.1',
  'user-agent' => 'Mozilla/5.0 (Windows NT 6.1; WOW64; rv:56.0) Gecko/20100101 Firefox/56.0',
  'accept' => 'text/html,application/xhtml+xml,application/xml;q=0.9,*/*;q=0.8',
  'accept-language' => 'zh-CN,zh;q=0.8,en-US;q=0.5,en;q=0.3',
  'accept-encoding' => 'gzip, deflate',
  'referer' => 'http://127.0.0.1/cms/public/index.php/install/index/step1.html',
  'cookie' => 'Hm_lvt_d7e112eaeea65921aeaadcc0af8f2853=1495546959,1496469174,1496549435; Hm_lvt_b5ae3f71dfe5f06a9dd4dc55087f27d1=1506310525; ECS[visit_times]=6; CNZZDATA726388=cnzz_eid%3D1468040495-1491468025-%26ntime%3D1492926025; CNZZDATA947842=cnzz_eid%3D900007543-1492349940-null%26ntime%3D1497774919; bdshare_firstime=1492352785249; CNZZDATA1260327944=345544524-1495008067-http%253A%252F%252F127.0.0.1%252F%7C1495008067; Hm_lvt_5f5a95758129ff157ca4d0d7afabff18=1506310694; Hm_lvt_d7d8202d7d086bdfdd5750a243f55a2d=1500562284; CNZZDATA1263567803=2135454377-1502874283-%7C1503755161; UM_distinctid=15f3915a7af4a6-0d6e0cf5fb53b6-43574130-1fa400-15f3915a7b05f5; CNZZDATA2076168=cnzz_eid%3D1798624893-1508489801-%26ntime%3D1508489801; PHPSESSID=hi39jvpoa0d8jsr6m1j5o2sds1',
  'connection' => 'keep-alive',
  'upgrade-insecure-requests' => '1',
)
[ info ] [ PARAM ] array (
)
[ info ] [ RUN ] app\install\controller\Index->step2[ F:\wamp\www\cms\application\install\controller\Index.php ]
[ info ] [ SESSION ] INIT array (
  'id' => '',
  'var_session_id' => '',
  'prefix' => 'think',
  'type' => '',
  'auto_start' => true,
)
[ info ] [ VIEW ] F:\wamp\www\cms\public/../application/install\view\index\step2.html [ array (
) ]
[ info ] [ LOG ] INIT File

---------------------------------------------------------------
[ 2017-10-21T16:42:54+08:00 ] 127.0.0.1 127.0.0.1 POST /cms/public/index.php/install/index/step2.html
[ log ] 127.0.0.1/cms/public/index.php/install/index/step2.html [运行时间：0.578033s][吞吐率：1.73req/s] [内存消耗：3,418.39kb] [文件加载：50]
[ info ] [ LANG ] F:\wamp\www\cms\thinkphp\lang\zh-cn.php
[ info ] [ ROUTE ] array (
  'type' => 'module',
  'module' => 
  array (
    0 => 'install',
    1 => 'index',
    2 => 'step2',
  ),
)
[ info ] [ HEADER ] array (
  'host' => '127.0.0.1',
  'user-agent' => 'Mozilla/5.0 (Windows NT 6.1; WOW64; rv:56.0) Gecko/20100101 Firefox/56.0',
  'accept' => 'text/html,application/xhtml+xml,application/xml;q=0.9,*/*;q=0.8',
  'accept-language' => 'zh-CN,zh;q=0.8,en-US;q=0.5,en;q=0.3',
  'accept-encoding' => 'gzip, deflate',
  'content-type' => 'application/x-www-form-urlencoded',
  'content-length' => '322',
  'referer' => 'http://127.0.0.1/cms/public/index.php/install/index/step2.html',
  'cookie' => 'Hm_lvt_d7e112eaeea65921aeaadcc0af8f2853=1495546959,1496469174,1496549435; Hm_lvt_b5ae3f71dfe5f06a9dd4dc55087f27d1=1506310525; ECS[visit_times]=6; CNZZDATA726388=cnzz_eid%3D1468040495-1491468025-%26ntime%3D1492926025; CNZZDATA947842=cnzz_eid%3D900007543-1492349940-null%26ntime%3D1497774919; bdshare_firstime=1492352785249; CNZZDATA1260327944=345544524-1495008067-http%253A%252F%252F127.0.0.1%252F%7C1495008067; Hm_lvt_5f5a95758129ff157ca4d0d7afabff18=1506310694; Hm_lvt_d7d8202d7d086bdfdd5750a243f55a2d=1500562284; CNZZDATA1263567803=2135454377-1502874283-%7C1503755161; UM_distinctid=15f3915a7af4a6-0d6e0cf5fb53b6-43574130-1fa400-15f3915a7b05f5; CNZZDATA2076168=cnzz_eid%3D1798624893-1508489801-%26ntime%3D1508489801; PHPSESSID=hi39jvpoa0d8jsr6m1j5o2sds1',
  'connection' => 'keep-alive',
  'upgrade-insecure-requests' => '1',
)
[ info ] [ PARAM ] array (
  'submitform' => 'submit',
  'install_recover' => '',
  'db' => 
  array (
    'type' => 'mysql',
    'hostname' => 'localhost',
    'database' => 'db222',
    'username' => 'root',
    'password' => 'root',
    'prefix' => 'tp_',
    'hostport' => '3306',
  ),
  'admin' => 
  array (
    'site_name' => '我的网站',
    'admin' => 'admin',
    'password' => 'admin',
    'rpassword' => 'admin',
  ),
)
[ info ] [ RUN ] app\install\controller\Index->step2[ F:\wamp\www\cms\application\install\controller\Index.php ]
[ info ] [ SESSION ] INIT array (
  'id' => '',
  'var_session_id' => '',
  'prefix' => 'think',
  'type' => '',
  'auto_start' => true,
)
[ info ] [ DB ] INIT mysql
[ info ] [ VIEW ] F:\wamp\www\cms\thinkphp\tpl\dispatch_jump.tpl [ array (
  0 => 'code',
  1 => 'msg',
  2 => 'data',
  3 => 'url',
  4 => 'wait',
) ]
[ info ] [ LOG ] INIT File

---------------------------------------------------------------
[ 2017-10-21T16:42:57+08:00 ] 127.0.0.1 127.0.0.1 GET /cms/public/index.php/install/index/step3/access/success.html
[ log ] 127.0.0.1/cms/public/index.php/install/index/step3/access/success.html [运行时间：0.079005s][吞吐率：12.66req/s] [内存消耗：3,008.94kb] [文件加载：46]
[ info ] [ LANG ] F:\wamp\www\cms\thinkphp\lang\zh-cn.php
[ info ] [ ROUTE ] array (
  'type' => 'module',
  'module' => 
  array (
    0 => 'install',
    1 => 'index',
    2 => 'step3',
  ),
)
[ info ] [ HEADER ] array (
  'host' => '127.0.0.1',
  'user-agent' => 'Mozilla/5.0 (Windows NT 6.1; WOW64; rv:56.0) Gecko/20100101 Firefox/56.0',
  'accept' => 'text/html,application/xhtml+xml,application/xml;q=0.9,*/*;q=0.8',
  'accept-language' => 'zh-CN,zh;q=0.8,en-US;q=0.5,en;q=0.3',
  'accept-encoding' => 'gzip, deflate',
  'referer' => 'http://127.0.0.1/cms/public/index.php/install/index/step2.html',
  'cookie' => 'Hm_lvt_d7e112eaeea65921aeaadcc0af8f2853=1495546959,1496469174,1496549435; Hm_lvt_b5ae3f71dfe5f06a9dd4dc55087f27d1=1506310525; ECS[visit_times]=6; CNZZDATA726388=cnzz_eid%3D1468040495-1491468025-%26ntime%3D1492926025; CNZZDATA947842=cnzz_eid%3D900007543-1492349940-null%26ntime%3D1497774919; bdshare_firstime=1492352785249; CNZZDATA1260327944=345544524-1495008067-http%253A%252F%252F127.0.0.1%252F%7C1495008067; Hm_lvt_5f5a95758129ff157ca4d0d7afabff18=1506310694; Hm_lvt_d7d8202d7d086bdfdd5750a243f55a2d=1500562284; CNZZDATA1263567803=2135454377-1502874283-%7C1503755161; UM_distinctid=15f3915a7af4a6-0d6e0cf5fb53b6-43574130-1fa400-15f3915a7b05f5; CNZZDATA2076168=cnzz_eid%3D1798624893-1508489801-%26ntime%3D1508489801; PHPSESSID=hi39jvpoa0d8jsr6m1j5o2sds1',
  'connection' => 'keep-alive',
  'upgrade-insecure-requests' => '1',
)
[ info ] [ PARAM ] array (
  'access' => 'success',
)
[ info ] [ RUN ] app\install\controller\Index->step3[ F:\wamp\www\cms\application\install\controller\Index.php ]
[ info ] [ VIEW ] F:\wamp\www\cms\public/../application/install\view\index\step3.html [ array (
) ]
[ info ] [ LOG ] INIT File

---------------------------------------------------------------
[ 2017-10-21T16:47:01+08:00 ] 127.0.0.1 127.0.0.1 GET /cms/public/index.php/install/index/step3/access/success.html
[ log ] 127.0.0.1/cms/public/index.php/install/index/step3/access/success.html [运行时间：0.043003s][吞吐率：23.25req/s] [内存消耗：3,014.30kb] [文件加载：46]
[ info ] [ LANG ] F:\wamp\www\cms\thinkphp\lang\zh-cn.php
[ info ] [ ROUTE ] array (
  'type' => 'module',
  'module' => 
  array (
    0 => 'install',
    1 => 'index',
    2 => 'step3',
  ),
)
[ info ] [ HEADER ] array (
  'host' => '127.0.0.1',
  'user-agent' => 'Mozilla/5.0 (Windows NT 6.1; WOW64; rv:56.0) Gecko/20100101 Firefox/56.0',
  'accept' => 'text/html,application/xhtml+xml,application/xml;q=0.9,*/*;q=0.8',
  'accept-language' => 'zh-CN,zh;q=0.8,en-US;q=0.5,en;q=0.3',
  'accept-encoding' => 'gzip, deflate',
  'referer' => 'http://127.0.0.1/cms/public/index.php/install/index/step2.html',
  'cookie' => 'Hm_lvt_d7e112eaeea65921aeaadcc0af8f2853=1495546959,1496469174,1496549435; Hm_lvt_b5ae3f71dfe5f06a9dd4dc55087f27d1=1506310525; ECS[visit_times]=6; CNZZDATA726388=cnzz_eid%3D1468040495-1491468025-%26ntime%3D1492926025; CNZZDATA947842=cnzz_eid%3D900007543-1492349940-null%26ntime%3D1497774919; bdshare_firstime=1492352785249; CNZZDATA1260327944=345544524-1495008067-http%253A%252F%252F127.0.0.1%252F%7C1495008067; Hm_lvt_5f5a95758129ff157ca4d0d7afabff18=1506310694; Hm_lvt_d7d8202d7d086bdfdd5750a243f55a2d=1500562284; CNZZDATA1263567803=2135454377-1502874283-%7C1503755161; UM_distinctid=15f3915a7af4a6-0d6e0cf5fb53b6-43574130-1fa400-15f3915a7b05f5; CNZZDATA2076168=cnzz_eid%3D1798624893-1508489801-%26ntime%3D1508489801; PHPSESSID=hi39jvpoa0d8jsr6m1j5o2sds1',
  'connection' => 'keep-alive',
  'upgrade-insecure-requests' => '1',
  'cache-control' => 'max-age=0',
)
[ info ] [ PARAM ] array (
  'access' => 'success',
)
[ info ] [ RUN ] app\install\controller\Index->step3[ F:\wamp\www\cms\application\install\controller\Index.php ]
[ info ] [ SESSION ] INIT array (
  'id' => '',
  'var_session_id' => '',
  'prefix' => 'think',
  'type' => '',
  'auto_start' => true,
)
[ info ] [ VIEW ] F:\wamp\www\cms\public/../application/install\view\index\step3.html [ array (
) ]
[ info ] [ LOG ] INIT File

---------------------------------------------------------------
[ 2017-10-21T16:49:17+08:00 ] 127.0.0.1 127.0.0.1 GET /cms/public/index.php/install/index/step3/access/success.html
[ log ] 127.0.0.1/cms/public/index.php/install/index/step3/access/success.html [运行时间：0.030002s][吞吐率：33.33req/s] [内存消耗：3,012.63kb] [文件加载：45]
[ info ] [ LANG ] F:\wamp\www\cms\thinkphp\lang\zh-cn.php
[ info ] [ ROUTE ] array (
  'type' => 'module',
  'module' => 
  array (
    0 => 'install',
    1 => 'index',
    2 => 'step3',
  ),
)
[ info ] [ HEADER ] array (
  'host' => '127.0.0.1',
  'user-agent' => 'Mozilla/5.0 (Windows NT 6.1; WOW64; rv:56.0) Gecko/20100101 Firefox/56.0',
  'accept' => 'text/html,application/xhtml+xml,application/xml;q=0.9,*/*;q=0.8',
  'accept-language' => 'zh-CN,zh;q=0.8,en-US;q=0.5,en;q=0.3',
  'accept-encoding' => 'gzip, deflate',
  'referer' => 'http://127.0.0.1/cms/public/index.php/install/index/step2.html',
  'cookie' => 'Hm_lvt_d7e112eaeea65921aeaadcc0af8f2853=1495546959,1496469174,1496549435; Hm_lvt_b5ae3f71dfe5f06a9dd4dc55087f27d1=1506310525; ECS[visit_times]=6; CNZZDATA726388=cnzz_eid%3D1468040495-1491468025-%26ntime%3D1492926025; CNZZDATA947842=cnzz_eid%3D900007543-1492349940-null%26ntime%3D1497774919; bdshare_firstime=1492352785249; CNZZDATA1260327944=345544524-1495008067-http%253A%252F%252F127.0.0.1%252F%7C1495008067; Hm_lvt_5f5a95758129ff157ca4d0d7afabff18=1506310694; Hm_lvt_d7d8202d7d086bdfdd5750a243f55a2d=1500562284; CNZZDATA1263567803=2135454377-1502874283-%7C1503755161; UM_distinctid=15f3915a7af4a6-0d6e0cf5fb53b6-43574130-1fa400-15f3915a7b05f5; CNZZDATA2076168=cnzz_eid%3D1798624893-1508489801-%26ntime%3D1508489801; PHPSESSID=hi39jvpoa0d8jsr6m1j5o2sds1',
  'connection' => 'keep-alive',
  'upgrade-insecure-requests' => '1',
  'cache-control' => 'max-age=0',
)
[ info ] [ PARAM ] array (
  'access' => 'success',
)
[ info ] [ RUN ] app\install\controller\Index->step3[ F:\wamp\www\cms\application\install\controller\Index.php ]
[ info ] [ SESSION ] INIT array (
  'id' => '',
  'var_session_id' => '',
  'prefix' => 'think',
  'type' => '',
  'auto_start' => true,
)
[ info ] [ LOG ] INIT File

---------------------------------------------------------------
[ 2017-10-21T16:49:23+08:00 ] 127.0.0.1 127.0.0.1 GET /cms/public/index.php/install/index/step3/access/success.html
[ log ] 127.0.0.1/cms/public/index.php/install/index/step3/access/success.html [运行时间：0.065003s][吞吐率：15.38req/s] [内存消耗：3,136.77kb] [文件加载：47]
[ info ] [ LANG ] F:\wamp\www\cms\thinkphp\lang\zh-cn.php
[ info ] [ ROUTE ] array (
  'type' => 'module',
  'module' => 
  array (
    0 => 'install',
    1 => 'index',
    2 => 'step3',
  ),
)
[ info ] [ HEADER ] array (
  'host' => '127.0.0.1',
  'user-agent' => 'Mozilla/5.0 (Windows NT 6.1; WOW64; rv:56.0) Gecko/20100101 Firefox/56.0',
  'accept' => 'text/html,application/xhtml+xml,application/xml;q=0.9,*/*;q=0.8',
  'accept-language' => 'zh-CN,zh;q=0.8,en-US;q=0.5,en;q=0.3',
  'accept-encoding' => 'gzip, deflate',
  'referer' => 'http://127.0.0.1/cms/public/index.php/install/index/step2.html',
  'cookie' => 'Hm_lvt_d7e112eaeea65921aeaadcc0af8f2853=1495546959,1496469174,1496549435; Hm_lvt_b5ae3f71dfe5f06a9dd4dc55087f27d1=1506310525; ECS[visit_times]=6; CNZZDATA726388=cnzz_eid%3D1468040495-1491468025-%26ntime%3D1492926025; CNZZDATA947842=cnzz_eid%3D900007543-1492349940-null%26ntime%3D1497774919; bdshare_firstime=1492352785249; CNZZDATA1260327944=345544524-1495008067-http%253A%252F%252F127.0.0.1%252F%7C1495008067; Hm_lvt_5f5a95758129ff157ca4d0d7afabff18=1506310694; Hm_lvt_d7d8202d7d086bdfdd5750a243f55a2d=1500562284; CNZZDATA1263567803=2135454377-1502874283-%7C1503755161; UM_distinctid=15f3915a7af4a6-0d6e0cf5fb53b6-43574130-1fa400-15f3915a7b05f5; CNZZDATA2076168=cnzz_eid%3D1798624893-1508489801-%26ntime%3D1508489801; PHPSESSID=hi39jvpoa0d8jsr6m1j5o2sds1',
  'connection' => 'keep-alive',
  'upgrade-insecure-requests' => '1',
  'cache-control' => 'max-age=0',
)
[ info ] [ PARAM ] array (
  'access' => 'success',
)
[ info ] [ RUN ] app\install\controller\Index->step3[ F:\wamp\www\cms\application\install\controller\Index.php ]
[ info ] [ SESSION ] INIT array (
  'id' => '',
  'var_session_id' => '',
  'prefix' => 'think',
  'type' => '',
  'auto_start' => true,
)
[ info ] [ LOG ] INIT File

---------------------------------------------------------------
[ 2017-10-21T16:49:23+08:00 ] 127.0.0.1 127.0.0.1 GET /cms/public/index.php/install/index/index.html
[ log ] 127.0.0.1/cms/public/index.php/install/index/index.html [运行时间：0.037002s][吞吐率：27.03req/s] [内存消耗：3,125.49kb] [文件加载：47]
[ info ] [ LANG ] F:\wamp\www\cms\thinkphp\lang\zh-cn.php
[ info ] [ ROUTE ] array (
  'type' => 'module',
  'module' => 
  array (
    0 => 'install',
    1 => 'index',
    2 => 'index',
  ),
)
[ info ] [ HEADER ] array (
  'host' => '127.0.0.1',
  'user-agent' => 'Mozilla/5.0 (Windows NT 6.1; WOW64; rv:56.0) Gecko/20100101 Firefox/56.0',
  'accept' => 'text/html,application/xhtml+xml,application/xml;q=0.9,*/*;q=0.8',
  'accept-language' => 'zh-CN,zh;q=0.8,en-US;q=0.5,en;q=0.3',
  'accept-encoding' => 'gzip, deflate',
  'referer' => 'http://127.0.0.1/cms/public/index.php/install/index/step2.html',
  'cookie' => 'Hm_lvt_d7e112eaeea65921aeaadcc0af8f2853=1495546959,1496469174,1496549435; Hm_lvt_b5ae3f71dfe5f06a9dd4dc55087f27d1=1506310525; ECS[visit_times]=6; CNZZDATA726388=cnzz_eid%3D1468040495-1491468025-%26ntime%3D1492926025; CNZZDATA947842=cnzz_eid%3D900007543-1492349940-null%26ntime%3D1497774919; bdshare_firstime=1492352785249; CNZZDATA1260327944=345544524-1495008067-http%253A%252F%252F127.0.0.1%252F%7C1495008067; Hm_lvt_5f5a95758129ff157ca4d0d7afabff18=1506310694; Hm_lvt_d7d8202d7d086bdfdd5750a243f55a2d=1500562284; CNZZDATA1263567803=2135454377-1502874283-%7C1503755161; UM_distinctid=15f3915a7af4a6-0d6e0cf5fb53b6-43574130-1fa400-15f3915a7b05f5; CNZZDATA2076168=cnzz_eid%3D1798624893-1508489801-%26ntime%3D1508489801; PHPSESSID=hi39jvpoa0d8jsr6m1j5o2sds1',
  'connection' => 'keep-alive',
  'upgrade-insecure-requests' => '1',
)
[ info ] [ PARAM ] array (
)
[ info ] [ RUN ] app\install\controller\Index->index[ F:\wamp\www\cms\application\install\controller\Index.php ]
[ info ] [ SESSION ] INIT array (
  'id' => '',
  'var_session_id' => '',
  'prefix' => 'think',
  'type' => '',
  'auto_start' => true,
)
[ info ] [ VIEW ] F:\wamp\www\cms\public/../application/install\view\index\index.html [ array (
) ]
[ info ] [ LOG ] INIT File

---------------------------------------------------------------
[ 2017-10-21T16:49:25+08:00 ] 127.0.0.1 127.0.0.1 GET /cms/public/index.php/install/index/step1.html
[ log ] 127.0.0.1/cms/public/index.php/install/index/step1.html [运行时间：0.042002s][吞吐率：23.81req/s] [内存消耗：3,142.32kb] [文件加载：47]
[ info ] [ LANG ] F:\wamp\www\cms\thinkphp\lang\zh-cn.php
[ info ] [ ROUTE ] array (
  'type' => 'module',
  'module' => 
  array (
    0 => 'install',
    1 => 'index',
    2 => 'step1',
  ),
)
[ info ] [ HEADER ] array (
  'host' => '127.0.0.1',
  'user-agent' => 'Mozilla/5.0 (Windows NT 6.1; WOW64; rv:56.0) Gecko/20100101 Firefox/56.0',
  'accept' => 'text/html,application/xhtml+xml,application/xml;q=0.9,*/*;q=0.8',
  'accept-language' => 'zh-CN,zh;q=0.8,en-US;q=0.5,en;q=0.3',
  'accept-encoding' => 'gzip, deflate',
  'referer' => 'http://127.0.0.1/cms/public/index.php/install/index/index.html',
  'cookie' => 'Hm_lvt_d7e112eaeea65921aeaadcc0af8f2853=1495546959,1496469174,1496549435; Hm_lvt_b5ae3f71dfe5f06a9dd4dc55087f27d1=1506310525; ECS[visit_times]=6; CNZZDATA726388=cnzz_eid%3D1468040495-1491468025-%26ntime%3D1492926025; CNZZDATA947842=cnzz_eid%3D900007543-1492349940-null%26ntime%3D1497774919; bdshare_firstime=1492352785249; CNZZDATA1260327944=345544524-1495008067-http%253A%252F%252F127.0.0.1%252F%7C1495008067; Hm_lvt_5f5a95758129ff157ca4d0d7afabff18=1506310694; Hm_lvt_d7d8202d7d086bdfdd5750a243f55a2d=1500562284; CNZZDATA1263567803=2135454377-1502874283-%7C1503755161; UM_distinctid=15f3915a7af4a6-0d6e0cf5fb53b6-43574130-1fa400-15f3915a7b05f5; CNZZDATA2076168=cnzz_eid%3D1798624893-1508489801-%26ntime%3D1508489801; PHPSESSID=hi39jvpoa0d8jsr6m1j5o2sds1',
  'connection' => 'keep-alive',
  'upgrade-insecure-requests' => '1',
)
[ info ] [ PARAM ] array (
)
[ info ] [ RUN ] app\install\controller\Index->step1[ F:\wamp\www\cms\application\install\controller\Index.php ]
[ info ] [ SESSION ] INIT array (
  'id' => '',
  'var_session_id' => '',
  'prefix' => 'think',
  'type' => '',
  'auto_start' => true,
)
[ info ] [ VIEW ] F:\wamp\www\cms\public/../application/install\view\index\step1.html [ array (
  0 => 'envArr',
  1 => 'funArr',
  2 => 'dirfileArr',
) ]
[ info ] [ LOG ] INIT File

---------------------------------------------------------------
[ 2017-10-21T16:49:27+08:00 ] 127.0.0.1 127.0.0.1 GET /cms/public/index.php/install/index/step2.html
[ log ] 127.0.0.1/cms/public/index.php/install/index/step2.html [运行时间：0.045003s][吞吐率：22.22req/s] [内存消耗：3,125.88kb] [文件加载：47]
[ info ] [ LANG ] F:\wamp\www\cms\thinkphp\lang\zh-cn.php
[ info ] [ ROUTE ] array (
  'type' => 'module',
  'module' => 
  array (
    0 => 'install',
    1 => 'index',
    2 => 'step2',
  ),
)
[ info ] [ HEADER ] array (
  'host' => '127.0.0.1',
  'user-agent' => 'Mozilla/5.0 (Windows NT 6.1; WOW64; rv:56.0) Gecko/20100101 Firefox/56.0',
  'accept' => 'text/html,application/xhtml+xml,application/xml;q=0.9,*/*;q=0.8',
  'accept-language' => 'zh-CN,zh;q=0.8,en-US;q=0.5,en;q=0.3',
  'accept-encoding' => 'gzip, deflate',
  'referer' => 'http://127.0.0.1/cms/public/index.php/install/index/step1.html',
  'cookie' => 'Hm_lvt_d7e112eaeea65921aeaadcc0af8f2853=1495546959,1496469174,1496549435; Hm_lvt_b5ae3f71dfe5f06a9dd4dc55087f27d1=1506310525; ECS[visit_times]=6; CNZZDATA726388=cnzz_eid%3D1468040495-1491468025-%26ntime%3D1492926025; CNZZDATA947842=cnzz_eid%3D900007543-1492349940-null%26ntime%3D1497774919; bdshare_firstime=1492352785249; CNZZDATA1260327944=345544524-1495008067-http%253A%252F%252F127.0.0.1%252F%7C1495008067; Hm_lvt_5f5a95758129ff157ca4d0d7afabff18=1506310694; Hm_lvt_d7d8202d7d086bdfdd5750a243f55a2d=1500562284; CNZZDATA1263567803=2135454377-1502874283-%7C1503755161; UM_distinctid=15f3915a7af4a6-0d6e0cf5fb53b6-43574130-1fa400-15f3915a7b05f5; CNZZDATA2076168=cnzz_eid%3D1798624893-1508489801-%26ntime%3D1508489801; PHPSESSID=hi39jvpoa0d8jsr6m1j5o2sds1',
  'connection' => 'keep-alive',
  'upgrade-insecure-requests' => '1',
)
[ info ] [ PARAM ] array (
)
[ info ] [ RUN ] app\install\controller\Index->step2[ F:\wamp\www\cms\application\install\controller\Index.php ]
[ info ] [ SESSION ] INIT array (
  'id' => '',
  'var_session_id' => '',
  'prefix' => 'think',
  'type' => '',
  'auto_start' => true,
)
[ info ] [ VIEW ] F:\wamp\www\cms\public/../application/install\view\index\step2.html [ array (
) ]
[ info ] [ LOG ] INIT File

---------------------------------------------------------------
[ 2017-10-21T16:49:47+08:00 ] 127.0.0.1 127.0.0.1 POST /cms/public/index.php/install/index/step2.html
[ log ] 127.0.0.1/cms/public/index.php/install/index/step2.html [运行时间：0.047003s][吞吐率：21.28req/s] [内存消耗：3,420.89kb] [文件加载：50]
[ info ] [ LANG ] F:\wamp\www\cms\thinkphp\lang\zh-cn.php
[ info ] [ ROUTE ] array (
  'type' => 'module',
  'module' => 
  array (
    0 => 'install',
    1 => 'index',
    2 => 'step2',
  ),
)
[ info ] [ HEADER ] array (
  'host' => '127.0.0.1',
  'user-agent' => 'Mozilla/5.0 (Windows NT 6.1; WOW64; rv:56.0) Gecko/20100101 Firefox/56.0',
  'accept' => 'text/html,application/xhtml+xml,application/xml;q=0.9,*/*;q=0.8',
  'accept-language' => 'zh-CN,zh;q=0.8,en-US;q=0.5,en;q=0.3',
  'accept-encoding' => 'gzip, deflate',
  'content-type' => 'application/x-www-form-urlencoded',
  'content-length' => '322',
  'referer' => 'http://127.0.0.1/cms/public/index.php/install/index/step2.html',
  'cookie' => 'Hm_lvt_d7e112eaeea65921aeaadcc0af8f2853=1495546959,1496469174,1496549435; Hm_lvt_b5ae3f71dfe5f06a9dd4dc55087f27d1=1506310525; ECS[visit_times]=6; CNZZDATA726388=cnzz_eid%3D1468040495-1491468025-%26ntime%3D1492926025; CNZZDATA947842=cnzz_eid%3D900007543-1492349940-null%26ntime%3D1497774919; bdshare_firstime=1492352785249; CNZZDATA1260327944=345544524-1495008067-http%253A%252F%252F127.0.0.1%252F%7C1495008067; Hm_lvt_5f5a95758129ff157ca4d0d7afabff18=1506310694; Hm_lvt_d7d8202d7d086bdfdd5750a243f55a2d=1500562284; CNZZDATA1263567803=2135454377-1502874283-%7C1503755161; UM_distinctid=15f3915a7af4a6-0d6e0cf5fb53b6-43574130-1fa400-15f3915a7b05f5; CNZZDATA2076168=cnzz_eid%3D1798624893-1508489801-%26ntime%3D1508489801; PHPSESSID=hi39jvpoa0d8jsr6m1j5o2sds1',
  'connection' => 'keep-alive',
  'upgrade-insecure-requests' => '1',
)
[ info ] [ PARAM ] array (
  'submitform' => 'submit',
  'install_recover' => '',
  'db' => 
  array (
    'type' => 'mysql',
    'hostname' => 'localhost',
    'database' => 'db333',
    'username' => 'root',
    'password' => 'root',
    'prefix' => 'tp_',
    'hostport' => '3306',
  ),
  'admin' => 
  array (
    'site_name' => '我的网站',
    'admin' => 'admin',
    'password' => 'admin',
    'rpassword' => 'admin',
  ),
)
[ info ] [ RUN ] app\install\controller\Index->step2[ F:\wamp\www\cms\application\install\controller\Index.php ]
[ info ] [ SESSION ] INIT array (
  'id' => '',
  'var_session_id' => '',
  'prefix' => 'think',
  'type' => '',
  'auto_start' => true,
)
[ info ] [ DB ] INIT mysql
[ info ] [ VIEW ] F:\wamp\www\cms\thinkphp\tpl\dispatch_jump.tpl [ array (
  0 => 'code',
  1 => 'msg',
  2 => 'data',
  3 => 'url',
  4 => 'wait',
) ]
[ info ] [ LOG ] INIT File

---------------------------------------------------------------
[ 2017-10-21T16:49:50+08:00 ] 127.0.0.1 127.0.0.1 GET /cms/public/index.php/install/index/step3/access/success.html
[ log ] 127.0.0.1/cms/public/index.php/install/index/step3/access/success.html [运行时间：0.128008s][吞吐率：7.81req/s] [内存消耗：3,105.82kb] [文件加载：49]
[ info ] [ LANG ] F:\wamp\www\cms\thinkphp\lang\zh-cn.php
[ info ] [ ROUTE ] array (
  'type' => 'module',
  'module' => 
  array (
    0 => 'install',
    1 => 'index',
    2 => 'step3',
  ),
)
[ info ] [ HEADER ] array (
  'host' => '127.0.0.1',
  'user-agent' => 'Mozilla/5.0 (Windows NT 6.1; WOW64; rv:56.0) Gecko/20100101 Firefox/56.0',
  'accept' => 'text/html,application/xhtml+xml,application/xml;q=0.9,*/*;q=0.8',
  'accept-language' => 'zh-CN,zh;q=0.8,en-US;q=0.5,en;q=0.3',
  'accept-encoding' => 'gzip, deflate',
  'referer' => 'http://127.0.0.1/cms/public/index.php/install/index/step2.html',
  'cookie' => 'Hm_lvt_d7e112eaeea65921aeaadcc0af8f2853=1495546959,1496469174,1496549435; Hm_lvt_b5ae3f71dfe5f06a9dd4dc55087f27d1=1506310525; ECS[visit_times]=6; CNZZDATA726388=cnzz_eid%3D1468040495-1491468025-%26ntime%3D1492926025; CNZZDATA947842=cnzz_eid%3D900007543-1492349940-null%26ntime%3D1497774919; bdshare_firstime=1492352785249; CNZZDATA1260327944=345544524-1495008067-http%253A%252F%252F127.0.0.1%252F%7C1495008067; Hm_lvt_5f5a95758129ff157ca4d0d7afabff18=1506310694; Hm_lvt_d7d8202d7d086bdfdd5750a243f55a2d=1500562284; CNZZDATA1263567803=2135454377-1502874283-%7C1503755161; UM_distinctid=15f3915a7af4a6-0d6e0cf5fb53b6-43574130-1fa400-15f3915a7b05f5; CNZZDATA2076168=cnzz_eid%3D1798624893-1508489801-%26ntime%3D1508489801; PHPSESSID=hi39jvpoa0d8jsr6m1j5o2sds1',
  'connection' => 'keep-alive',
  'upgrade-insecure-requests' => '1',
)
[ info ] [ PARAM ] array (
  'access' => 'success',
)
[ info ] [ RUN ] app\install\controller\Index->step3[ F:\wamp\www\cms\application\install\controller\Index.php ]
[ info ] [ SESSION ] INIT array (
  'id' => '',
  'var_session_id' => '',
  'prefix' => 'think',
  'type' => '',
  'auto_start' => true,
)
[ info ] [ LOG ] INIT File
[ error ] [4096]Object of class think\response\View could not be converted to string[F:\wamp\www\cms\application\install\controller\Index.php:93]

---------------------------------------------------------------
[ 2017-10-21T16:50:05+08:00 ] 127.0.0.1 127.0.0.1 GET /cms/public/index.php/install/index/step3/access/success.html
[ log ] 127.0.0.1/cms/public/index.php/install/index/step3/access/success.html [运行时间：0.050003s][吞吐率：20.00req/s] [内存消耗：3,136.67kb] [文件加载：47]
[ info ] [ LANG ] F:\wamp\www\cms\thinkphp\lang\zh-cn.php
[ info ] [ ROUTE ] array (
  'type' => 'module',
  'module' => 
  array (
    0 => 'install',
    1 => 'index',
    2 => 'step3',
  ),
)
[ info ] [ HEADER ] array (
  'host' => '127.0.0.1',
  'user-agent' => 'Mozilla/5.0 (Windows NT 6.1; WOW64; rv:56.0) Gecko/20100101 Firefox/56.0',
  'accept' => 'text/html,application/xhtml+xml,application/xml;q=0.9,*/*;q=0.8',
  'accept-language' => 'zh-CN,zh;q=0.8,en-US;q=0.5,en;q=0.3',
  'accept-encoding' => 'gzip, deflate',
  'referer' => 'http://127.0.0.1/cms/public/index.php/install/index/step2.html',
  'cookie' => 'Hm_lvt_d7e112eaeea65921aeaadcc0af8f2853=1495546959,1496469174,1496549435; Hm_lvt_b5ae3f71dfe5f06a9dd4dc55087f27d1=1506310525; ECS[visit_times]=6; CNZZDATA726388=cnzz_eid%3D1468040495-1491468025-%26ntime%3D1492926025; CNZZDATA947842=cnzz_eid%3D900007543-1492349940-null%26ntime%3D1497774919; bdshare_firstime=1492352785249; CNZZDATA1260327944=345544524-1495008067-http%253A%252F%252F127.0.0.1%252F%7C1495008067; Hm_lvt_5f5a95758129ff157ca4d0d7afabff18=1506310694; Hm_lvt_d7d8202d7d086bdfdd5750a243f55a2d=1500562284; CNZZDATA1263567803=2135454377-1502874283-%7C1503755161; UM_distinctid=15f3915a7af4a6-0d6e0cf5fb53b6-43574130-1fa400-15f3915a7b05f5; CNZZDATA2076168=cnzz_eid%3D1798624893-1508489801-%26ntime%3D1508489801; PHPSESSID=hi39jvpoa0d8jsr6m1j5o2sds1',
  'connection' => 'keep-alive',
  'upgrade-insecure-requests' => '1',
  'cache-control' => 'max-age=0',
)
[ info ] [ PARAM ] array (
  'access' => 'success',
)
[ info ] [ RUN ] app\install\controller\Index->step3[ F:\wamp\www\cms\application\install\controller\Index.php ]
[ info ] [ SESSION ] INIT array (
  'id' => '',
  'var_session_id' => '',
  'prefix' => 'think',
  'type' => '',
  'auto_start' => true,
)
[ info ] [ LOG ] INIT File

---------------------------------------------------------------
[ 2017-10-21T16:50:05+08:00 ] 127.0.0.1 127.0.0.1 GET /cms/public/index.php/install/index/index.html
[ log ] 127.0.0.1/cms/public/index.php/install/index/index.html [运行时间：0.049003s][吞吐率：20.41req/s] [内存消耗：3,125.89kb] [文件加载：47]
[ info ] [ LANG ] F:\wamp\www\cms\thinkphp\lang\zh-cn.php
[ info ] [ ROUTE ] array (
  'type' => 'module',
  'module' => 
  array (
    0 => 'install',
    1 => 'index',
    2 => 'index',
  ),
)
[ info ] [ HEADER ] array (
  'host' => '127.0.0.1',
  'user-agent' => 'Mozilla/5.0 (Windows NT 6.1; WOW64; rv:56.0) Gecko/20100101 Firefox/56.0',
  'accept' => 'text/html,application/xhtml+xml,application/xml;q=0.9,*/*;q=0.8',
  'accept-language' => 'zh-CN,zh;q=0.8,en-US;q=0.5,en;q=0.3',
  'accept-encoding' => 'gzip, deflate',
  'referer' => 'http://127.0.0.1/cms/public/index.php/install/index/step2.html',
  'cookie' => 'Hm_lvt_d7e112eaeea65921aeaadcc0af8f2853=1495546959,1496469174,1496549435; Hm_lvt_b5ae3f71dfe5f06a9dd4dc55087f27d1=1506310525; ECS[visit_times]=6; CNZZDATA726388=cnzz_eid%3D1468040495-1491468025-%26ntime%3D1492926025; CNZZDATA947842=cnzz_eid%3D900007543-1492349940-null%26ntime%3D1497774919; bdshare_firstime=1492352785249; CNZZDATA1260327944=345544524-1495008067-http%253A%252F%252F127.0.0.1%252F%7C1495008067; Hm_lvt_5f5a95758129ff157ca4d0d7afabff18=1506310694; Hm_lvt_d7d8202d7d086bdfdd5750a243f55a2d=1500562284; CNZZDATA1263567803=2135454377-1502874283-%7C1503755161; UM_distinctid=15f3915a7af4a6-0d6e0cf5fb53b6-43574130-1fa400-15f3915a7b05f5; CNZZDATA2076168=cnzz_eid%3D1798624893-1508489801-%26ntime%3D1508489801; PHPSESSID=hi39jvpoa0d8jsr6m1j5o2sds1',
  'connection' => 'keep-alive',
  'upgrade-insecure-requests' => '1',
  'cache-control' => 'max-age=0',
)
[ info ] [ PARAM ] array (
)
[ info ] [ RUN ] app\install\controller\Index->index[ F:\wamp\www\cms\application\install\controller\Index.php ]
[ info ] [ SESSION ] INIT array (
  'id' => '',
  'var_session_id' => '',
  'prefix' => 'think',
  'type' => '',
  'auto_start' => true,
)
[ info ] [ VIEW ] F:\wamp\www\cms\public/../application/install\view\index\index.html [ array (
) ]
[ info ] [ LOG ] INIT File

---------------------------------------------------------------
[ 2017-10-21T16:50:06+08:00 ] 127.0.0.1 127.0.0.1 GET /cms/public/index.php/install/index/step1.html
[ log ] 127.0.0.1/cms/public/index.php/install/index/step1.html [运行时间：0.046003s][吞吐率：21.74req/s] [内存消耗：3,142.37kb] [文件加载：47]
[ info ] [ LANG ] F:\wamp\www\cms\thinkphp\lang\zh-cn.php
[ info ] [ ROUTE ] array (
  'type' => 'module',
  'module' => 
  array (
    0 => 'install',
    1 => 'index',
    2 => 'step1',
  ),
)
[ info ] [ HEADER ] array (
  'host' => '127.0.0.1',
  'user-agent' => 'Mozilla/5.0 (Windows NT 6.1; WOW64; rv:56.0) Gecko/20100101 Firefox/56.0',
  'accept' => 'text/html,application/xhtml+xml,application/xml;q=0.9,*/*;q=0.8',
  'accept-language' => 'zh-CN,zh;q=0.8,en-US;q=0.5,en;q=0.3',
  'accept-encoding' => 'gzip, deflate',
  'referer' => 'http://127.0.0.1/cms/public/index.php/install/index/index.html',
  'cookie' => 'Hm_lvt_d7e112eaeea65921aeaadcc0af8f2853=1495546959,1496469174,1496549435; Hm_lvt_b5ae3f71dfe5f06a9dd4dc55087f27d1=1506310525; ECS[visit_times]=6; CNZZDATA726388=cnzz_eid%3D1468040495-1491468025-%26ntime%3D1492926025; CNZZDATA947842=cnzz_eid%3D900007543-1492349940-null%26ntime%3D1497774919; bdshare_firstime=1492352785249; CNZZDATA1260327944=345544524-1495008067-http%253A%252F%252F127.0.0.1%252F%7C1495008067; Hm_lvt_5f5a95758129ff157ca4d0d7afabff18=1506310694; Hm_lvt_d7d8202d7d086bdfdd5750a243f55a2d=1500562284; CNZZDATA1263567803=2135454377-1502874283-%7C1503755161; UM_distinctid=15f3915a7af4a6-0d6e0cf5fb53b6-43574130-1fa400-15f3915a7b05f5; CNZZDATA2076168=cnzz_eid%3D1798624893-1508489801-%26ntime%3D1508489801; PHPSESSID=hi39jvpoa0d8jsr6m1j5o2sds1',
  'connection' => 'keep-alive',
  'upgrade-insecure-requests' => '1',
)
[ info ] [ PARAM ] array (
)
[ info ] [ RUN ] app\install\controller\Index->step1[ F:\wamp\www\cms\application\install\controller\Index.php ]
[ info ] [ SESSION ] INIT array (
  'id' => '',
  'var_session_id' => '',
  'prefix' => 'think',
  'type' => '',
  'auto_start' => true,
)
[ info ] [ VIEW ] F:\wamp\www\cms\public/../application/install\view\index\step1.html [ array (
  0 => 'envArr',
  1 => 'funArr',
  2 => 'dirfileArr',
) ]
[ info ] [ LOG ] INIT File

---------------------------------------------------------------
[ 2017-10-21T16:50:08+08:00 ] 127.0.0.1 127.0.0.1 GET /cms/public/index.php/install/index/step2.html
[ log ] 127.0.0.1/cms/public/index.php/install/index/step2.html [运行时间：0.046003s][吞吐率：21.74req/s] [内存消耗：3,125.95kb] [文件加载：47]
[ info ] [ LANG ] F:\wamp\www\cms\thinkphp\lang\zh-cn.php
[ info ] [ ROUTE ] array (
  'type' => 'module',
  'module' => 
  array (
    0 => 'install',
    1 => 'index',
    2 => 'step2',
  ),
)
[ info ] [ HEADER ] array (
  'host' => '127.0.0.1',
  'user-agent' => 'Mozilla/5.0 (Windows NT 6.1; WOW64; rv:56.0) Gecko/20100101 Firefox/56.0',
  'accept' => 'text/html,application/xhtml+xml,application/xml;q=0.9,*/*;q=0.8',
  'accept-language' => 'zh-CN,zh;q=0.8,en-US;q=0.5,en;q=0.3',
  'accept-encoding' => 'gzip, deflate',
  'referer' => 'http://127.0.0.1/cms/public/index.php/install/index/step1.html',
  'cookie' => 'Hm_lvt_d7e112eaeea65921aeaadcc0af8f2853=1495546959,1496469174,1496549435; Hm_lvt_b5ae3f71dfe5f06a9dd4dc55087f27d1=1506310525; ECS[visit_times]=6; CNZZDATA726388=cnzz_eid%3D1468040495-1491468025-%26ntime%3D1492926025; CNZZDATA947842=cnzz_eid%3D900007543-1492349940-null%26ntime%3D1497774919; bdshare_firstime=1492352785249; CNZZDATA1260327944=345544524-1495008067-http%253A%252F%252F127.0.0.1%252F%7C1495008067; Hm_lvt_5f5a95758129ff157ca4d0d7afabff18=1506310694; Hm_lvt_d7d8202d7d086bdfdd5750a243f55a2d=1500562284; CNZZDATA1263567803=2135454377-1502874283-%7C1503755161; UM_distinctid=15f3915a7af4a6-0d6e0cf5fb53b6-43574130-1fa400-15f3915a7b05f5; CNZZDATA2076168=cnzz_eid%3D1798624893-1508489801-%26ntime%3D1508489801; PHPSESSID=hi39jvpoa0d8jsr6m1j5o2sds1',
  'connection' => 'keep-alive',
  'upgrade-insecure-requests' => '1',
)
[ info ] [ PARAM ] array (
)
[ info ] [ RUN ] app\install\controller\Index->step2[ F:\wamp\www\cms\application\install\controller\Index.php ]
[ info ] [ SESSION ] INIT array (
  'id' => '',
  'var_session_id' => '',
  'prefix' => 'think',
  'type' => '',
  'auto_start' => true,
)
[ info ] [ VIEW ] F:\wamp\www\cms\public/../application/install\view\index\step2.html [ array (
) ]
[ info ] [ LOG ] INIT File

---------------------------------------------------------------
[ 2017-10-21T16:50:27+08:00 ] 127.0.0.1 127.0.0.1 POST /cms/public/index.php/install/index/step2.html
[ log ] 127.0.0.1/cms/public/index.php/install/index/step2.html [运行时间：0.092005s][吞吐率：10.87req/s] [内存消耗：3,420.84kb] [文件加载：50]
[ info ] [ LANG ] F:\wamp\www\cms\thinkphp\lang\zh-cn.php
[ info ] [ ROUTE ] array (
  'type' => 'module',
  'module' => 
  array (
    0 => 'install',
    1 => 'index',
    2 => 'step2',
  ),
)
[ info ] [ HEADER ] array (
  'host' => '127.0.0.1',
  'user-agent' => 'Mozilla/5.0 (Windows NT 6.1; WOW64; rv:56.0) Gecko/20100101 Firefox/56.0',
  'accept' => 'text/html,application/xhtml+xml,application/xml;q=0.9,*/*;q=0.8',
  'accept-language' => 'zh-CN,zh;q=0.8,en-US;q=0.5,en;q=0.3',
  'accept-encoding' => 'gzip, deflate',
  'content-type' => 'application/x-www-form-urlencoded',
  'content-length' => '322',
  'referer' => 'http://127.0.0.1/cms/public/index.php/install/index/step2.html',
  'cookie' => 'Hm_lvt_d7e112eaeea65921aeaadcc0af8f2853=1495546959,1496469174,1496549435; Hm_lvt_b5ae3f71dfe5f06a9dd4dc55087f27d1=1506310525; ECS[visit_times]=6; CNZZDATA726388=cnzz_eid%3D1468040495-1491468025-%26ntime%3D1492926025; CNZZDATA947842=cnzz_eid%3D900007543-1492349940-null%26ntime%3D1497774919; bdshare_firstime=1492352785249; CNZZDATA1260327944=345544524-1495008067-http%253A%252F%252F127.0.0.1%252F%7C1495008067; Hm_lvt_5f5a95758129ff157ca4d0d7afabff18=1506310694; Hm_lvt_d7d8202d7d086bdfdd5750a243f55a2d=1500562284; CNZZDATA1263567803=2135454377-1502874283-%7C1503755161; UM_distinctid=15f3915a7af4a6-0d6e0cf5fb53b6-43574130-1fa400-15f3915a7b05f5; CNZZDATA2076168=cnzz_eid%3D1798624893-1508489801-%26ntime%3D1508489801; PHPSESSID=hi39jvpoa0d8jsr6m1j5o2sds1',
  'connection' => 'keep-alive',
  'upgrade-insecure-requests' => '1',
)
[ info ] [ PARAM ] array (
  'submitform' => 'submit',
  'install_recover' => '',
  'db' => 
  array (
    'type' => 'mysql',
    'hostname' => 'localhost',
    'database' => 'db444',
    'username' => 'root',
    'password' => 'root',
    'prefix' => 'tp_',
    'hostport' => '3306',
  ),
  'admin' => 
  array (
    'site_name' => '我的网站',
    'admin' => 'admin',
    'password' => 'admin',
    'rpassword' => 'admin',
  ),
)
[ info ] [ RUN ] app\install\controller\Index->step2[ F:\wamp\www\cms\application\install\controller\Index.php ]
[ info ] [ SESSION ] INIT array (
  'id' => '',
  'var_session_id' => '',
  'prefix' => 'think',
  'type' => '',
  'auto_start' => true,
)
[ info ] [ DB ] INIT mysql
[ info ] [ VIEW ] F:\wamp\www\cms\thinkphp\tpl\dispatch_jump.tpl [ array (
  0 => 'code',
  1 => 'msg',
  2 => 'data',
  3 => 'url',
  4 => 'wait',
) ]
[ info ] [ LOG ] INIT File

---------------------------------------------------------------
[ 2017-10-21T16:50:31+08:00 ] 127.0.0.1 127.0.0.1 GET /cms/public/index.php/install/index/step3/access/success.html
[ log ] 127.0.0.1/cms/public/index.php/install/index/step3/access/success.html [运行时间：0.054003s][吞吐率：18.52req/s] [内存消耗：2,992.56kb] [文件加载：45]
[ info ] [ LANG ] F:\wamp\www\cms\thinkphp\lang\zh-cn.php
[ info ] [ ROUTE ] array (
  'type' => 'module',
  'module' => 
  array (
    0 => 'install',
    1 => 'index',
    2 => 'step3',
  ),
)
[ info ] [ HEADER ] array (
  'host' => '127.0.0.1',
  'user-agent' => 'Mozilla/5.0 (Windows NT 6.1; WOW64; rv:56.0) Gecko/20100101 Firefox/56.0',
  'accept' => 'text/html,application/xhtml+xml,application/xml;q=0.9,*/*;q=0.8',
  'accept-language' => 'zh-CN,zh;q=0.8,en-US;q=0.5,en;q=0.3',
  'accept-encoding' => 'gzip, deflate',
  'referer' => 'http://127.0.0.1/cms/public/index.php/install/index/step2.html',
  'cookie' => 'Hm_lvt_d7e112eaeea65921aeaadcc0af8f2853=1495546959,1496469174,1496549435; Hm_lvt_b5ae3f71dfe5f06a9dd4dc55087f27d1=1506310525; ECS[visit_times]=6; CNZZDATA726388=cnzz_eid%3D1468040495-1491468025-%26ntime%3D1492926025; CNZZDATA947842=cnzz_eid%3D900007543-1492349940-null%26ntime%3D1497774919; bdshare_firstime=1492352785249; CNZZDATA1260327944=345544524-1495008067-http%253A%252F%252F127.0.0.1%252F%7C1495008067; Hm_lvt_5f5a95758129ff157ca4d0d7afabff18=1506310694; Hm_lvt_d7d8202d7d086bdfdd5750a243f55a2d=1500562284; CNZZDATA1263567803=2135454377-1502874283-%7C1503755161; UM_distinctid=15f3915a7af4a6-0d6e0cf5fb53b6-43574130-1fa400-15f3915a7b05f5; CNZZDATA2076168=cnzz_eid%3D1798624893-1508489801-%26ntime%3D1508489801; PHPSESSID=hi39jvpoa0d8jsr6m1j5o2sds1',
  'connection' => 'keep-alive',
  'upgrade-insecure-requests' => '1',
)
[ info ] [ PARAM ] array (
  'access' => 'success',
)
[ info ] [ RUN ] app\install\controller\Index->step3[ F:\wamp\www\cms\application\install\controller\Index.php ]
[ info ] [ SESSION ] INIT array (
  'id' => '',
  'var_session_id' => '',
  'prefix' => 'think',
  'type' => '',
  'auto_start' => true,
)
[ info ] [ VIEW ] F:\wamp\www\cms\public/../application/install\view\index\step3.html [ array (
) ]
[ info ] [ LOG ] INIT File

---------------------------------------------------------------
[ 2017-10-21T17:02:17+08:00 ] 127.0.0.1 127.0.0.1 GET /cms/public/index.php/install/index/step3/access/success.html
[ log ] 127.0.0.1/cms/public/index.php/install/index/step3/access/success.html [运行时间：0.043003s][吞吐率：23.25req/s] [内存消耗：3,139.95kb] [文件加载：47]
[ info ] [ LANG ] F:\wamp\www\cms\thinkphp\lang\zh-cn.php
[ info ] [ ROUTE ] array (
  'type' => 'module',
  'module' => 
  array (
    0 => 'install',
    1 => 'index',
    2 => 'step3',
  ),
)
[ info ] [ HEADER ] array (
  'host' => '127.0.0.1',
  'user-agent' => 'Mozilla/5.0 (Windows NT 6.1; WOW64; rv:56.0) Gecko/20100101 Firefox/56.0',
  'accept' => 'text/html,application/xhtml+xml,application/xml;q=0.9,*/*;q=0.8',
  'accept-language' => 'zh-CN,zh;q=0.8,en-US;q=0.5,en;q=0.3',
  'accept-encoding' => 'gzip, deflate',
  'referer' => 'http://127.0.0.1/cms/public/index.php/install/index/step2.html',
  'cookie' => 'Hm_lvt_d7e112eaeea65921aeaadcc0af8f2853=1495546959,1496469174,1496549435; Hm_lvt_b5ae3f71dfe5f06a9dd4dc55087f27d1=1506310525; ECS[visit_times]=6; CNZZDATA726388=cnzz_eid%3D1468040495-1491468025-%26ntime%3D1492926025; CNZZDATA947842=cnzz_eid%3D900007543-1492349940-null%26ntime%3D1497774919; bdshare_firstime=1492352785249; CNZZDATA1260327944=345544524-1495008067-http%253A%252F%252F127.0.0.1%252F%7C1495008067; Hm_lvt_5f5a95758129ff157ca4d0d7afabff18=1506310694; Hm_lvt_d7d8202d7d086bdfdd5750a243f55a2d=1500562284; CNZZDATA1263567803=2135454377-1502874283-%7C1503755161; UM_distinctid=15f3915a7af4a6-0d6e0cf5fb53b6-43574130-1fa400-15f3915a7b05f5; CNZZDATA2076168=cnzz_eid%3D1798624893-1508489801-%26ntime%3D1508489801; PHPSESSID=hi39jvpoa0d8jsr6m1j5o2sds1',
  'connection' => 'keep-alive',
  'upgrade-insecure-requests' => '1',
  'cache-control' => 'max-age=0',
)
[ info ] [ PARAM ] array (
  'access' => 'success',
)
[ info ] [ RUN ] app\install\controller\Index->step3[ F:\wamp\www\cms\application\install\controller\Index.php ]
[ info ] [ SESSION ] INIT array (
  'id' => '',
  'var_session_id' => '',
  'prefix' => 'think',
  'type' => '',
  'auto_start' => true,
)
[ info ] [ LOG ] INIT File

---------------------------------------------------------------
[ 2017-10-21T17:02:17+08:00 ] 127.0.0.1 127.0.0.1 GET /cms/public/index.php/install/index/index.html
[ log ] 127.0.0.1/cms/public/index.php/install/index/index.html [运行时间：0.036002s][吞吐率：27.78req/s] [内存消耗：3,128.66kb] [文件加载：47]
[ info ] [ LANG ] F:\wamp\www\cms\thinkphp\lang\zh-cn.php
[ info ] [ ROUTE ] array (
  'type' => 'module',
  'module' => 
  array (
    0 => 'install',
    1 => 'index',
    2 => 'index',
  ),
)
[ info ] [ HEADER ] array (
  'host' => '127.0.0.1',
  'user-agent' => 'Mozilla/5.0 (Windows NT 6.1; WOW64; rv:56.0) Gecko/20100101 Firefox/56.0',
  'accept' => 'text/html,application/xhtml+xml,application/xml;q=0.9,*/*;q=0.8',
  'accept-language' => 'zh-CN,zh;q=0.8,en-US;q=0.5,en;q=0.3',
  'accept-encoding' => 'gzip, deflate',
  'referer' => 'http://127.0.0.1/cms/public/index.php/install/index/step2.html',
  'cookie' => 'Hm_lvt_d7e112eaeea65921aeaadcc0af8f2853=1495546959,1496469174,1496549435; Hm_lvt_b5ae3f71dfe5f06a9dd4dc55087f27d1=1506310525; ECS[visit_times]=6; CNZZDATA726388=cnzz_eid%3D1468040495-1491468025-%26ntime%3D1492926025; CNZZDATA947842=cnzz_eid%3D900007543-1492349940-null%26ntime%3D1497774919; bdshare_firstime=1492352785249; CNZZDATA1260327944=345544524-1495008067-http%253A%252F%252F127.0.0.1%252F%7C1495008067; Hm_lvt_5f5a95758129ff157ca4d0d7afabff18=1506310694; Hm_lvt_d7d8202d7d086bdfdd5750a243f55a2d=1500562284; CNZZDATA1263567803=2135454377-1502874283-%7C1503755161; UM_distinctid=15f3915a7af4a6-0d6e0cf5fb53b6-43574130-1fa400-15f3915a7b05f5; CNZZDATA2076168=cnzz_eid%3D1798624893-1508489801-%26ntime%3D1508489801; PHPSESSID=hi39jvpoa0d8jsr6m1j5o2sds1',
  'connection' => 'keep-alive',
  'upgrade-insecure-requests' => '1',
  'cache-control' => 'max-age=0',
)
[ info ] [ PARAM ] array (
)
[ info ] [ RUN ] app\install\controller\Index->index[ F:\wamp\www\cms\application\install\controller\Index.php ]
[ info ] [ SESSION ] INIT array (
  'id' => '',
  'var_session_id' => '',
  'prefix' => 'think',
  'type' => '',
  'auto_start' => true,
)
[ info ] [ VIEW ] F:\wamp\www\cms\public/../application/install\view\index\index.html [ array (
) ]
[ info ] [ LOG ] INIT File

---------------------------------------------------------------
[ 2017-10-21T17:02:18+08:00 ] 127.0.0.1 127.0.0.1 GET /cms/public/index.php/install/index/step1.html
[ log ] 127.0.0.1/cms/public/index.php/install/index/step1.html [运行时间：0.047002s][吞吐率：21.28req/s] [内存消耗：3,145.29kb] [文件加载：47]
[ info ] [ LANG ] F:\wamp\www\cms\thinkphp\lang\zh-cn.php
[ info ] [ ROUTE ] array (
  'type' => 'module',
  'module' => 
  array (
    0 => 'install',
    1 => 'index',
    2 => 'step1',
  ),
)
[ info ] [ HEADER ] array (
  'host' => '127.0.0.1',
  'user-agent' => 'Mozilla/5.0 (Windows NT 6.1; WOW64; rv:56.0) Gecko/20100101 Firefox/56.0',
  'accept' => 'text/html,application/xhtml+xml,application/xml;q=0.9,*/*;q=0.8',
  'accept-language' => 'zh-CN,zh;q=0.8,en-US;q=0.5,en;q=0.3',
  'accept-encoding' => 'gzip, deflate',
  'referer' => 'http://127.0.0.1/cms/public/index.php/install/index/index.html',
  'cookie' => 'Hm_lvt_d7e112eaeea65921aeaadcc0af8f2853=1495546959,1496469174,1496549435; Hm_lvt_b5ae3f71dfe5f06a9dd4dc55087f27d1=1506310525; ECS[visit_times]=6; CNZZDATA726388=cnzz_eid%3D1468040495-1491468025-%26ntime%3D1492926025; CNZZDATA947842=cnzz_eid%3D900007543-1492349940-null%26ntime%3D1497774919; bdshare_firstime=1492352785249; CNZZDATA1260327944=345544524-1495008067-http%253A%252F%252F127.0.0.1%252F%7C1495008067; Hm_lvt_5f5a95758129ff157ca4d0d7afabff18=1506310694; Hm_lvt_d7d8202d7d086bdfdd5750a243f55a2d=1500562284; CNZZDATA1263567803=2135454377-1502874283-%7C1503755161; UM_distinctid=15f3915a7af4a6-0d6e0cf5fb53b6-43574130-1fa400-15f3915a7b05f5; CNZZDATA2076168=cnzz_eid%3D1798624893-1508489801-%26ntime%3D1508489801; PHPSESSID=hi39jvpoa0d8jsr6m1j5o2sds1',
  'connection' => 'keep-alive',
  'upgrade-insecure-requests' => '1',
)
[ info ] [ PARAM ] array (
)
[ info ] [ RUN ] app\install\controller\Index->step1[ F:\wamp\www\cms\application\install\controller\Index.php ]
[ info ] [ SESSION ] INIT array (
  'id' => '',
  'var_session_id' => '',
  'prefix' => 'think',
  'type' => '',
  'auto_start' => true,
)
[ info ] [ VIEW ] F:\wamp\www\cms\public/../application/install\view\index\step1.html [ array (
  0 => 'envArr',
  1 => 'funArr',
  2 => 'dirfileArr',
) ]
[ info ] [ LOG ] INIT File

---------------------------------------------------------------
[ 2017-10-21T17:02:20+08:00 ] 127.0.0.1 127.0.0.1 GET /cms/public/index.php/install/index/step2.html
[ log ] 127.0.0.1/cms/public/index.php/install/index/step2.html [运行时间：0.038002s][吞吐率：26.31req/s] [内存消耗：3,128.83kb] [文件加载：47]
[ info ] [ LANG ] F:\wamp\www\cms\thinkphp\lang\zh-cn.php
[ info ] [ ROUTE ] array (
  'type' => 'module',
  'module' => 
  array (
    0 => 'install',
    1 => 'index',
    2 => 'step2',
  ),
)
[ info ] [ HEADER ] array (
  'host' => '127.0.0.1',
  'user-agent' => 'Mozilla/5.0 (Windows NT 6.1; WOW64; rv:56.0) Gecko/20100101 Firefox/56.0',
  'accept' => 'text/html,application/xhtml+xml,application/xml;q=0.9,*/*;q=0.8',
  'accept-language' => 'zh-CN,zh;q=0.8,en-US;q=0.5,en;q=0.3',
  'accept-encoding' => 'gzip, deflate',
  'referer' => 'http://127.0.0.1/cms/public/index.php/install/index/step1.html',
  'cookie' => 'Hm_lvt_d7e112eaeea65921aeaadcc0af8f2853=1495546959,1496469174,1496549435; Hm_lvt_b5ae3f71dfe5f06a9dd4dc55087f27d1=1506310525; ECS[visit_times]=6; CNZZDATA726388=cnzz_eid%3D1468040495-1491468025-%26ntime%3D1492926025; CNZZDATA947842=cnzz_eid%3D900007543-1492349940-null%26ntime%3D1497774919; bdshare_firstime=1492352785249; CNZZDATA1260327944=345544524-1495008067-http%253A%252F%252F127.0.0.1%252F%7C1495008067; Hm_lvt_5f5a95758129ff157ca4d0d7afabff18=1506310694; Hm_lvt_d7d8202d7d086bdfdd5750a243f55a2d=1500562284; CNZZDATA1263567803=2135454377-1502874283-%7C1503755161; UM_distinctid=15f3915a7af4a6-0d6e0cf5fb53b6-43574130-1fa400-15f3915a7b05f5; CNZZDATA2076168=cnzz_eid%3D1798624893-1508489801-%26ntime%3D1508489801; PHPSESSID=hi39jvpoa0d8jsr6m1j5o2sds1',
  'connection' => 'keep-alive',
  'upgrade-insecure-requests' => '1',
)
[ info ] [ PARAM ] array (
)
[ info ] [ RUN ] app\install\controller\Index->step2[ F:\wamp\www\cms\application\install\controller\Index.php ]
[ info ] [ SESSION ] INIT array (
  'id' => '',
  'var_session_id' => '',
  'prefix' => 'think',
  'type' => '',
  'auto_start' => true,
)
[ info ] [ VIEW ] F:\wamp\www\cms\public/../application/install\view\index\step2.html [ array (
) ]
[ info ] [ LOG ] INIT File

---------------------------------------------------------------
[ 2017-10-21T17:02:42+08:00 ] 127.0.0.1 127.0.0.1 POST /cms/public/index.php/install/index/step2.html
[ log ] 127.0.0.1/cms/public/index.php/install/index/step2.html [运行时间：0.109006s][吞吐率：9.17req/s] [内存消耗：3,423.98kb] [文件加载：50]
[ info ] [ LANG ] F:\wamp\www\cms\thinkphp\lang\zh-cn.php
[ info ] [ ROUTE ] array (
  'type' => 'module',
  'module' => 
  array (
    0 => 'install',
    1 => 'index',
    2 => 'step2',
  ),
)
[ info ] [ HEADER ] array (
  'host' => '127.0.0.1',
  'user-agent' => 'Mozilla/5.0 (Windows NT 6.1; WOW64; rv:56.0) Gecko/20100101 Firefox/56.0',
  'accept' => 'text/html,application/xhtml+xml,application/xml;q=0.9,*/*;q=0.8',
  'accept-language' => 'zh-CN,zh;q=0.8,en-US;q=0.5,en;q=0.3',
  'accept-encoding' => 'gzip, deflate',
  'content-type' => 'application/x-www-form-urlencoded',
  'content-length' => '322',
  'referer' => 'http://127.0.0.1/cms/public/index.php/install/index/step2.html',
  'cookie' => 'Hm_lvt_d7e112eaeea65921aeaadcc0af8f2853=1495546959,1496469174,1496549435; Hm_lvt_b5ae3f71dfe5f06a9dd4dc55087f27d1=1506310525; ECS[visit_times]=6; CNZZDATA726388=cnzz_eid%3D1468040495-1491468025-%26ntime%3D1492926025; CNZZDATA947842=cnzz_eid%3D900007543-1492349940-null%26ntime%3D1497774919; bdshare_firstime=1492352785249; CNZZDATA1260327944=345544524-1495008067-http%253A%252F%252F127.0.0.1%252F%7C1495008067; Hm_lvt_5f5a95758129ff157ca4d0d7afabff18=1506310694; Hm_lvt_d7d8202d7d086bdfdd5750a243f55a2d=1500562284; CNZZDATA1263567803=2135454377-1502874283-%7C1503755161; UM_distinctid=15f3915a7af4a6-0d6e0cf5fb53b6-43574130-1fa400-15f3915a7b05f5; CNZZDATA2076168=cnzz_eid%3D1798624893-1508489801-%26ntime%3D1508489801; PHPSESSID=hi39jvpoa0d8jsr6m1j5o2sds1',
  'connection' => 'keep-alive',
  'upgrade-insecure-requests' => '1',
)
[ info ] [ PARAM ] array (
  'submitform' => 'submit',
  'install_recover' => '',
  'db' => 
  array (
    'type' => 'mysql',
    'hostname' => 'localhost',
    'database' => 'db555',
    'username' => 'root',
    'password' => 'root',
    'prefix' => 'tp_',
    'hostport' => '3306',
  ),
  'admin' => 
  array (
    'site_name' => '我的网站',
    'admin' => 'admin',
    'password' => 'admin',
    'rpassword' => 'admin',
  ),
)
[ info ] [ RUN ] app\install\controller\Index->step2[ F:\wamp\www\cms\application\install\controller\Index.php ]
[ info ] [ SESSION ] INIT array (
  'id' => '',
  'var_session_id' => '',
  'prefix' => 'think',
  'type' => '',
  'auto_start' => true,
)
[ info ] [ DB ] INIT mysql
[ info ] [ VIEW ] F:\wamp\www\cms\thinkphp\tpl\dispatch_jump.tpl [ array (
  0 => 'code',
  1 => 'msg',
  2 => 'data',
  3 => 'url',
  4 => 'wait',
) ]
[ info ] [ LOG ] INIT File

---------------------------------------------------------------
[ 2017-10-21T17:02:45+08:00 ] 127.0.0.1 127.0.0.1 GET /cms/public/index.php/install/index/step3/access/success.html
[ log ] 127.0.0.1/cms/public/index.php/install/index/step3/access/success.html [运行时间：0.084004s][吞吐率：11.90req/s] [内存消耗：3,000.71kb] [文件加载：45]
[ info ] [ LANG ] F:\wamp\www\cms\thinkphp\lang\zh-cn.php
[ info ] [ ROUTE ] array (
  'type' => 'module',
  'module' => 
  array (
    0 => 'install',
    1 => 'index',
    2 => 'step3',
  ),
)
[ info ] [ HEADER ] array (
  'host' => '127.0.0.1',
  'user-agent' => 'Mozilla/5.0 (Windows NT 6.1; WOW64; rv:56.0) Gecko/20100101 Firefox/56.0',
  'accept' => 'text/html,application/xhtml+xml,application/xml;q=0.9,*/*;q=0.8',
  'accept-language' => 'zh-CN,zh;q=0.8,en-US;q=0.5,en;q=0.3',
  'accept-encoding' => 'gzip, deflate',
  'referer' => 'http://127.0.0.1/cms/public/index.php/install/index/step2.html',
  'cookie' => 'Hm_lvt_d7e112eaeea65921aeaadcc0af8f2853=1495546959,1496469174,1496549435; Hm_lvt_b5ae3f71dfe5f06a9dd4dc55087f27d1=1506310525; ECS[visit_times]=6; CNZZDATA726388=cnzz_eid%3D1468040495-1491468025-%26ntime%3D1492926025; CNZZDATA947842=cnzz_eid%3D900007543-1492349940-null%26ntime%3D1497774919; bdshare_firstime=1492352785249; CNZZDATA1260327944=345544524-1495008067-http%253A%252F%252F127.0.0.1%252F%7C1495008067; Hm_lvt_5f5a95758129ff157ca4d0d7afabff18=1506310694; Hm_lvt_d7d8202d7d086bdfdd5750a243f55a2d=1500562284; CNZZDATA1263567803=2135454377-1502874283-%7C1503755161; UM_distinctid=15f3915a7af4a6-0d6e0cf5fb53b6-43574130-1fa400-15f3915a7b05f5; CNZZDATA2076168=cnzz_eid%3D1798624893-1508489801-%26ntime%3D1508489801; PHPSESSID=hi39jvpoa0d8jsr6m1j5o2sds1',
  'connection' => 'keep-alive',
  'upgrade-insecure-requests' => '1',
)
[ info ] [ PARAM ] array (
  'access' => 'success',
)
[ info ] [ RUN ] app\install\controller\Index->step3[ F:\wamp\www\cms\application\install\controller\Index.php ]
[ info ] [ SESSION ] INIT array (
  'id' => '',
  'var_session_id' => '',
  'prefix' => 'think',
  'type' => '',
  'auto_start' => true,
)
[ info ] [ VIEW ] F:\wamp\www\cms\public/../application/install\view\index\step3.html [ array (
) ]
[ info ] [ LOG ] INIT File

---------------------------------------------------------------
[ 2017-10-21T17:04:32+08:00 ] 127.0.0.1 127.0.0.1 GET /cms/public/index.php/install/index/step3/access/success.html
[ log ] 127.0.0.1/cms/public/index.php/install/index/step3/access/success.html [运行时间：0.037002s][吞吐率：27.03req/s] [内存消耗：3,139.92kb] [文件加载：47]
[ info ] [ LANG ] F:\wamp\www\cms\thinkphp\lang\zh-cn.php
[ info ] [ ROUTE ] array (
  'type' => 'module',
  'module' => 
  array (
    0 => 'install',
    1 => 'index',
    2 => 'step3',
  ),
)
[ info ] [ HEADER ] array (
  'host' => '127.0.0.1',
  'user-agent' => 'Mozilla/5.0 (Windows NT 6.1; WOW64; rv:56.0) Gecko/20100101 Firefox/56.0',
  'accept' => 'text/html,application/xhtml+xml,application/xml;q=0.9,*/*;q=0.8',
  'accept-language' => 'zh-CN,zh;q=0.8,en-US;q=0.5,en;q=0.3',
  'accept-encoding' => 'gzip, deflate',
  'referer' => 'http://127.0.0.1/cms/public/index.php/install/index/step2.html',
  'cookie' => 'Hm_lvt_d7e112eaeea65921aeaadcc0af8f2853=1495546959,1496469174,1496549435; Hm_lvt_b5ae3f71dfe5f06a9dd4dc55087f27d1=1506310525; ECS[visit_times]=6; CNZZDATA726388=cnzz_eid%3D1468040495-1491468025-%26ntime%3D1492926025; CNZZDATA947842=cnzz_eid%3D900007543-1492349940-null%26ntime%3D1497774919; bdshare_firstime=1492352785249; CNZZDATA1260327944=345544524-1495008067-http%253A%252F%252F127.0.0.1%252F%7C1495008067; Hm_lvt_5f5a95758129ff157ca4d0d7afabff18=1506310694; Hm_lvt_d7d8202d7d086bdfdd5750a243f55a2d=1500562284; CNZZDATA1263567803=2135454377-1502874283-%7C1503755161; UM_distinctid=15f3915a7af4a6-0d6e0cf5fb53b6-43574130-1fa400-15f3915a7b05f5; CNZZDATA2076168=cnzz_eid%3D1798624893-1508489801-%26ntime%3D1508489801; PHPSESSID=hi39jvpoa0d8jsr6m1j5o2sds1',
  'connection' => 'keep-alive',
  'upgrade-insecure-requests' => '1',
  'cache-control' => 'max-age=0',
)
[ info ] [ PARAM ] array (
  'access' => 'success',
)
[ info ] [ RUN ] app\install\controller\Index->step3[ F:\wamp\www\cms\application\install\controller\Index.php ]
[ info ] [ SESSION ] INIT array (
  'id' => '',
  'var_session_id' => '',
  'prefix' => 'think',
  'type' => '',
  'auto_start' => true,
)
[ info ] [ LOG ] INIT File

---------------------------------------------------------------
[ 2017-10-21T17:04:32+08:00 ] 127.0.0.1 127.0.0.1 GET /cms/public/index.php/install/index/index.html
[ log ] 127.0.0.1/cms/public/index.php/install/index/index.html [运行时间：0.034001s][吞吐率：29.41req/s] [内存消耗：3,128.59kb] [文件加载：47]
[ info ] [ LANG ] F:\wamp\www\cms\thinkphp\lang\zh-cn.php
[ info ] [ ROUTE ] array (
  'type' => 'module',
  'module' => 
  array (
    0 => 'install',
    1 => 'index',
    2 => 'index',
  ),
)
[ info ] [ HEADER ] array (
  'host' => '127.0.0.1',
  'user-agent' => 'Mozilla/5.0 (Windows NT 6.1; WOW64; rv:56.0) Gecko/20100101 Firefox/56.0',
  'accept' => 'text/html,application/xhtml+xml,application/xml;q=0.9,*/*;q=0.8',
  'accept-language' => 'zh-CN,zh;q=0.8,en-US;q=0.5,en;q=0.3',
  'accept-encoding' => 'gzip, deflate',
  'referer' => 'http://127.0.0.1/cms/public/index.php/install/index/step2.html',
  'cookie' => 'Hm_lvt_d7e112eaeea65921aeaadcc0af8f2853=1495546959,1496469174,1496549435; Hm_lvt_b5ae3f71dfe5f06a9dd4dc55087f27d1=1506310525; ECS[visit_times]=6; CNZZDATA726388=cnzz_eid%3D1468040495-1491468025-%26ntime%3D1492926025; CNZZDATA947842=cnzz_eid%3D900007543-1492349940-null%26ntime%3D1497774919; bdshare_firstime=1492352785249; CNZZDATA1260327944=345544524-1495008067-http%253A%252F%252F127.0.0.1%252F%7C1495008067; Hm_lvt_5f5a95758129ff157ca4d0d7afabff18=1506310694; Hm_lvt_d7d8202d7d086bdfdd5750a243f55a2d=1500562284; CNZZDATA1263567803=2135454377-1502874283-%7C1503755161; UM_distinctid=15f3915a7af4a6-0d6e0cf5fb53b6-43574130-1fa400-15f3915a7b05f5; CNZZDATA2076168=cnzz_eid%3D1798624893-1508489801-%26ntime%3D1508489801; PHPSESSID=hi39jvpoa0d8jsr6m1j5o2sds1',
  'connection' => 'keep-alive',
  'upgrade-insecure-requests' => '1',
  'cache-control' => 'max-age=0',
)
[ info ] [ PARAM ] array (
)
[ info ] [ RUN ] app\install\controller\Index->index[ F:\wamp\www\cms\application\install\controller\Index.php ]
[ info ] [ SESSION ] INIT array (
  'id' => '',
  'var_session_id' => '',
  'prefix' => 'think',
  'type' => '',
  'auto_start' => true,
)
[ info ] [ VIEW ] F:\wamp\www\cms\public/../application/install\view\index\index.html [ array (
) ]
[ info ] [ LOG ] INIT File

---------------------------------------------------------------
[ 2017-10-21T17:19:59+08:00 ] 127.0.0.1 127.0.0.1 GET /cms/public/index.php/install/index/index.html
[ log ] 127.0.0.1/cms/public/index.php/install/index/index.html [运行时间：0.047003s][吞吐率：21.28req/s] [内存消耗：3,129.85kb] [文件加载：47]
[ info ] [ LANG ] F:\wamp\www\cms\thinkphp\lang\zh-cn.php
[ info ] [ ROUTE ] array (
  'type' => 'module',
  'module' => 
  array (
    0 => 'install',
    1 => 'index',
    2 => 'index',
  ),
)
[ info ] [ HEADER ] array (
  'host' => '127.0.0.1',
  'user-agent' => 'Mozilla/5.0 (Windows NT 6.1; WOW64; rv:56.0) Gecko/20100101 Firefox/56.0',
  'accept' => 'text/html,application/xhtml+xml,application/xml;q=0.9,*/*;q=0.8',
  'accept-language' => 'zh-CN,zh;q=0.8,en-US;q=0.5,en;q=0.3',
  'accept-encoding' => 'gzip, deflate',
  'referer' => 'http://127.0.0.1/cms/public/index.php/install/index/step2.html',
  'cookie' => 'Hm_lvt_d7e112eaeea65921aeaadcc0af8f2853=1495546959,1496469174,1496549435; Hm_lvt_b5ae3f71dfe5f06a9dd4dc55087f27d1=1506310525; ECS[visit_times]=6; CNZZDATA726388=cnzz_eid%3D1468040495-1491468025-%26ntime%3D1492926025; CNZZDATA947842=cnzz_eid%3D900007543-1492349940-null%26ntime%3D1497774919; bdshare_firstime=1492352785249; CNZZDATA1260327944=345544524-1495008067-http%253A%252F%252F127.0.0.1%252F%7C1495008067; Hm_lvt_5f5a95758129ff157ca4d0d7afabff18=1506310694; Hm_lvt_d7d8202d7d086bdfdd5750a243f55a2d=1500562284; CNZZDATA1263567803=2135454377-1502874283-%7C1503755161; UM_distinctid=15f3915a7af4a6-0d6e0cf5fb53b6-43574130-1fa400-15f3915a7b05f5; CNZZDATA2076168=cnzz_eid%3D1798624893-1508489801-%26ntime%3D1508489801; PHPSESSID=hi39jvpoa0d8jsr6m1j5o2sds1',
  'connection' => 'keep-alive',
  'upgrade-insecure-requests' => '1',
  'cache-control' => 'max-age=0',
)
[ info ] [ PARAM ] array (
)
[ info ] [ RUN ] app\install\controller\Index->index[ F:\wamp\www\cms\application\install\controller\Index.php ]
[ info ] [ SESSION ] INIT array (
  'id' => '',
  'var_session_id' => '',
  'prefix' => 'think',
  'type' => '',
  'auto_start' => true,
)
[ info ] [ VIEW ] F:\wamp\www\cms\public/../application/install\view\index\index.html [ array (
) ]
[ info ] [ LOG ] INIT File

---------------------------------------------------------------
[ 2017-10-21T11:40:50+02:00 ] 127.0.0.1 127.0.0.1 GET /cms/public/index.php/install/index/index.html
[ log ] 127.0.0.1/cms/public/index.php/install/index/index.html [运行时间：0.076005s][吞吐率：13.16req/s] [内存消耗：2,377.66kb] [文件加载：33]
[ error ] [4]syntax error, unexpected ''app_namespace'' (T_CONSTANT_ENCAPSED_STRING), expecting ']'[F:\wamp\www\cms\application\config.php:19]
[ info ] [ LOG ] INIT File

---------------------------------------------------------------
[ 2017-10-21T17:41:01+08:00 ] 127.0.0.1 127.0.0.1 GET /cms/public/index.php/install/index/index.html
[ log ] 127.0.0.1/cms/public/index.php/install/index/index.html [运行时间：0.040002s][吞吐率：25.00req/s] [内存消耗：3,134.20kb] [文件加载：47]
[ info ] [ LANG ] F:\wamp\www\cms\thinkphp\lang\zh-cn.php
[ info ] [ ROUTE ] array (
  'type' => 'module',
  'module' => 
  array (
    0 => 'install',
    1 => 'index',
    2 => 'index',
  ),
)
[ info ] [ HEADER ] array (
  'host' => '127.0.0.1',
  'user-agent' => 'Mozilla/5.0 (Windows NT 6.1; WOW64; rv:56.0) Gecko/20100101 Firefox/56.0',
  'accept' => 'text/html,application/xhtml+xml,application/xml;q=0.9,*/*;q=0.8',
  'accept-language' => 'zh-CN,zh;q=0.8,en-US;q=0.5,en;q=0.3',
  'accept-encoding' => 'gzip, deflate',
  'referer' => 'http://127.0.0.1/cms/public/index.php/install/index/step2.html',
  'cookie' => 'Hm_lvt_d7e112eaeea65921aeaadcc0af8f2853=1495546959,1496469174,1496549435; Hm_lvt_b5ae3f71dfe5f06a9dd4dc55087f27d1=1506310525; ECS[visit_times]=6; CNZZDATA726388=cnzz_eid%3D1468040495-1491468025-%26ntime%3D1492926025; CNZZDATA947842=cnzz_eid%3D900007543-1492349940-null%26ntime%3D1497774919; bdshare_firstime=1492352785249; CNZZDATA1260327944=345544524-1495008067-http%253A%252F%252F127.0.0.1%252F%7C1495008067; Hm_lvt_5f5a95758129ff157ca4d0d7afabff18=1506310694; Hm_lvt_d7d8202d7d086bdfdd5750a243f55a2d=1500562284; CNZZDATA1263567803=2135454377-1502874283-%7C1503755161; UM_distinctid=15f3915a7af4a6-0d6e0cf5fb53b6-43574130-1fa400-15f3915a7b05f5; CNZZDATA2076168=cnzz_eid%3D1798624893-1508489801-%26ntime%3D1508489801; PHPSESSID=hi39jvpoa0d8jsr6m1j5o2sds1',
  'connection' => 'keep-alive',
  'upgrade-insecure-requests' => '1',
  'cache-control' => 'max-age=0',
)
[ info ] [ PARAM ] array (
)
[ info ] [ RUN ] app\install\controller\Index->index[ F:\wamp\www\cms\application\install\controller\Index.php ]
[ info ] [ SESSION ] INIT array (
  'id' => '',
  'var_session_id' => '',
  'prefix' => 'think',
  'type' => '',
  'auto_start' => true,
)
[ info ] [ VIEW ] F:\wamp\www\cms\public/../application/install\view\index\index.html [ array (
) ]
[ info ] [ LOG ] INIT File

---------------------------------------------------------------
[ 2017-10-21T17:41:02+08:00 ] 127.0.0.1 127.0.0.1 GET /cms/public/index.php/install/index/step1.html
[ log ] 127.0.0.1/cms/public/index.php/install/index/step1.html [运行时间：0.038002s][吞吐率：26.31req/s] [内存消耗：3,150.80kb] [文件加载：47]
[ info ] [ LANG ] F:\wamp\www\cms\thinkphp\lang\zh-cn.php
[ info ] [ ROUTE ] array (
  'type' => 'module',
  'module' => 
  array (
    0 => 'install',
    1 => 'index',
    2 => 'step1',
  ),
)
[ info ] [ HEADER ] array (
  'host' => '127.0.0.1',
  'user-agent' => 'Mozilla/5.0 (Windows NT 6.1; WOW64; rv:56.0) Gecko/20100101 Firefox/56.0',
  'accept' => 'text/html,application/xhtml+xml,application/xml;q=0.9,*/*;q=0.8',
  'accept-language' => 'zh-CN,zh;q=0.8,en-US;q=0.5,en;q=0.3',
  'accept-encoding' => 'gzip, deflate',
  'referer' => 'http://127.0.0.1/cms/public/index.php/install/index/index.html',
  'cookie' => 'Hm_lvt_d7e112eaeea65921aeaadcc0af8f2853=1495546959,1496469174,1496549435; Hm_lvt_b5ae3f71dfe5f06a9dd4dc55087f27d1=1506310525; ECS[visit_times]=6; CNZZDATA726388=cnzz_eid%3D1468040495-1491468025-%26ntime%3D1492926025; CNZZDATA947842=cnzz_eid%3D900007543-1492349940-null%26ntime%3D1497774919; bdshare_firstime=1492352785249; CNZZDATA1260327944=345544524-1495008067-http%253A%252F%252F127.0.0.1%252F%7C1495008067; Hm_lvt_5f5a95758129ff157ca4d0d7afabff18=1506310694; Hm_lvt_d7d8202d7d086bdfdd5750a243f55a2d=1500562284; CNZZDATA1263567803=2135454377-1502874283-%7C1503755161; UM_distinctid=15f3915a7af4a6-0d6e0cf5fb53b6-43574130-1fa400-15f3915a7b05f5; CNZZDATA2076168=cnzz_eid%3D1798624893-1508489801-%26ntime%3D1508489801; PHPSESSID=hi39jvpoa0d8jsr6m1j5o2sds1',
  'connection' => 'keep-alive',
  'upgrade-insecure-requests' => '1',
)
[ info ] [ PARAM ] array (
)
[ info ] [ RUN ] app\install\controller\Index->step1[ F:\wamp\www\cms\application\install\controller\Index.php ]
[ info ] [ SESSION ] INIT array (
  'id' => '',
  'var_session_id' => '',
  'prefix' => 'think',
  'type' => '',
  'auto_start' => true,
)
[ info ] [ VIEW ] F:\wamp\www\cms\public/../application/install\view\index\step1.html [ array (
  0 => 'envArr',
  1 => 'funArr',
  2 => 'dirfileArr',
) ]
[ info ] [ LOG ] INIT File

---------------------------------------------------------------
[ 2017-10-21T17:41:03+08:00 ] 127.0.0.1 127.0.0.1 GET /cms/public/index.php/install/index/step2.html
[ log ] 127.0.0.1/cms/public/index.php/install/index/step2.html [运行时间：0.036002s][吞吐率：27.78req/s] [内存消耗：3,134.27kb] [文件加载：47]
[ info ] [ LANG ] F:\wamp\www\cms\thinkphp\lang\zh-cn.php
[ info ] [ ROUTE ] array (
  'type' => 'module',
  'module' => 
  array (
    0 => 'install',
    1 => 'index',
    2 => 'step2',
  ),
)
[ info ] [ HEADER ] array (
  'host' => '127.0.0.1',
  'user-agent' => 'Mozilla/5.0 (Windows NT 6.1; WOW64; rv:56.0) Gecko/20100101 Firefox/56.0',
  'accept' => 'text/html,application/xhtml+xml,application/xml;q=0.9,*/*;q=0.8',
  'accept-language' => 'zh-CN,zh;q=0.8,en-US;q=0.5,en;q=0.3',
  'accept-encoding' => 'gzip, deflate',
  'referer' => 'http://127.0.0.1/cms/public/index.php/install/index/step1.html',
  'cookie' => 'Hm_lvt_d7e112eaeea65921aeaadcc0af8f2853=1495546959,1496469174,1496549435; Hm_lvt_b5ae3f71dfe5f06a9dd4dc55087f27d1=1506310525; ECS[visit_times]=6; CNZZDATA726388=cnzz_eid%3D1468040495-1491468025-%26ntime%3D1492926025; CNZZDATA947842=cnzz_eid%3D900007543-1492349940-null%26ntime%3D1497774919; bdshare_firstime=1492352785249; CNZZDATA1260327944=345544524-1495008067-http%253A%252F%252F127.0.0.1%252F%7C1495008067; Hm_lvt_5f5a95758129ff157ca4d0d7afabff18=1506310694; Hm_lvt_d7d8202d7d086bdfdd5750a243f55a2d=1500562284; CNZZDATA1263567803=2135454377-1502874283-%7C1503755161; UM_distinctid=15f3915a7af4a6-0d6e0cf5fb53b6-43574130-1fa400-15f3915a7b05f5; CNZZDATA2076168=cnzz_eid%3D1798624893-1508489801-%26ntime%3D1508489801; PHPSESSID=hi39jvpoa0d8jsr6m1j5o2sds1',
  'connection' => 'keep-alive',
  'upgrade-insecure-requests' => '1',
)
[ info ] [ PARAM ] array (
)
[ info ] [ RUN ] app\install\controller\Index->step2[ F:\wamp\www\cms\application\install\controller\Index.php ]
[ info ] [ SESSION ] INIT array (
  'id' => '',
  'var_session_id' => '',
  'prefix' => 'think',
  'type' => '',
  'auto_start' => true,
)
[ info ] [ VIEW ] F:\wamp\www\cms\public/../application/install\view\index\step2.html [ array (
) ]
[ info ] [ LOG ] INIT File

---------------------------------------------------------------
[ 2017-10-21T17:41:23+08:00 ] 127.0.0.1 127.0.0.1 POST /cms/public/index.php/install/index/step2.html
[ log ] 127.0.0.1/cms/public/index.php/install/index/step2.html [运行时间：0.061003s][吞吐率：16.39req/s] [内存消耗：3,429.31kb] [文件加载：50]
[ info ] [ LANG ] F:\wamp\www\cms\thinkphp\lang\zh-cn.php
[ info ] [ ROUTE ] array (
  'type' => 'module',
  'module' => 
  array (
    0 => 'install',
    1 => 'index',
    2 => 'step2',
  ),
)
[ info ] [ HEADER ] array (
  'host' => '127.0.0.1',
  'user-agent' => 'Mozilla/5.0 (Windows NT 6.1; WOW64; rv:56.0) Gecko/20100101 Firefox/56.0',
  'accept' => 'text/html,application/xhtml+xml,application/xml;q=0.9,*/*;q=0.8',
  'accept-language' => 'zh-CN,zh;q=0.8,en-US;q=0.5,en;q=0.3',
  'accept-encoding' => 'gzip, deflate',
  'content-type' => 'application/x-www-form-urlencoded',
  'content-length' => '322',
  'referer' => 'http://127.0.0.1/cms/public/index.php/install/index/step2.html',
  'cookie' => 'Hm_lvt_d7e112eaeea65921aeaadcc0af8f2853=1495546959,1496469174,1496549435; Hm_lvt_b5ae3f71dfe5f06a9dd4dc55087f27d1=1506310525; ECS[visit_times]=6; CNZZDATA726388=cnzz_eid%3D1468040495-1491468025-%26ntime%3D1492926025; CNZZDATA947842=cnzz_eid%3D900007543-1492349940-null%26ntime%3D1497774919; bdshare_firstime=1492352785249; CNZZDATA1260327944=345544524-1495008067-http%253A%252F%252F127.0.0.1%252F%7C1495008067; Hm_lvt_5f5a95758129ff157ca4d0d7afabff18=1506310694; Hm_lvt_d7d8202d7d086bdfdd5750a243f55a2d=1500562284; CNZZDATA1263567803=2135454377-1502874283-%7C1503755161; UM_distinctid=15f3915a7af4a6-0d6e0cf5fb53b6-43574130-1fa400-15f3915a7b05f5; CNZZDATA2076168=cnzz_eid%3D1798624893-1508489801-%26ntime%3D1508489801; PHPSESSID=hi39jvpoa0d8jsr6m1j5o2sds1',
  'connection' => 'keep-alive',
  'upgrade-insecure-requests' => '1',
)
[ info ] [ PARAM ] array (
  'submitform' => 'submit',
  'install_recover' => '',
  'db' => 
  array (
    'type' => 'mysql',
    'hostname' => 'localhost',
    'database' => 'db666',
    'username' => 'root',
    'password' => 'root',
    'prefix' => 'pt_',
    'hostport' => '3306',
  ),
  'admin' => 
  array (
    'site_name' => '我的网站',
    'admin' => 'admin',
    'password' => 'admin',
    'rpassword' => 'admin',
  ),
)
[ info ] [ RUN ] app\install\controller\Index->step2[ F:\wamp\www\cms\application\install\controller\Index.php ]
[ info ] [ SESSION ] INIT array (
  'id' => '',
  'var_session_id' => '',
  'prefix' => 'think',
  'type' => '',
  'auto_start' => true,
)
[ info ] [ DB ] INIT mysql
[ info ] [ VIEW ] F:\wamp\www\cms\thinkphp\tpl\dispatch_jump.tpl [ array (
  0 => 'code',
  1 => 'msg',
  2 => 'data',
  3 => 'url',
  4 => 'wait',
) ]
[ info ] [ LOG ] INIT File

---------------------------------------------------------------
[ 2017-10-21T17:41:26+08:00 ] 127.0.0.1 127.0.0.1 GET /cms/public/index.php/install/index/step3/access/success.html
[ log ] 127.0.0.1/cms/public/index.php/install/index/step3/access/success.html [运行时间：0.168009s][吞吐率：5.95req/s] [内存消耗：3,308.27kb] [文件加载：48]
[ info ] [ LANG ] F:\wamp\www\cms\thinkphp\lang\zh-cn.php
[ info ] [ ROUTE ] array (
  'type' => 'module',
  'module' => 
  array (
    0 => 'install',
    1 => 'index',
    2 => 'step3',
  ),
)
[ info ] [ HEADER ] array (
  'host' => '127.0.0.1',
  'user-agent' => 'Mozilla/5.0 (Windows NT 6.1; WOW64; rv:56.0) Gecko/20100101 Firefox/56.0',
  'accept' => 'text/html,application/xhtml+xml,application/xml;q=0.9,*/*;q=0.8',
  'accept-language' => 'zh-CN,zh;q=0.8,en-US;q=0.5,en;q=0.3',
  'accept-encoding' => 'gzip, deflate',
  'referer' => 'http://127.0.0.1/cms/public/index.php/install/index/step2.html',
  'cookie' => 'Hm_lvt_d7e112eaeea65921aeaadcc0af8f2853=1495546959,1496469174,1496549435; Hm_lvt_b5ae3f71dfe5f06a9dd4dc55087f27d1=1506310525; ECS[visit_times]=6; CNZZDATA726388=cnzz_eid%3D1468040495-1491468025-%26ntime%3D1492926025; CNZZDATA947842=cnzz_eid%3D900007543-1492349940-null%26ntime%3D1497774919; bdshare_firstime=1492352785249; CNZZDATA1260327944=345544524-1495008067-http%253A%252F%252F127.0.0.1%252F%7C1495008067; Hm_lvt_5f5a95758129ff157ca4d0d7afabff18=1506310694; Hm_lvt_d7d8202d7d086bdfdd5750a243f55a2d=1500562284; CNZZDATA1263567803=2135454377-1502874283-%7C1503755161; UM_distinctid=15f3915a7af4a6-0d6e0cf5fb53b6-43574130-1fa400-15f3915a7b05f5; CNZZDATA2076168=cnzz_eid%3D1798624893-1508489801-%26ntime%3D1508489801; PHPSESSID=hi39jvpoa0d8jsr6m1j5o2sds1',
  'connection' => 'keep-alive',
  'upgrade-insecure-requests' => '1',
)
[ info ] [ PARAM ] array (
  'access' => 'success',
)
[ info ] [ RUN ] app\install\controller\Index->step3[ F:\wamp\www\cms\application\install\controller\Index.php ]
[ info ] [ SESSION ] INIT array (
  'id' => '',
  'var_session_id' => '',
  'prefix' => 'think',
  'type' => '',
  'auto_start' => true,
)
[ info ] [ VIEW ] F:\wamp\www\cms\public/../application/install\view\index\step3.html [ array (
) ]
[ info ] [ DB ] INIT mysql
[ info ] [ LOG ] INIT File

---------------------------------------------------------------
